[2024-04-27T06:52:54.020+0000] {local_task_job_runner.py:120} INFO - ::group::Pre task execution logs
[2024-04-27T06:52:54.223+0000] {taskinstance.py:2073} INFO - Dependencies all met for dep_context=non-requeueable deps ti=<TaskInstance: etl.upload_file_sellers scheduled__2024-04-26T00:00:00+00:00 [queued]>
[2024-04-27T06:52:54.237+0000] {taskinstance.py:2073} INFO - Dependencies all met for dep_context=requeueable deps ti=<TaskInstance: etl.upload_file_sellers scheduled__2024-04-26T00:00:00+00:00 [queued]>
[2024-04-27T06:52:54.261+0000] {taskinstance.py:2303} INFO - Starting attempt 2 of 2
[2024-04-27T06:52:54.347+0000] {taskinstance.py:2327} INFO - Executing <Task(LocalFilesystemToGCSOperator): upload_file_sellers> on 2024-04-26 00:00:00+00:00
[2024-04-27T06:52:54.580+0000] {standard_task_runner.py:90} INFO - Running: ['***', 'tasks', 'run', 'etl', 'upload_file_sellers', 'scheduled__2024-04-26T00:00:00+00:00', '--job-id', '405', '--raw', '--subdir', 'DAGS_FOLDER/etl.py', '--cfg-path', '/tmp/tmpn_pwrh2u']
[2024-04-27T06:52:54.612+0000] {standard_task_runner.py:91} INFO - Job 405: Subtask upload_file_sellers
[2024-04-27T06:52:54.702+0000] {logging_mixin.py:188} WARNING - /home/***/.local/lib/python3.12/site-packages/***/task/task_runner/standard_task_runner.py:61 DeprecationWarning: This process (pid=9950) is multi-threaded, use of fork() may lead to deadlocks in the child.
[2024-04-27T06:52:54.718+0000] {standard_task_runner.py:63} INFO - Started process 10085 to run task
[2024-04-27T06:52:55.105+0000] {task_command.py:426} INFO - Running <TaskInstance: etl.upload_file_sellers scheduled__2024-04-26T00:00:00+00:00 [running]> on host b619dce40a27
[2024-04-27T06:52:56.233+0000] {taskinstance.py:2644} INFO - Exporting env vars: AIRFLOW_CTX_DAG_OWNER='***' AIRFLOW_CTX_DAG_ID='etl' AIRFLOW_CTX_TASK_ID='upload_file_sellers' AIRFLOW_CTX_EXECUTION_DATE='2024-04-26T00:00:00+00:00' AIRFLOW_CTX_TRY_NUMBER='2' AIRFLOW_CTX_DAG_RUN_ID='scheduled__2024-04-26T00:00:00+00:00'
[2024-04-27T06:52:56.247+0000] {taskinstance.py:430} INFO - ::endgroup::
[2024-04-27T06:52:56.286+0000] {connection.py:274} WARNING - Connection schemes (type: google_cloud_platform) shall not contain '_' according to RFC3986.
[2024-04-27T06:52:56.310+0000] {base.py:84} INFO - Using connection ID 'my_gcp_conn' for task execution.
[2024-04-27T06:52:58.527+0000] {gcs.py:557} INFO - File /opt/***/dags/data/olist_sellers_dataset.csv uploaded to olist_sellers_dataset.csv in swu-ds-525-112233 bucket
[2024-04-27T06:52:58.528+0000] {taskinstance.py:441} INFO - ::group::Post task execution logs
[2024-04-27T06:52:58.711+0000] {taskinstance.py:1205} INFO - Marking task as SUCCESS. dag_id=etl, task_id=upload_file_sellers, execution_date=20240426T000000, start_date=20240427T065254, end_date=20240427T065258
[2024-04-27T06:52:59.398+0000] {local_task_job_runner.py:240} INFO - Task exited with return code 0
[2024-04-27T06:52:59.978+0000] {taskinstance.py:3482} INFO - 0 downstream tasks scheduled from follow-on schedule check
[2024-04-27T06:53:00.005+0000] {local_task_job_runner.py:222} INFO - ::endgroup::
