[2024-04-27T06:53:21.909+0000] {local_task_job_runner.py:120} INFO - ::group::Pre task execution logs
[2024-04-27T06:53:22.219+0000] {taskinstance.py:2073} INFO - Dependencies all met for dep_context=non-requeueable deps ti=<TaskInstance: etl.gcs_to_bq_geolocation scheduled__2024-04-26T00:00:00+00:00 [queued]>
[2024-04-27T06:53:22.402+0000] {taskinstance.py:2073} INFO - Dependencies all met for dep_context=requeueable deps ti=<TaskInstance: etl.gcs_to_bq_geolocation scheduled__2024-04-26T00:00:00+00:00 [queued]>
[2024-04-27T06:53:22.444+0000] {taskinstance.py:2303} INFO - Starting attempt 2 of 2
[2024-04-27T06:53:22.609+0000] {taskinstance.py:2327} INFO - Executing <Task(GCSToBigQueryOperator): gcs_to_bq_geolocation> on 2024-04-26 00:00:00+00:00
[2024-04-27T06:53:22.882+0000] {standard_task_runner.py:90} INFO - Running: ['***', 'tasks', 'run', 'etl', 'gcs_to_bq_geolocation', 'scheduled__2024-04-26T00:00:00+00:00', '--job-id', '419', '--raw', '--subdir', 'DAGS_FOLDER/etl.py', '--cfg-path', '/tmp/tmpc5rjwo1l']
[2024-04-27T06:53:22.889+0000] {logging_mixin.py:188} WARNING - /home/***/.local/lib/python3.12/site-packages/***/task/task_runner/standard_task_runner.py:61 DeprecationWarning: This process (pid=10232) is multi-threaded, use of fork() may lead to deadlocks in the child.
[2024-04-27T06:53:22.890+0000] {standard_task_runner.py:63} INFO - Started process 10357 to run task
[2024-04-27T06:53:22.884+0000] {standard_task_runner.py:91} INFO - Job 419: Subtask gcs_to_bq_geolocation
[2024-04-27T06:53:23.467+0000] {task_command.py:426} INFO - Running <TaskInstance: etl.gcs_to_bq_geolocation scheduled__2024-04-26T00:00:00+00:00 [running]> on host b619dce40a27
[2024-04-27T06:53:25.536+0000] {taskinstance.py:2644} INFO - Exporting env vars: AIRFLOW_CTX_DAG_OWNER='***' AIRFLOW_CTX_DAG_ID='etl' AIRFLOW_CTX_TASK_ID='gcs_to_bq_geolocation' AIRFLOW_CTX_EXECUTION_DATE='2024-04-26T00:00:00+00:00' AIRFLOW_CTX_TRY_NUMBER='2' AIRFLOW_CTX_DAG_RUN_ID='scheduled__2024-04-26T00:00:00+00:00'
[2024-04-27T06:53:25.538+0000] {taskinstance.py:430} INFO - ::endgroup::
[2024-04-27T06:53:25.656+0000] {connection.py:274} WARNING - Connection schemes (type: google_cloud_platform) shall not contain '_' according to RFC3986.
[2024-04-27T06:53:25.667+0000] {base.py:84} INFO - Using connection ID 'my_gcp_conn' for task execution.
[2024-04-27T06:53:25.685+0000] {gcs_to_bigquery.py:379} INFO - Using existing BigQuery table for storing data...
[2024-04-27T06:53:26.846+0000] {bigquery.py:2328} INFO - Project is not included in destination_project_dataset_table: order.olist_geolocation_dataset; using project "dataengineer-415510"
[2024-04-27T06:53:26.889+0000] {gcs_to_bigquery.py:383} INFO - Executing: {'load': {'autodetect': True, 'createDisposition': 'CREATE_IF_NEEDED', 'destinationTable': {'projectId': 'dataengineer-415510', 'datasetId': 'order', 'tableId': 'olist_geolocation_dataset'}, 'sourceFormat': 'CSV', 'sourceUris': ['gs://swu-ds-525-112233/olist_geolocation_dataset.csv'], 'writeDisposition': 'WRITE_TRUNCATE', 'ignoreUnknownValues': False, 'skipLeadingRows': None, 'fieldDelimiter': ',', 'quote': None, 'allowQuotedNewlines': False, 'encoding': 'UTF-8'}}
[2024-04-27T06:53:26.891+0000] {bigquery.py:1613} INFO - Inserting job ***_etl_gcs_to_bq_geolocation_2024_04_26T00_00_00_00_00_50e955eeab69427bc43d97b759271456
[2024-04-27T06:53:54.797+0000] {taskinstance.py:441} INFO - ::group::Post task execution logs
[2024-04-27T06:53:54.805+0000] {taskinstance.py:1205} INFO - Marking task as SUCCESS. dag_id=etl, task_id=gcs_to_bq_geolocation, execution_date=20240426T000000, start_date=20240427T065322, end_date=20240427T065354
[2024-04-27T06:53:54.834+0000] {local_task_job_runner.py:240} INFO - Task exited with return code 0
[2024-04-27T06:53:54.846+0000] {taskinstance.py:3482} INFO - 0 downstream tasks scheduled from follow-on schedule check
[2024-04-27T06:53:54.852+0000] {local_task_job_runner.py:222} INFO - ::endgroup::
