[2024-04-27T06:35:10.377+0000] {local_task_job_runner.py:120} INFO - ::group::Pre task execution logs
[2024-04-27T06:35:10.528+0000] {taskinstance.py:2073} INFO - Dependencies all met for dep_context=non-requeueable deps ti=<TaskInstance: etl.gcs_to_bq_sellers scheduled__2024-04-26T00:00:00+00:00 [queued]>
[2024-04-27T06:35:10.696+0000] {taskinstance.py:2073} INFO - Dependencies all met for dep_context=requeueable deps ti=<TaskInstance: etl.gcs_to_bq_sellers scheduled__2024-04-26T00:00:00+00:00 [queued]>
[2024-04-27T06:35:10.697+0000] {taskinstance.py:2303} INFO - Starting attempt 1 of 1
[2024-04-27T06:35:10.811+0000] {taskinstance.py:2327} INFO - Executing <Task(GCSToBigQueryOperator): gcs_to_bq_sellers> on 2024-04-26 00:00:00+00:00
[2024-04-27T06:35:10.889+0000] {standard_task_runner.py:90} INFO - Running: ['***', 'tasks', 'run', 'etl', 'gcs_to_bq_sellers', 'scheduled__2024-04-26T00:00:00+00:00', '--job-id', '400', '--raw', '--subdir', 'DAGS_FOLDER/etl.py', '--cfg-path', '/tmp/tmpysk_kp4g']
[2024-04-27T06:35:10.940+0000] {standard_task_runner.py:91} INFO - Job 400: Subtask gcs_to_bq_sellers
[2024-04-27T06:35:10.934+0000] {logging_mixin.py:188} WARNING - /home/***/.local/lib/python3.12/site-packages/***/task/task_runner/standard_task_runner.py:61 DeprecationWarning: This process (pid=547) is multi-threaded, use of fork() may lead to deadlocks in the child.
[2024-04-27T06:35:10.978+0000] {standard_task_runner.py:63} INFO - Started process 679 to run task
[2024-04-27T06:35:11.229+0000] {task_command.py:426} INFO - Running <TaskInstance: etl.gcs_to_bq_sellers scheduled__2024-04-26T00:00:00+00:00 [running]> on host b619dce40a27
[2024-04-27T06:35:11.891+0000] {taskinstance.py:2644} INFO - Exporting env vars: AIRFLOW_CTX_DAG_OWNER='***' AIRFLOW_CTX_DAG_ID='etl' AIRFLOW_CTX_TASK_ID='gcs_to_bq_sellers' AIRFLOW_CTX_EXECUTION_DATE='2024-04-26T00:00:00+00:00' AIRFLOW_CTX_TRY_NUMBER='1' AIRFLOW_CTX_DAG_RUN_ID='scheduled__2024-04-26T00:00:00+00:00'
[2024-04-27T06:35:11.900+0000] {taskinstance.py:430} INFO - ::endgroup::
[2024-04-27T06:35:11.946+0000] {connection.py:274} WARNING - Connection schemes (type: google_cloud_platform) shall not contain '_' according to RFC3986.
[2024-04-27T06:35:11.971+0000] {base.py:84} INFO - Using connection ID 'my_gcp_conn' for task execution.
[2024-04-27T06:35:11.972+0000] {gcs_to_bigquery.py:379} INFO - Using existing BigQuery table for storing data...
[2024-04-27T06:35:12.349+0000] {bigquery.py:2328} INFO - Project is not included in destination_project_dataset_table: order.olist_sellers_dataset; using project "dataengineer-415510"
[2024-04-27T06:35:12.356+0000] {gcs_to_bigquery.py:383} INFO - Executing: {'load': {'autodetect': True, 'createDisposition': 'CREATE_IF_NEEDED', 'destinationTable': {'projectId': 'dataengineer-415510', 'datasetId': 'order', 'tableId': 'olist_sellers_dataset'}, 'sourceFormat': 'CSV', 'sourceUris': ['gs://swu-ds-525-112233/olist_sellers_dataset.csv'], 'writeDisposition': 'WRITE_TRUNCATE', 'ignoreUnknownValues': False, 'skipLeadingRows': None, 'fieldDelimiter': ',', 'quote': None, 'allowQuotedNewlines': False, 'encoding': 'UTF-8'}}
[2024-04-27T06:35:12.359+0000] {bigquery.py:1613} INFO - Inserting job ***_etl_gcs_to_bq_sellers_2024_04_26T00_00_00_00_00_69a7307f50a7d401ff6e923bde4c418f
[2024-04-27T06:35:25.261+0000] {taskinstance.py:441} INFO - ::group::Post task execution logs
[2024-04-27T06:35:25.270+0000] {taskinstance.py:1205} INFO - Marking task as SUCCESS. dag_id=etl, task_id=gcs_to_bq_sellers, execution_date=20240426T000000, start_date=20240427T063510, end_date=20240427T063525
[2024-04-27T06:35:25.321+0000] {local_task_job_runner.py:240} INFO - Task exited with return code 0
[2024-04-27T06:35:25.342+0000] {taskinstance.py:3482} INFO - 0 downstream tasks scheduled from follow-on schedule check
[2024-04-27T06:35:25.351+0000] {local_task_job_runner.py:222} INFO - ::endgroup::
