[2024-04-27T06:52:52.642+0000] {local_task_job_runner.py:120} INFO - ::group::Pre task execution logs
[2024-04-27T06:52:52.727+0000] {taskinstance.py:2073} INFO - Dependencies all met for dep_context=non-requeueable deps ti=<TaskInstance: etl.upload_file_reviews scheduled__2024-04-26T00:00:00+00:00 [queued]>
[2024-04-27T06:52:52.740+0000] {taskinstance.py:2073} INFO - Dependencies all met for dep_context=requeueable deps ti=<TaskInstance: etl.upload_file_reviews scheduled__2024-04-26T00:00:00+00:00 [queued]>
[2024-04-27T06:52:52.741+0000] {taskinstance.py:2303} INFO - Starting attempt 2 of 2
[2024-04-27T06:52:52.801+0000] {taskinstance.py:2327} INFO - Executing <Task(LocalFilesystemToGCSOperator): upload_file_reviews> on 2024-04-26 00:00:00+00:00
[2024-04-27T06:52:52.956+0000] {standard_task_runner.py:90} INFO - Running: ['***', 'tasks', 'run', 'etl', 'upload_file_reviews', 'scheduled__2024-04-26T00:00:00+00:00', '--job-id', '403', '--raw', '--subdir', 'DAGS_FOLDER/etl.py', '--cfg-path', '/tmp/tmphbxpb18p']
[2024-04-27T06:52:52.967+0000] {standard_task_runner.py:91} INFO - Job 403: Subtask upload_file_reviews
[2024-04-27T06:52:53.045+0000] {logging_mixin.py:188} WARNING - /home/***/.local/lib/python3.12/site-packages/***/task/task_runner/standard_task_runner.py:61 DeprecationWarning: This process (pid=9948) is multi-threaded, use of fork() may lead to deadlocks in the child.
[2024-04-27T06:52:53.077+0000] {standard_task_runner.py:63} INFO - Started process 10076 to run task
[2024-04-27T06:52:53.282+0000] {task_command.py:426} INFO - Running <TaskInstance: etl.upload_file_reviews scheduled__2024-04-26T00:00:00+00:00 [running]> on host b619dce40a27
[2024-04-27T06:52:54.851+0000] {taskinstance.py:2644} INFO - Exporting env vars: AIRFLOW_CTX_DAG_OWNER='***' AIRFLOW_CTX_DAG_ID='etl' AIRFLOW_CTX_TASK_ID='upload_file_reviews' AIRFLOW_CTX_EXECUTION_DATE='2024-04-26T00:00:00+00:00' AIRFLOW_CTX_TRY_NUMBER='2' AIRFLOW_CTX_DAG_RUN_ID='scheduled__2024-04-26T00:00:00+00:00'
[2024-04-27T06:52:54.869+0000] {taskinstance.py:430} INFO - ::endgroup::
[2024-04-27T06:52:54.962+0000] {connection.py:274} WARNING - Connection schemes (type: google_cloud_platform) shall not contain '_' according to RFC3986.
[2024-04-27T06:52:55.032+0000] {base.py:84} INFO - Using connection ID 'my_gcp_conn' for task execution.
[2024-04-27T06:52:57.673+0000] {gcs.py:557} INFO - File /opt/***/dags/data/olist_order_reviews_dataset.csv uploaded to olist_order_reviews_dataset.csv in swu-ds-525-112233 bucket
[2024-04-27T06:52:57.674+0000] {taskinstance.py:441} INFO - ::group::Post task execution logs
[2024-04-27T06:52:57.743+0000] {taskinstance.py:1205} INFO - Marking task as SUCCESS. dag_id=etl, task_id=upload_file_reviews, execution_date=20240426T000000, start_date=20240427T065252, end_date=20240427T065257
[2024-04-27T06:52:58.350+0000] {local_task_job_runner.py:240} INFO - Task exited with return code 0
[2024-04-27T06:52:58.415+0000] {taskinstance.py:3482} INFO - 0 downstream tasks scheduled from follow-on schedule check
[2024-04-27T06:52:58.425+0000] {local_task_job_runner.py:222} INFO - ::endgroup::
