[2024-04-28T13:55:40.668+0000] {processor.py:161} INFO - Started process (PID=168) to work on /opt/airflow/dags/bq_dbt.py
[2024-04-28T13:55:40.684+0000] {processor.py:830} INFO - Processing file /opt/airflow/dags/bq_dbt.py for tasks to queue
[2024-04-28T13:55:40.689+0000] {logging_mixin.py:188} INFO - [2024-04-28T13:55:40.688+0000] {dagbag.py:540} INFO - Filling up the DagBag from /opt/airflow/dags/bq_dbt.py
[2024-04-28T13:55:40.702+0000] {processor.py:842} WARNING - No viable dags retrieved from /opt/airflow/dags/bq_dbt.py
[2024-04-28T13:55:40.775+0000] {processor.py:183} INFO - Processing /opt/airflow/dags/bq_dbt.py took 0.159 seconds
[2024-04-28T13:56:12.352+0000] {processor.py:161} INFO - Started process (PID=470) to work on /opt/airflow/dags/bq_dbt.py
[2024-04-28T13:56:12.355+0000] {processor.py:830} INFO - Processing file /opt/airflow/dags/bq_dbt.py for tasks to queue
[2024-04-28T13:56:12.360+0000] {logging_mixin.py:188} INFO - [2024-04-28T13:56:12.359+0000] {dagbag.py:540} INFO - Filling up the DagBag from /opt/airflow/dags/bq_dbt.py
[2024-04-28T13:56:12.364+0000] {processor.py:842} WARNING - No viable dags retrieved from /opt/airflow/dags/bq_dbt.py
[2024-04-28T13:56:12.390+0000] {processor.py:183} INFO - Processing /opt/airflow/dags/bq_dbt.py took 0.045 seconds
[2024-04-28T13:56:42.739+0000] {processor.py:161} INFO - Started process (PID=772) to work on /opt/airflow/dags/bq_dbt.py
[2024-04-28T13:56:42.740+0000] {processor.py:830} INFO - Processing file /opt/airflow/dags/bq_dbt.py for tasks to queue
[2024-04-28T13:56:42.743+0000] {logging_mixin.py:188} INFO - [2024-04-28T13:56:42.742+0000] {dagbag.py:540} INFO - Filling up the DagBag from /opt/airflow/dags/bq_dbt.py
[2024-04-28T13:56:42.745+0000] {processor.py:842} WARNING - No viable dags retrieved from /opt/airflow/dags/bq_dbt.py
[2024-04-28T13:56:42.760+0000] {processor.py:183} INFO - Processing /opt/airflow/dags/bq_dbt.py took 0.027 seconds
[2024-04-28T13:57:12.919+0000] {processor.py:161} INFO - Started process (PID=1014) to work on /opt/airflow/dags/bq_dbt.py
[2024-04-28T13:57:12.920+0000] {processor.py:830} INFO - Processing file /opt/airflow/dags/bq_dbt.py for tasks to queue
[2024-04-28T13:57:12.923+0000] {logging_mixin.py:188} INFO - [2024-04-28T13:57:12.922+0000] {dagbag.py:540} INFO - Filling up the DagBag from /opt/airflow/dags/bq_dbt.py
[2024-04-28T13:57:12.929+0000] {processor.py:842} WARNING - No viable dags retrieved from /opt/airflow/dags/bq_dbt.py
[2024-04-28T13:57:12.955+0000] {processor.py:183} INFO - Processing /opt/airflow/dags/bq_dbt.py took 0.047 seconds
[2024-04-28T13:57:43.889+0000] {processor.py:161} INFO - Started process (PID=1287) to work on /opt/airflow/dags/bq_dbt.py
[2024-04-28T13:57:43.890+0000] {processor.py:830} INFO - Processing file /opt/airflow/dags/bq_dbt.py for tasks to queue
[2024-04-28T13:57:43.892+0000] {logging_mixin.py:188} INFO - [2024-04-28T13:57:43.892+0000] {dagbag.py:540} INFO - Filling up the DagBag from /opt/airflow/dags/bq_dbt.py
[2024-04-28T13:57:43.894+0000] {processor.py:842} WARNING - No viable dags retrieved from /opt/airflow/dags/bq_dbt.py
[2024-04-28T13:57:43.907+0000] {processor.py:183} INFO - Processing /opt/airflow/dags/bq_dbt.py took 0.024 seconds
[2024-04-28T13:58:14.677+0000] {processor.py:161} INFO - Started process (PID=1559) to work on /opt/airflow/dags/bq_dbt.py
[2024-04-28T13:58:14.690+0000] {processor.py:830} INFO - Processing file /opt/airflow/dags/bq_dbt.py for tasks to queue
[2024-04-28T13:58:14.703+0000] {logging_mixin.py:188} INFO - [2024-04-28T13:58:14.702+0000] {dagbag.py:540} INFO - Filling up the DagBag from /opt/airflow/dags/bq_dbt.py
[2024-04-28T13:58:14.722+0000] {processor.py:842} WARNING - No viable dags retrieved from /opt/airflow/dags/bq_dbt.py
[2024-04-28T13:58:14.779+0000] {processor.py:183} INFO - Processing /opt/airflow/dags/bq_dbt.py took 0.129 seconds
[2024-04-28T13:58:45.665+0000] {processor.py:161} INFO - Started process (PID=1815) to work on /opt/airflow/dags/bq_dbt.py
[2024-04-28T13:58:45.672+0000] {processor.py:830} INFO - Processing file /opt/airflow/dags/bq_dbt.py for tasks to queue
[2024-04-28T13:58:45.682+0000] {logging_mixin.py:188} INFO - [2024-04-28T13:58:45.674+0000] {dagbag.py:540} INFO - Filling up the DagBag from /opt/airflow/dags/bq_dbt.py
[2024-04-28T13:58:45.685+0000] {processor.py:842} WARNING - No viable dags retrieved from /opt/airflow/dags/bq_dbt.py
[2024-04-28T13:58:45.739+0000] {processor.py:183} INFO - Processing /opt/airflow/dags/bq_dbt.py took 0.092 seconds
[2024-04-28T13:59:16.534+0000] {processor.py:161} INFO - Started process (PID=2081) to work on /opt/airflow/dags/bq_dbt.py
[2024-04-28T13:59:16.538+0000] {processor.py:830} INFO - Processing file /opt/airflow/dags/bq_dbt.py for tasks to queue
[2024-04-28T13:59:16.540+0000] {logging_mixin.py:188} INFO - [2024-04-28T13:59:16.540+0000] {dagbag.py:540} INFO - Filling up the DagBag from /opt/airflow/dags/bq_dbt.py
[2024-04-28T13:59:16.542+0000] {processor.py:842} WARNING - No viable dags retrieved from /opt/airflow/dags/bq_dbt.py
[2024-04-28T13:59:16.555+0000] {processor.py:183} INFO - Processing /opt/airflow/dags/bq_dbt.py took 0.031 seconds
[2024-04-28T13:59:46.986+0000] {processor.py:161} INFO - Started process (PID=2353) to work on /opt/airflow/dags/bq_dbt.py
[2024-04-28T13:59:46.987+0000] {processor.py:830} INFO - Processing file /opt/airflow/dags/bq_dbt.py for tasks to queue
[2024-04-28T13:59:46.989+0000] {logging_mixin.py:188} INFO - [2024-04-28T13:59:46.989+0000] {dagbag.py:540} INFO - Filling up the DagBag from /opt/airflow/dags/bq_dbt.py
[2024-04-28T13:59:46.991+0000] {processor.py:842} WARNING - No viable dags retrieved from /opt/airflow/dags/bq_dbt.py
[2024-04-28T13:59:47.004+0000] {processor.py:183} INFO - Processing /opt/airflow/dags/bq_dbt.py took 0.023 seconds
[2024-04-28T14:00:17.666+0000] {processor.py:161} INFO - Started process (PID=2625) to work on /opt/airflow/dags/bq_dbt.py
[2024-04-28T14:00:17.667+0000] {processor.py:830} INFO - Processing file /opt/airflow/dags/bq_dbt.py for tasks to queue
[2024-04-28T14:00:17.668+0000] {logging_mixin.py:188} INFO - [2024-04-28T14:00:17.668+0000] {dagbag.py:540} INFO - Filling up the DagBag from /opt/airflow/dags/bq_dbt.py
[2024-04-28T14:00:17.670+0000] {processor.py:842} WARNING - No viable dags retrieved from /opt/airflow/dags/bq_dbt.py
[2024-04-28T14:00:17.685+0000] {processor.py:183} INFO - Processing /opt/airflow/dags/bq_dbt.py took 0.025 seconds
[2024-04-28T14:00:47.830+0000] {processor.py:161} INFO - Started process (PID=2896) to work on /opt/airflow/dags/bq_dbt.py
[2024-04-28T14:00:47.831+0000] {processor.py:830} INFO - Processing file /opt/airflow/dags/bq_dbt.py for tasks to queue
[2024-04-28T14:00:47.835+0000] {logging_mixin.py:188} INFO - [2024-04-28T14:00:47.834+0000] {dagbag.py:540} INFO - Filling up the DagBag from /opt/airflow/dags/bq_dbt.py
[2024-04-28T14:00:47.840+0000] {processor.py:842} WARNING - No viable dags retrieved from /opt/airflow/dags/bq_dbt.py
[2024-04-28T14:00:47.872+0000] {processor.py:183} INFO - Processing /opt/airflow/dags/bq_dbt.py took 0.048 seconds
[2024-04-28T14:01:18.271+0000] {processor.py:161} INFO - Started process (PID=3167) to work on /opt/airflow/dags/bq_dbt.py
[2024-04-28T14:01:18.272+0000] {processor.py:830} INFO - Processing file /opt/airflow/dags/bq_dbt.py for tasks to queue
[2024-04-28T14:01:18.274+0000] {logging_mixin.py:188} INFO - [2024-04-28T14:01:18.273+0000] {dagbag.py:540} INFO - Filling up the DagBag from /opt/airflow/dags/bq_dbt.py
[2024-04-28T14:01:18.276+0000] {processor.py:842} WARNING - No viable dags retrieved from /opt/airflow/dags/bq_dbt.py
[2024-04-28T14:01:18.288+0000] {processor.py:183} INFO - Processing /opt/airflow/dags/bq_dbt.py took 0.023 seconds
[2024-04-28T14:01:48.628+0000] {processor.py:161} INFO - Started process (PID=3439) to work on /opt/airflow/dags/bq_dbt.py
[2024-04-28T14:01:48.629+0000] {processor.py:830} INFO - Processing file /opt/airflow/dags/bq_dbt.py for tasks to queue
[2024-04-28T14:01:48.631+0000] {logging_mixin.py:188} INFO - [2024-04-28T14:01:48.630+0000] {dagbag.py:540} INFO - Filling up the DagBag from /opt/airflow/dags/bq_dbt.py
[2024-04-28T14:01:48.633+0000] {processor.py:842} WARNING - No viable dags retrieved from /opt/airflow/dags/bq_dbt.py
[2024-04-28T14:01:48.647+0000] {processor.py:183} INFO - Processing /opt/airflow/dags/bq_dbt.py took 0.025 seconds
[2024-04-28T14:02:19.332+0000] {processor.py:161} INFO - Started process (PID=3710) to work on /opt/airflow/dags/bq_dbt.py
[2024-04-28T14:02:19.333+0000] {processor.py:830} INFO - Processing file /opt/airflow/dags/bq_dbt.py for tasks to queue
[2024-04-28T14:02:19.335+0000] {logging_mixin.py:188} INFO - [2024-04-28T14:02:19.335+0000] {dagbag.py:540} INFO - Filling up the DagBag from /opt/airflow/dags/bq_dbt.py
[2024-04-28T14:02:19.337+0000] {processor.py:842} WARNING - No viable dags retrieved from /opt/airflow/dags/bq_dbt.py
[2024-04-28T14:02:19.355+0000] {processor.py:183} INFO - Processing /opt/airflow/dags/bq_dbt.py took 0.033 seconds
[2024-04-28T14:02:49.825+0000] {processor.py:161} INFO - Started process (PID=3981) to work on /opt/airflow/dags/bq_dbt.py
[2024-04-28T14:02:49.838+0000] {processor.py:830} INFO - Processing file /opt/airflow/dags/bq_dbt.py for tasks to queue
[2024-04-28T14:02:49.840+0000] {logging_mixin.py:188} INFO - [2024-04-28T14:02:49.840+0000] {dagbag.py:540} INFO - Filling up the DagBag from /opt/airflow/dags/bq_dbt.py
[2024-04-28T14:02:49.842+0000] {processor.py:842} WARNING - No viable dags retrieved from /opt/airflow/dags/bq_dbt.py
[2024-04-28T14:02:49.898+0000] {processor.py:183} INFO - Processing /opt/airflow/dags/bq_dbt.py took 0.095 seconds
[2024-04-28T14:03:20.106+0000] {processor.py:161} INFO - Started process (PID=4248) to work on /opt/airflow/dags/bq_dbt.py
[2024-04-28T14:03:20.107+0000] {processor.py:830} INFO - Processing file /opt/airflow/dags/bq_dbt.py for tasks to queue
[2024-04-28T14:03:20.109+0000] {logging_mixin.py:188} INFO - [2024-04-28T14:03:20.109+0000] {dagbag.py:540} INFO - Filling up the DagBag from /opt/airflow/dags/bq_dbt.py
[2024-04-28T14:03:20.111+0000] {processor.py:842} WARNING - No viable dags retrieved from /opt/airflow/dags/bq_dbt.py
[2024-04-28T14:03:20.124+0000] {processor.py:183} INFO - Processing /opt/airflow/dags/bq_dbt.py took 0.024 seconds
[2024-04-28T14:03:50.477+0000] {processor.py:161} INFO - Started process (PID=4516) to work on /opt/airflow/dags/bq_dbt.py
[2024-04-28T14:03:50.478+0000] {processor.py:830} INFO - Processing file /opt/airflow/dags/bq_dbt.py for tasks to queue
[2024-04-28T14:03:50.480+0000] {logging_mixin.py:188} INFO - [2024-04-28T14:03:50.479+0000] {dagbag.py:540} INFO - Filling up the DagBag from /opt/airflow/dags/bq_dbt.py
[2024-04-28T14:03:50.482+0000] {processor.py:842} WARNING - No viable dags retrieved from /opt/airflow/dags/bq_dbt.py
[2024-04-28T14:03:50.501+0000] {processor.py:183} INFO - Processing /opt/airflow/dags/bq_dbt.py took 0.030 seconds
[2024-04-28T14:04:20.642+0000] {processor.py:161} INFO - Started process (PID=4787) to work on /opt/airflow/dags/bq_dbt.py
[2024-04-28T14:04:20.643+0000] {processor.py:830} INFO - Processing file /opt/airflow/dags/bq_dbt.py for tasks to queue
[2024-04-28T14:04:20.644+0000] {logging_mixin.py:188} INFO - [2024-04-28T14:04:20.644+0000] {dagbag.py:540} INFO - Filling up the DagBag from /opt/airflow/dags/bq_dbt.py
[2024-04-28T14:04:20.646+0000] {processor.py:842} WARNING - No viable dags retrieved from /opt/airflow/dags/bq_dbt.py
[2024-04-28T14:04:20.656+0000] {processor.py:183} INFO - Processing /opt/airflow/dags/bq_dbt.py took 0.018 seconds
[2024-04-28T14:04:50.792+0000] {processor.py:161} INFO - Started process (PID=5046) to work on /opt/airflow/dags/bq_dbt.py
[2024-04-28T14:04:50.793+0000] {processor.py:830} INFO - Processing file /opt/airflow/dags/bq_dbt.py for tasks to queue
[2024-04-28T14:04:50.795+0000] {logging_mixin.py:188} INFO - [2024-04-28T14:04:50.795+0000] {dagbag.py:540} INFO - Filling up the DagBag from /opt/airflow/dags/bq_dbt.py
[2024-04-28T14:04:50.811+0000] {processor.py:842} WARNING - No viable dags retrieved from /opt/airflow/dags/bq_dbt.py
[2024-04-28T14:04:50.840+0000] {processor.py:183} INFO - Processing /opt/airflow/dags/bq_dbt.py took 0.055 seconds
[2024-04-28T14:05:21.553+0000] {processor.py:161} INFO - Started process (PID=5309) to work on /opt/airflow/dags/bq_dbt.py
[2024-04-28T14:05:21.555+0000] {processor.py:830} INFO - Processing file /opt/airflow/dags/bq_dbt.py for tasks to queue
[2024-04-28T14:05:21.559+0000] {logging_mixin.py:188} INFO - [2024-04-28T14:05:21.558+0000] {dagbag.py:540} INFO - Filling up the DagBag from /opt/airflow/dags/bq_dbt.py
[2024-04-28T14:05:21.560+0000] {processor.py:842} WARNING - No viable dags retrieved from /opt/airflow/dags/bq_dbt.py
[2024-04-28T14:05:21.618+0000] {processor.py:183} INFO - Processing /opt/airflow/dags/bq_dbt.py took 0.080 seconds
[2024-04-28T14:05:51.837+0000] {processor.py:161} INFO - Started process (PID=5580) to work on /opt/airflow/dags/bq_dbt.py
[2024-04-28T14:05:51.838+0000] {processor.py:830} INFO - Processing file /opt/airflow/dags/bq_dbt.py for tasks to queue
[2024-04-28T14:05:51.840+0000] {logging_mixin.py:188} INFO - [2024-04-28T14:05:51.840+0000] {dagbag.py:540} INFO - Filling up the DagBag from /opt/airflow/dags/bq_dbt.py
[2024-04-28T14:05:51.842+0000] {processor.py:842} WARNING - No viable dags retrieved from /opt/airflow/dags/bq_dbt.py
[2024-04-28T14:05:51.854+0000] {processor.py:183} INFO - Processing /opt/airflow/dags/bq_dbt.py took 0.024 seconds
[2024-04-28T14:06:22.286+0000] {processor.py:161} INFO - Started process (PID=5852) to work on /opt/airflow/dags/bq_dbt.py
[2024-04-28T14:06:22.287+0000] {processor.py:830} INFO - Processing file /opt/airflow/dags/bq_dbt.py for tasks to queue
[2024-04-28T14:06:22.289+0000] {logging_mixin.py:188} INFO - [2024-04-28T14:06:22.288+0000] {dagbag.py:540} INFO - Filling up the DagBag from /opt/airflow/dags/bq_dbt.py
[2024-04-28T14:06:22.291+0000] {processor.py:842} WARNING - No viable dags retrieved from /opt/airflow/dags/bq_dbt.py
[2024-04-28T14:06:22.305+0000] {processor.py:183} INFO - Processing /opt/airflow/dags/bq_dbt.py took 0.025 seconds
[2024-04-28T14:06:52.417+0000] {processor.py:161} INFO - Started process (PID=6124) to work on /opt/airflow/dags/bq_dbt.py
[2024-04-28T14:06:52.418+0000] {processor.py:830} INFO - Processing file /opt/airflow/dags/bq_dbt.py for tasks to queue
[2024-04-28T14:06:52.420+0000] {logging_mixin.py:188} INFO - [2024-04-28T14:06:52.419+0000] {dagbag.py:540} INFO - Filling up the DagBag from /opt/airflow/dags/bq_dbt.py
[2024-04-28T14:06:52.421+0000] {processor.py:842} WARNING - No viable dags retrieved from /opt/airflow/dags/bq_dbt.py
[2024-04-28T14:06:52.437+0000] {processor.py:183} INFO - Processing /opt/airflow/dags/bq_dbt.py took 0.026 seconds
[2024-04-28T14:07:23.355+0000] {processor.py:161} INFO - Started process (PID=6396) to work on /opt/airflow/dags/bq_dbt.py
[2024-04-28T14:07:23.356+0000] {processor.py:830} INFO - Processing file /opt/airflow/dags/bq_dbt.py for tasks to queue
[2024-04-28T14:07:23.358+0000] {logging_mixin.py:188} INFO - [2024-04-28T14:07:23.358+0000] {dagbag.py:540} INFO - Filling up the DagBag from /opt/airflow/dags/bq_dbt.py
[2024-04-28T14:07:23.360+0000] {processor.py:842} WARNING - No viable dags retrieved from /opt/airflow/dags/bq_dbt.py
[2024-04-28T14:07:23.382+0000] {processor.py:183} INFO - Processing /opt/airflow/dags/bq_dbt.py took 0.035 seconds
[2024-04-28T14:07:53.531+0000] {processor.py:161} INFO - Started process (PID=6667) to work on /opt/airflow/dags/bq_dbt.py
[2024-04-28T14:07:53.532+0000] {processor.py:830} INFO - Processing file /opt/airflow/dags/bq_dbt.py for tasks to queue
[2024-04-28T14:07:53.534+0000] {logging_mixin.py:188} INFO - [2024-04-28T14:07:53.533+0000] {dagbag.py:540} INFO - Filling up the DagBag from /opt/airflow/dags/bq_dbt.py
[2024-04-28T14:07:53.536+0000] {processor.py:842} WARNING - No viable dags retrieved from /opt/airflow/dags/bq_dbt.py
[2024-04-28T14:07:53.615+0000] {processor.py:183} INFO - Processing /opt/airflow/dags/bq_dbt.py took 0.090 seconds
[2024-04-28T14:08:24.074+0000] {processor.py:161} INFO - Started process (PID=6938) to work on /opt/airflow/dags/bq_dbt.py
[2024-04-28T14:08:24.075+0000] {processor.py:830} INFO - Processing file /opt/airflow/dags/bq_dbt.py for tasks to queue
[2024-04-28T14:08:24.076+0000] {logging_mixin.py:188} INFO - [2024-04-28T14:08:24.076+0000] {dagbag.py:540} INFO - Filling up the DagBag from /opt/airflow/dags/bq_dbt.py
[2024-04-28T14:08:24.078+0000] {processor.py:842} WARNING - No viable dags retrieved from /opt/airflow/dags/bq_dbt.py
[2024-04-28T14:08:24.088+0000] {processor.py:183} INFO - Processing /opt/airflow/dags/bq_dbt.py took 0.019 seconds
[2024-04-28T14:08:54.786+0000] {processor.py:161} INFO - Started process (PID=7209) to work on /opt/airflow/dags/bq_dbt.py
[2024-04-28T14:08:54.787+0000] {processor.py:830} INFO - Processing file /opt/airflow/dags/bq_dbt.py for tasks to queue
[2024-04-28T14:08:54.788+0000] {logging_mixin.py:188} INFO - [2024-04-28T14:08:54.788+0000] {dagbag.py:540} INFO - Filling up the DagBag from /opt/airflow/dags/bq_dbt.py
[2024-04-28T14:08:54.790+0000] {processor.py:842} WARNING - No viable dags retrieved from /opt/airflow/dags/bq_dbt.py
[2024-04-28T14:08:54.801+0000] {processor.py:183} INFO - Processing /opt/airflow/dags/bq_dbt.py took 0.019 seconds
[2024-04-28T14:09:25.325+0000] {processor.py:161} INFO - Started process (PID=7480) to work on /opt/airflow/dags/bq_dbt.py
[2024-04-28T14:09:25.326+0000] {processor.py:830} INFO - Processing file /opt/airflow/dags/bq_dbt.py for tasks to queue
[2024-04-28T14:09:25.327+0000] {logging_mixin.py:188} INFO - [2024-04-28T14:09:25.327+0000] {dagbag.py:540} INFO - Filling up the DagBag from /opt/airflow/dags/bq_dbt.py
[2024-04-28T14:09:25.329+0000] {processor.py:842} WARNING - No viable dags retrieved from /opt/airflow/dags/bq_dbt.py
[2024-04-28T14:09:25.339+0000] {processor.py:183} INFO - Processing /opt/airflow/dags/bq_dbt.py took 0.019 seconds
[2024-04-28T14:09:55.749+0000] {processor.py:161} INFO - Started process (PID=7751) to work on /opt/airflow/dags/bq_dbt.py
[2024-04-28T14:09:55.750+0000] {processor.py:830} INFO - Processing file /opt/airflow/dags/bq_dbt.py for tasks to queue
[2024-04-28T14:09:55.752+0000] {logging_mixin.py:188} INFO - [2024-04-28T14:09:55.751+0000] {dagbag.py:540} INFO - Filling up the DagBag from /opt/airflow/dags/bq_dbt.py
[2024-04-28T14:09:55.753+0000] {processor.py:842} WARNING - No viable dags retrieved from /opt/airflow/dags/bq_dbt.py
[2024-04-28T14:09:55.764+0000] {processor.py:183} INFO - Processing /opt/airflow/dags/bq_dbt.py took 0.020 seconds
[2024-04-28T14:10:26.164+0000] {processor.py:161} INFO - Started process (PID=8022) to work on /opt/airflow/dags/bq_dbt.py
[2024-04-28T14:10:26.165+0000] {processor.py:830} INFO - Processing file /opt/airflow/dags/bq_dbt.py for tasks to queue
[2024-04-28T14:10:26.167+0000] {logging_mixin.py:188} INFO - [2024-04-28T14:10:26.166+0000] {dagbag.py:540} INFO - Filling up the DagBag from /opt/airflow/dags/bq_dbt.py
[2024-04-28T14:10:26.170+0000] {processor.py:842} WARNING - No viable dags retrieved from /opt/airflow/dags/bq_dbt.py
[2024-04-28T14:10:26.198+0000] {processor.py:183} INFO - Processing /opt/airflow/dags/bq_dbt.py took 0.041 seconds
[2024-04-28T14:10:56.457+0000] {processor.py:161} INFO - Started process (PID=8293) to work on /opt/airflow/dags/bq_dbt.py
[2024-04-28T14:10:56.458+0000] {processor.py:830} INFO - Processing file /opt/airflow/dags/bq_dbt.py for tasks to queue
[2024-04-28T14:10:56.460+0000] {logging_mixin.py:188} INFO - [2024-04-28T14:10:56.459+0000] {dagbag.py:540} INFO - Filling up the DagBag from /opt/airflow/dags/bq_dbt.py
[2024-04-28T14:10:56.461+0000] {processor.py:842} WARNING - No viable dags retrieved from /opt/airflow/dags/bq_dbt.py
[2024-04-28T14:10:56.475+0000] {processor.py:183} INFO - Processing /opt/airflow/dags/bq_dbt.py took 0.025 seconds
[2024-04-28T14:11:26.735+0000] {processor.py:161} INFO - Started process (PID=8564) to work on /opt/airflow/dags/bq_dbt.py
[2024-04-28T14:11:26.735+0000] {processor.py:830} INFO - Processing file /opt/airflow/dags/bq_dbt.py for tasks to queue
[2024-04-28T14:11:26.737+0000] {logging_mixin.py:188} INFO - [2024-04-28T14:11:26.737+0000] {dagbag.py:540} INFO - Filling up the DagBag from /opt/airflow/dags/bq_dbt.py
[2024-04-28T14:11:26.738+0000] {processor.py:842} WARNING - No viable dags retrieved from /opt/airflow/dags/bq_dbt.py
[2024-04-28T14:11:26.749+0000] {processor.py:183} INFO - Processing /opt/airflow/dags/bq_dbt.py took 0.019 seconds
[2024-04-28T14:11:56.804+0000] {processor.py:161} INFO - Started process (PID=8834) to work on /opt/airflow/dags/bq_dbt.py
[2024-04-28T14:11:56.805+0000] {processor.py:830} INFO - Processing file /opt/airflow/dags/bq_dbt.py for tasks to queue
[2024-04-28T14:11:56.807+0000] {logging_mixin.py:188} INFO - [2024-04-28T14:11:56.807+0000] {dagbag.py:540} INFO - Filling up the DagBag from /opt/airflow/dags/bq_dbt.py
[2024-04-28T14:11:56.809+0000] {processor.py:842} WARNING - No viable dags retrieved from /opt/airflow/dags/bq_dbt.py
[2024-04-28T14:11:56.833+0000] {processor.py:183} INFO - Processing /opt/airflow/dags/bq_dbt.py took 0.036 seconds
[2024-04-28T14:12:27.401+0000] {processor.py:161} INFO - Started process (PID=9086) to work on /opt/airflow/dags/bq_dbt.py
[2024-04-28T14:12:27.402+0000] {processor.py:830} INFO - Processing file /opt/airflow/dags/bq_dbt.py for tasks to queue
[2024-04-28T14:12:27.403+0000] {logging_mixin.py:188} INFO - [2024-04-28T14:12:27.403+0000] {dagbag.py:540} INFO - Filling up the DagBag from /opt/airflow/dags/bq_dbt.py
[2024-04-28T14:12:27.405+0000] {processor.py:842} WARNING - No viable dags retrieved from /opt/airflow/dags/bq_dbt.py
[2024-04-28T14:12:27.419+0000] {processor.py:183} INFO - Processing /opt/airflow/dags/bq_dbt.py took 0.024 seconds
[2024-04-28T14:12:58.070+0000] {processor.py:161} INFO - Started process (PID=9355) to work on /opt/airflow/dags/bq_dbt.py
[2024-04-28T14:12:58.071+0000] {processor.py:830} INFO - Processing file /opt/airflow/dags/bq_dbt.py for tasks to queue
[2024-04-28T14:12:58.073+0000] {logging_mixin.py:188} INFO - [2024-04-28T14:12:58.072+0000] {dagbag.py:540} INFO - Filling up the DagBag from /opt/airflow/dags/bq_dbt.py
[2024-04-28T14:12:58.075+0000] {processor.py:842} WARNING - No viable dags retrieved from /opt/airflow/dags/bq_dbt.py
[2024-04-28T14:12:58.096+0000] {processor.py:183} INFO - Processing /opt/airflow/dags/bq_dbt.py took 0.033 seconds
[2024-04-28T14:13:29.376+0000] {processor.py:161} INFO - Started process (PID=9627) to work on /opt/airflow/dags/bq_dbt.py
[2024-04-28T14:13:29.382+0000] {processor.py:830} INFO - Processing file /opt/airflow/dags/bq_dbt.py for tasks to queue
[2024-04-28T14:13:29.385+0000] {logging_mixin.py:188} INFO - [2024-04-28T14:13:29.384+0000] {dagbag.py:540} INFO - Filling up the DagBag from /opt/airflow/dags/bq_dbt.py
[2024-04-28T14:13:29.387+0000] {processor.py:842} WARNING - No viable dags retrieved from /opt/airflow/dags/bq_dbt.py
[2024-04-28T14:13:29.441+0000] {processor.py:183} INFO - Processing /opt/airflow/dags/bq_dbt.py took 0.085 seconds
[2024-04-28T14:13:59.620+0000] {processor.py:161} INFO - Started process (PID=9900) to work on /opt/airflow/dags/bq_dbt.py
[2024-04-28T14:13:59.621+0000] {processor.py:830} INFO - Processing file /opt/airflow/dags/bq_dbt.py for tasks to queue
[2024-04-28T14:13:59.623+0000] {logging_mixin.py:188} INFO - [2024-04-28T14:13:59.623+0000] {dagbag.py:540} INFO - Filling up the DagBag from /opt/airflow/dags/bq_dbt.py
[2024-04-28T14:13:59.624+0000] {processor.py:842} WARNING - No viable dags retrieved from /opt/airflow/dags/bq_dbt.py
[2024-04-28T14:13:59.635+0000] {processor.py:183} INFO - Processing /opt/airflow/dags/bq_dbt.py took 0.020 seconds
[2024-04-28T14:14:30.433+0000] {processor.py:161} INFO - Started process (PID=10159) to work on /opt/airflow/dags/bq_dbt.py
[2024-04-28T14:14:30.435+0000] {processor.py:830} INFO - Processing file /opt/airflow/dags/bq_dbt.py for tasks to queue
[2024-04-28T14:14:30.443+0000] {logging_mixin.py:188} INFO - [2024-04-28T14:14:30.442+0000] {dagbag.py:540} INFO - Filling up the DagBag from /opt/airflow/dags/bq_dbt.py
[2024-04-28T14:14:30.445+0000] {processor.py:842} WARNING - No viable dags retrieved from /opt/airflow/dags/bq_dbt.py
[2024-04-28T14:14:30.476+0000] {processor.py:183} INFO - Processing /opt/airflow/dags/bq_dbt.py took 0.053 seconds
[2024-04-28T14:15:00.847+0000] {processor.py:161} INFO - Started process (PID=10413) to work on /opt/airflow/dags/bq_dbt.py
[2024-04-28T14:15:00.849+0000] {processor.py:830} INFO - Processing file /opt/airflow/dags/bq_dbt.py for tasks to queue
[2024-04-28T14:15:00.851+0000] {logging_mixin.py:188} INFO - [2024-04-28T14:15:00.850+0000] {dagbag.py:540} INFO - Filling up the DagBag from /opt/airflow/dags/bq_dbt.py
[2024-04-28T14:15:00.852+0000] {processor.py:842} WARNING - No viable dags retrieved from /opt/airflow/dags/bq_dbt.py
[2024-04-28T14:15:00.867+0000] {processor.py:183} INFO - Processing /opt/airflow/dags/bq_dbt.py took 0.026 seconds
[2024-04-28T14:15:31.351+0000] {processor.py:161} INFO - Started process (PID=10685) to work on /opt/airflow/dags/bq_dbt.py
[2024-04-28T14:15:31.352+0000] {processor.py:830} INFO - Processing file /opt/airflow/dags/bq_dbt.py for tasks to queue
[2024-04-28T14:15:31.354+0000] {logging_mixin.py:188} INFO - [2024-04-28T14:15:31.353+0000] {dagbag.py:540} INFO - Filling up the DagBag from /opt/airflow/dags/bq_dbt.py
[2024-04-28T14:15:31.355+0000] {processor.py:842} WARNING - No viable dags retrieved from /opt/airflow/dags/bq_dbt.py
[2024-04-28T14:15:31.369+0000] {processor.py:183} INFO - Processing /opt/airflow/dags/bq_dbt.py took 0.024 seconds
[2024-04-28T14:16:01.842+0000] {processor.py:161} INFO - Started process (PID=10957) to work on /opt/airflow/dags/bq_dbt.py
[2024-04-28T14:16:01.846+0000] {processor.py:830} INFO - Processing file /opt/airflow/dags/bq_dbt.py for tasks to queue
[2024-04-28T14:16:01.858+0000] {logging_mixin.py:188} INFO - [2024-04-28T14:16:01.848+0000] {dagbag.py:540} INFO - Filling up the DagBag from /opt/airflow/dags/bq_dbt.py
[2024-04-28T14:16:01.874+0000] {processor.py:842} WARNING - No viable dags retrieved from /opt/airflow/dags/bq_dbt.py
[2024-04-28T14:16:01.970+0000] {processor.py:183} INFO - Processing /opt/airflow/dags/bq_dbt.py took 0.188 seconds
[2024-04-28T14:16:32.144+0000] {processor.py:161} INFO - Started process (PID=11228) to work on /opt/airflow/dags/bq_dbt.py
[2024-04-28T14:16:32.145+0000] {processor.py:830} INFO - Processing file /opt/airflow/dags/bq_dbt.py for tasks to queue
[2024-04-28T14:16:32.147+0000] {logging_mixin.py:188} INFO - [2024-04-28T14:16:32.147+0000] {dagbag.py:540} INFO - Filling up the DagBag from /opt/airflow/dags/bq_dbt.py
[2024-04-28T14:16:32.150+0000] {processor.py:842} WARNING - No viable dags retrieved from /opt/airflow/dags/bq_dbt.py
[2024-04-28T14:16:32.164+0000] {processor.py:183} INFO - Processing /opt/airflow/dags/bq_dbt.py took 0.026 seconds
[2024-04-28T14:17:02.470+0000] {processor.py:161} INFO - Started process (PID=11499) to work on /opt/airflow/dags/bq_dbt.py
[2024-04-28T14:17:02.474+0000] {processor.py:830} INFO - Processing file /opt/airflow/dags/bq_dbt.py for tasks to queue
[2024-04-28T14:17:02.477+0000] {logging_mixin.py:188} INFO - [2024-04-28T14:17:02.476+0000] {dagbag.py:540} INFO - Filling up the DagBag from /opt/airflow/dags/bq_dbt.py
[2024-04-28T14:17:02.492+0000] {processor.py:842} WARNING - No viable dags retrieved from /opt/airflow/dags/bq_dbt.py
[2024-04-28T14:17:02.517+0000] {processor.py:183} INFO - Processing /opt/airflow/dags/bq_dbt.py took 0.057 seconds
[2024-04-28T14:17:32.931+0000] {processor.py:161} INFO - Started process (PID=11771) to work on /opt/airflow/dags/bq_dbt.py
[2024-04-28T14:17:32.954+0000] {processor.py:830} INFO - Processing file /opt/airflow/dags/bq_dbt.py for tasks to queue
[2024-04-28T14:17:32.974+0000] {logging_mixin.py:188} INFO - [2024-04-28T14:17:32.962+0000] {dagbag.py:540} INFO - Filling up the DagBag from /opt/airflow/dags/bq_dbt.py
[2024-04-28T14:17:32.976+0000] {processor.py:842} WARNING - No viable dags retrieved from /opt/airflow/dags/bq_dbt.py
[2024-04-28T14:17:33.038+0000] {processor.py:183} INFO - Processing /opt/airflow/dags/bq_dbt.py took 0.130 seconds
[2024-04-28T14:18:03.164+0000] {processor.py:161} INFO - Started process (PID=12043) to work on /opt/airflow/dags/bq_dbt.py
[2024-04-28T14:18:03.165+0000] {processor.py:830} INFO - Processing file /opt/airflow/dags/bq_dbt.py for tasks to queue
[2024-04-28T14:18:03.167+0000] {logging_mixin.py:188} INFO - [2024-04-28T14:18:03.167+0000] {dagbag.py:540} INFO - Filling up the DagBag from /opt/airflow/dags/bq_dbt.py
[2024-04-28T14:18:03.168+0000] {processor.py:842} WARNING - No viable dags retrieved from /opt/airflow/dags/bq_dbt.py
[2024-04-28T14:18:03.179+0000] {processor.py:183} INFO - Processing /opt/airflow/dags/bq_dbt.py took 0.019 seconds
[2024-04-28T14:18:33.486+0000] {processor.py:161} INFO - Started process (PID=12313) to work on /opt/airflow/dags/bq_dbt.py
[2024-04-28T14:18:33.487+0000] {processor.py:830} INFO - Processing file /opt/airflow/dags/bq_dbt.py for tasks to queue
[2024-04-28T14:18:33.489+0000] {logging_mixin.py:188} INFO - [2024-04-28T14:18:33.489+0000] {dagbag.py:540} INFO - Filling up the DagBag from /opt/airflow/dags/bq_dbt.py
[2024-04-28T14:18:33.491+0000] {processor.py:842} WARNING - No viable dags retrieved from /opt/airflow/dags/bq_dbt.py
[2024-04-28T14:18:33.506+0000] {processor.py:183} INFO - Processing /opt/airflow/dags/bq_dbt.py took 0.026 seconds
[2024-04-28T14:19:03.844+0000] {processor.py:161} INFO - Started process (PID=12585) to work on /opt/airflow/dags/bq_dbt.py
[2024-04-28T14:19:03.845+0000] {processor.py:830} INFO - Processing file /opt/airflow/dags/bq_dbt.py for tasks to queue
[2024-04-28T14:19:03.846+0000] {logging_mixin.py:188} INFO - [2024-04-28T14:19:03.846+0000] {dagbag.py:540} INFO - Filling up the DagBag from /opt/airflow/dags/bq_dbt.py
[2024-04-28T14:19:03.848+0000] {processor.py:842} WARNING - No viable dags retrieved from /opt/airflow/dags/bq_dbt.py
[2024-04-28T14:19:03.858+0000] {processor.py:183} INFO - Processing /opt/airflow/dags/bq_dbt.py took 0.020 seconds
[2024-04-28T14:19:34.437+0000] {processor.py:161} INFO - Started process (PID=12858) to work on /opt/airflow/dags/bq_dbt.py
[2024-04-28T14:19:34.438+0000] {processor.py:830} INFO - Processing file /opt/airflow/dags/bq_dbt.py for tasks to queue
[2024-04-28T14:19:34.440+0000] {logging_mixin.py:188} INFO - [2024-04-28T14:19:34.439+0000] {dagbag.py:540} INFO - Filling up the DagBag from /opt/airflow/dags/bq_dbt.py
[2024-04-28T14:19:34.441+0000] {processor.py:842} WARNING - No viable dags retrieved from /opt/airflow/dags/bq_dbt.py
[2024-04-28T14:19:34.452+0000] {processor.py:183} INFO - Processing /opt/airflow/dags/bq_dbt.py took 0.020 seconds
[2024-04-28T14:20:05.035+0000] {processor.py:161} INFO - Started process (PID=13128) to work on /opt/airflow/dags/bq_dbt.py
[2024-04-28T14:20:05.036+0000] {processor.py:830} INFO - Processing file /opt/airflow/dags/bq_dbt.py for tasks to queue
[2024-04-28T14:20:05.038+0000] {logging_mixin.py:188} INFO - [2024-04-28T14:20:05.037+0000] {dagbag.py:540} INFO - Filling up the DagBag from /opt/airflow/dags/bq_dbt.py
[2024-04-28T14:20:05.039+0000] {processor.py:842} WARNING - No viable dags retrieved from /opt/airflow/dags/bq_dbt.py
[2024-04-28T14:20:05.078+0000] {processor.py:183} INFO - Processing /opt/airflow/dags/bq_dbt.py took 0.049 seconds
[2024-04-28T14:20:35.654+0000] {processor.py:161} INFO - Started process (PID=13400) to work on /opt/airflow/dags/bq_dbt.py
[2024-04-28T14:20:35.656+0000] {processor.py:830} INFO - Processing file /opt/airflow/dags/bq_dbt.py for tasks to queue
[2024-04-28T14:20:35.657+0000] {logging_mixin.py:188} INFO - [2024-04-28T14:20:35.657+0000] {dagbag.py:540} INFO - Filling up the DagBag from /opt/airflow/dags/bq_dbt.py
[2024-04-28T14:20:35.659+0000] {processor.py:842} WARNING - No viable dags retrieved from /opt/airflow/dags/bq_dbt.py
[2024-04-28T14:20:35.669+0000] {processor.py:183} INFO - Processing /opt/airflow/dags/bq_dbt.py took 0.019 seconds
[2024-04-28T14:21:06.025+0000] {processor.py:161} INFO - Started process (PID=13672) to work on /opt/airflow/dags/bq_dbt.py
[2024-04-28T14:21:06.025+0000] {processor.py:830} INFO - Processing file /opt/airflow/dags/bq_dbt.py for tasks to queue
[2024-04-28T14:21:06.027+0000] {logging_mixin.py:188} INFO - [2024-04-28T14:21:06.027+0000] {dagbag.py:540} INFO - Filling up the DagBag from /opt/airflow/dags/bq_dbt.py
[2024-04-28T14:21:06.029+0000] {processor.py:842} WARNING - No viable dags retrieved from /opt/airflow/dags/bq_dbt.py
[2024-04-28T14:21:06.040+0000] {processor.py:183} INFO - Processing /opt/airflow/dags/bq_dbt.py took 0.020 seconds
[2024-04-28T14:21:36.542+0000] {processor.py:161} INFO - Started process (PID=13944) to work on /opt/airflow/dags/bq_dbt.py
[2024-04-28T14:21:36.543+0000] {processor.py:830} INFO - Processing file /opt/airflow/dags/bq_dbt.py for tasks to queue
[2024-04-28T14:21:36.544+0000] {logging_mixin.py:188} INFO - [2024-04-28T14:21:36.544+0000] {dagbag.py:540} INFO - Filling up the DagBag from /opt/airflow/dags/bq_dbt.py
[2024-04-28T14:21:36.546+0000] {processor.py:842} WARNING - No viable dags retrieved from /opt/airflow/dags/bq_dbt.py
[2024-04-28T14:21:36.557+0000] {processor.py:183} INFO - Processing /opt/airflow/dags/bq_dbt.py took 0.019 seconds
[2024-04-28T14:22:06.873+0000] {processor.py:161} INFO - Started process (PID=14215) to work on /opt/airflow/dags/bq_dbt.py
[2024-04-28T14:22:06.874+0000] {processor.py:830} INFO - Processing file /opt/airflow/dags/bq_dbt.py for tasks to queue
[2024-04-28T14:22:06.875+0000] {logging_mixin.py:188} INFO - [2024-04-28T14:22:06.875+0000] {dagbag.py:540} INFO - Filling up the DagBag from /opt/airflow/dags/bq_dbt.py
[2024-04-28T14:22:06.877+0000] {processor.py:842} WARNING - No viable dags retrieved from /opt/airflow/dags/bq_dbt.py
[2024-04-28T14:22:06.895+0000] {processor.py:183} INFO - Processing /opt/airflow/dags/bq_dbt.py took 0.027 seconds
[2024-04-28T14:22:37.052+0000] {processor.py:161} INFO - Started process (PID=14485) to work on /opt/airflow/dags/bq_dbt.py
[2024-04-28T14:22:37.053+0000] {processor.py:830} INFO - Processing file /opt/airflow/dags/bq_dbt.py for tasks to queue
[2024-04-28T14:22:37.056+0000] {logging_mixin.py:188} INFO - [2024-04-28T14:22:37.055+0000] {dagbag.py:540} INFO - Filling up the DagBag from /opt/airflow/dags/bq_dbt.py
[2024-04-28T14:22:37.058+0000] {processor.py:842} WARNING - No viable dags retrieved from /opt/airflow/dags/bq_dbt.py
[2024-04-28T14:22:37.078+0000] {processor.py:183} INFO - Processing /opt/airflow/dags/bq_dbt.py took 0.034 seconds
[2024-04-28T14:23:07.490+0000] {processor.py:161} INFO - Started process (PID=14738) to work on /opt/airflow/dags/bq_dbt.py
[2024-04-28T14:23:07.493+0000] {processor.py:830} INFO - Processing file /opt/airflow/dags/bq_dbt.py for tasks to queue
[2024-04-28T14:23:07.495+0000] {logging_mixin.py:188} INFO - [2024-04-28T14:23:07.495+0000] {dagbag.py:540} INFO - Filling up the DagBag from /opt/airflow/dags/bq_dbt.py
[2024-04-28T14:23:07.497+0000] {processor.py:842} WARNING - No viable dags retrieved from /opt/airflow/dags/bq_dbt.py
[2024-04-28T14:23:07.564+0000] {processor.py:183} INFO - Processing /opt/airflow/dags/bq_dbt.py took 0.081 seconds
[2024-04-28T14:23:37.828+0000] {processor.py:161} INFO - Started process (PID=15009) to work on /opt/airflow/dags/bq_dbt.py
[2024-04-28T14:23:37.829+0000] {processor.py:830} INFO - Processing file /opt/airflow/dags/bq_dbt.py for tasks to queue
[2024-04-28T14:23:37.832+0000] {logging_mixin.py:188} INFO - [2024-04-28T14:23:37.831+0000] {dagbag.py:540} INFO - Filling up the DagBag from /opt/airflow/dags/bq_dbt.py
[2024-04-28T14:23:37.834+0000] {processor.py:842} WARNING - No viable dags retrieved from /opt/airflow/dags/bq_dbt.py
[2024-04-28T14:23:37.848+0000] {processor.py:183} INFO - Processing /opt/airflow/dags/bq_dbt.py took 0.026 seconds
[2024-04-28T14:24:08.239+0000] {processor.py:161} INFO - Started process (PID=15280) to work on /opt/airflow/dags/bq_dbt.py
[2024-04-28T14:24:08.240+0000] {processor.py:830} INFO - Processing file /opt/airflow/dags/bq_dbt.py for tasks to queue
[2024-04-28T14:24:08.242+0000] {logging_mixin.py:188} INFO - [2024-04-28T14:24:08.241+0000] {dagbag.py:540} INFO - Filling up the DagBag from /opt/airflow/dags/bq_dbt.py
[2024-04-28T14:24:08.243+0000] {processor.py:842} WARNING - No viable dags retrieved from /opt/airflow/dags/bq_dbt.py
[2024-04-28T14:24:08.258+0000] {processor.py:183} INFO - Processing /opt/airflow/dags/bq_dbt.py took 0.026 seconds
[2024-04-28T14:24:38.496+0000] {processor.py:161} INFO - Started process (PID=15551) to work on /opt/airflow/dags/bq_dbt.py
[2024-04-28T14:24:38.498+0000] {processor.py:830} INFO - Processing file /opt/airflow/dags/bq_dbt.py for tasks to queue
[2024-04-28T14:24:38.500+0000] {logging_mixin.py:188} INFO - [2024-04-28T14:24:38.499+0000] {dagbag.py:540} INFO - Filling up the DagBag from /opt/airflow/dags/bq_dbt.py
[2024-04-28T14:24:38.502+0000] {processor.py:842} WARNING - No viable dags retrieved from /opt/airflow/dags/bq_dbt.py
[2024-04-28T14:24:38.516+0000] {processor.py:183} INFO - Processing /opt/airflow/dags/bq_dbt.py took 0.026 seconds
[2024-04-28T14:25:09.273+0000] {processor.py:161} INFO - Started process (PID=15822) to work on /opt/airflow/dags/bq_dbt.py
[2024-04-28T14:25:09.279+0000] {processor.py:830} INFO - Processing file /opt/airflow/dags/bq_dbt.py for tasks to queue
[2024-04-28T14:25:09.291+0000] {logging_mixin.py:188} INFO - [2024-04-28T14:25:09.291+0000] {dagbag.py:540} INFO - Filling up the DagBag from /opt/airflow/dags/bq_dbt.py
[2024-04-28T14:25:09.293+0000] {processor.py:842} WARNING - No viable dags retrieved from /opt/airflow/dags/bq_dbt.py
[2024-04-28T14:25:09.308+0000] {processor.py:183} INFO - Processing /opt/airflow/dags/bq_dbt.py took 0.055 seconds
[2024-04-28T14:25:40.001+0000] {processor.py:161} INFO - Started process (PID=16093) to work on /opt/airflow/dags/bq_dbt.py
[2024-04-28T14:25:40.003+0000] {processor.py:830} INFO - Processing file /opt/airflow/dags/bq_dbt.py for tasks to queue
[2024-04-28T14:25:40.006+0000] {logging_mixin.py:188} INFO - [2024-04-28T14:25:40.006+0000] {dagbag.py:540} INFO - Filling up the DagBag from /opt/airflow/dags/bq_dbt.py
[2024-04-28T14:25:40.011+0000] {processor.py:842} WARNING - No viable dags retrieved from /opt/airflow/dags/bq_dbt.py
[2024-04-28T14:25:40.039+0000] {processor.py:183} INFO - Processing /opt/airflow/dags/bq_dbt.py took 0.044 seconds
[2024-04-28T14:26:10.128+0000] {processor.py:161} INFO - Started process (PID=16364) to work on /opt/airflow/dags/bq_dbt.py
[2024-04-28T14:26:10.129+0000] {processor.py:830} INFO - Processing file /opt/airflow/dags/bq_dbt.py for tasks to queue
[2024-04-28T14:26:10.131+0000] {logging_mixin.py:188} INFO - [2024-04-28T14:26:10.131+0000] {dagbag.py:540} INFO - Filling up the DagBag from /opt/airflow/dags/bq_dbt.py
[2024-04-28T14:26:10.133+0000] {processor.py:842} WARNING - No viable dags retrieved from /opt/airflow/dags/bq_dbt.py
[2024-04-28T14:26:10.144+0000] {processor.py:183} INFO - Processing /opt/airflow/dags/bq_dbt.py took 0.020 seconds
[2024-04-28T14:26:40.411+0000] {processor.py:161} INFO - Started process (PID=16635) to work on /opt/airflow/dags/bq_dbt.py
[2024-04-28T14:26:40.412+0000] {processor.py:830} INFO - Processing file /opt/airflow/dags/bq_dbt.py for tasks to queue
[2024-04-28T14:26:40.414+0000] {logging_mixin.py:188} INFO - [2024-04-28T14:26:40.413+0000] {dagbag.py:540} INFO - Filling up the DagBag from /opt/airflow/dags/bq_dbt.py
[2024-04-28T14:26:40.416+0000] {processor.py:842} WARNING - No viable dags retrieved from /opt/airflow/dags/bq_dbt.py
[2024-04-28T14:26:40.429+0000] {processor.py:183} INFO - Processing /opt/airflow/dags/bq_dbt.py took 0.024 seconds
[2024-04-28T14:27:10.590+0000] {processor.py:161} INFO - Started process (PID=16907) to work on /opt/airflow/dags/bq_dbt.py
[2024-04-28T14:27:10.591+0000] {processor.py:830} INFO - Processing file /opt/airflow/dags/bq_dbt.py for tasks to queue
[2024-04-28T14:27:10.593+0000] {logging_mixin.py:188} INFO - [2024-04-28T14:27:10.593+0000] {dagbag.py:540} INFO - Filling up the DagBag from /opt/airflow/dags/bq_dbt.py
[2024-04-28T14:27:10.595+0000] {processor.py:842} WARNING - No viable dags retrieved from /opt/airflow/dags/bq_dbt.py
[2024-04-28T14:27:10.610+0000] {processor.py:183} INFO - Processing /opt/airflow/dags/bq_dbt.py took 0.025 seconds
[2024-04-28T14:27:41.407+0000] {processor.py:161} INFO - Started process (PID=17179) to work on /opt/airflow/dags/bq_dbt.py
[2024-04-28T14:27:41.408+0000] {processor.py:830} INFO - Processing file /opt/airflow/dags/bq_dbt.py for tasks to queue
[2024-04-28T14:27:41.410+0000] {logging_mixin.py:188} INFO - [2024-04-28T14:27:41.409+0000] {dagbag.py:540} INFO - Filling up the DagBag from /opt/airflow/dags/bq_dbt.py
[2024-04-28T14:27:41.411+0000] {processor.py:842} WARNING - No viable dags retrieved from /opt/airflow/dags/bq_dbt.py
[2024-04-28T14:27:41.426+0000] {processor.py:183} INFO - Processing /opt/airflow/dags/bq_dbt.py took 0.024 seconds
[2024-04-28T14:28:11.477+0000] {processor.py:161} INFO - Started process (PID=17448) to work on /opt/airflow/dags/bq_dbt.py
[2024-04-28T14:28:11.478+0000] {processor.py:830} INFO - Processing file /opt/airflow/dags/bq_dbt.py for tasks to queue
[2024-04-28T14:28:11.480+0000] {logging_mixin.py:188} INFO - [2024-04-28T14:28:11.480+0000] {dagbag.py:540} INFO - Filling up the DagBag from /opt/airflow/dags/bq_dbt.py
[2024-04-28T14:28:11.482+0000] {processor.py:842} WARNING - No viable dags retrieved from /opt/airflow/dags/bq_dbt.py
[2024-04-28T14:28:11.495+0000] {processor.py:183} INFO - Processing /opt/airflow/dags/bq_dbt.py took 0.025 seconds
[2024-04-28T14:28:42.253+0000] {processor.py:161} INFO - Started process (PID=17716) to work on /opt/airflow/dags/bq_dbt.py
[2024-04-28T14:28:42.254+0000] {processor.py:830} INFO - Processing file /opt/airflow/dags/bq_dbt.py for tasks to queue
[2024-04-28T14:28:42.256+0000] {logging_mixin.py:188} INFO - [2024-04-28T14:28:42.255+0000] {dagbag.py:540} INFO - Filling up the DagBag from /opt/airflow/dags/bq_dbt.py
[2024-04-28T14:28:42.257+0000] {processor.py:842} WARNING - No viable dags retrieved from /opt/airflow/dags/bq_dbt.py
[2024-04-28T14:28:42.273+0000] {processor.py:183} INFO - Processing /opt/airflow/dags/bq_dbt.py took 0.050 seconds
[2024-04-28T14:29:12.949+0000] {processor.py:161} INFO - Started process (PID=17996) to work on /opt/airflow/dags/bq_dbt.py
[2024-04-28T14:29:12.952+0000] {processor.py:830} INFO - Processing file /opt/airflow/dags/bq_dbt.py for tasks to queue
[2024-04-28T14:29:12.954+0000] {logging_mixin.py:188} INFO - [2024-04-28T14:29:12.954+0000] {dagbag.py:540} INFO - Filling up the DagBag from /opt/airflow/dags/bq_dbt.py
[2024-04-28T14:29:12.957+0000] {processor.py:842} WARNING - No viable dags retrieved from /opt/airflow/dags/bq_dbt.py
[2024-04-28T14:29:12.972+0000] {processor.py:183} INFO - Processing /opt/airflow/dags/bq_dbt.py took 0.074 seconds
[2024-04-28T14:29:43.375+0000] {processor.py:161} INFO - Started process (PID=18267) to work on /opt/airflow/dags/bq_dbt.py
[2024-04-28T14:29:43.375+0000] {processor.py:830} INFO - Processing file /opt/airflow/dags/bq_dbt.py for tasks to queue
[2024-04-28T14:29:43.378+0000] {logging_mixin.py:188} INFO - [2024-04-28T14:29:43.377+0000] {dagbag.py:540} INFO - Filling up the DagBag from /opt/airflow/dags/bq_dbt.py
[2024-04-28T14:29:43.380+0000] {processor.py:842} WARNING - No viable dags retrieved from /opt/airflow/dags/bq_dbt.py
[2024-04-28T14:29:43.415+0000] {processor.py:183} INFO - Processing /opt/airflow/dags/bq_dbt.py took 0.052 seconds
[2024-04-28T14:30:14.158+0000] {processor.py:161} INFO - Started process (PID=18538) to work on /opt/airflow/dags/bq_dbt.py
[2024-04-28T14:30:14.159+0000] {processor.py:830} INFO - Processing file /opt/airflow/dags/bq_dbt.py for tasks to queue
[2024-04-28T14:30:14.161+0000] {logging_mixin.py:188} INFO - [2024-04-28T14:30:14.161+0000] {dagbag.py:540} INFO - Filling up the DagBag from /opt/airflow/dags/bq_dbt.py
[2024-04-28T14:30:14.163+0000] {processor.py:842} WARNING - No viable dags retrieved from /opt/airflow/dags/bq_dbt.py
[2024-04-28T14:30:14.177+0000] {processor.py:183} INFO - Processing /opt/airflow/dags/bq_dbt.py took 0.024 seconds
[2024-04-28T14:30:44.792+0000] {processor.py:161} INFO - Started process (PID=18809) to work on /opt/airflow/dags/bq_dbt.py
[2024-04-28T14:30:44.794+0000] {processor.py:830} INFO - Processing file /opt/airflow/dags/bq_dbt.py for tasks to queue
[2024-04-28T14:30:44.796+0000] {logging_mixin.py:188} INFO - [2024-04-28T14:30:44.795+0000] {dagbag.py:540} INFO - Filling up the DagBag from /opt/airflow/dags/bq_dbt.py
[2024-04-28T14:30:44.798+0000] {processor.py:842} WARNING - No viable dags retrieved from /opt/airflow/dags/bq_dbt.py
[2024-04-28T14:30:44.827+0000] {processor.py:183} INFO - Processing /opt/airflow/dags/bq_dbt.py took 0.041 seconds
[2024-04-28T14:31:14.911+0000] {processor.py:161} INFO - Started process (PID=19080) to work on /opt/airflow/dags/bq_dbt.py
[2024-04-28T14:31:14.912+0000] {processor.py:830} INFO - Processing file /opt/airflow/dags/bq_dbt.py for tasks to queue
[2024-04-28T14:31:14.914+0000] {logging_mixin.py:188} INFO - [2024-04-28T14:31:14.913+0000] {dagbag.py:540} INFO - Filling up the DagBag from /opt/airflow/dags/bq_dbt.py
[2024-04-28T14:31:14.916+0000] {processor.py:842} WARNING - No viable dags retrieved from /opt/airflow/dags/bq_dbt.py
[2024-04-28T14:31:14.930+0000] {processor.py:183} INFO - Processing /opt/airflow/dags/bq_dbt.py took 0.026 seconds
[2024-04-28T14:31:45.369+0000] {processor.py:161} INFO - Started process (PID=19352) to work on /opt/airflow/dags/bq_dbt.py
[2024-04-28T14:31:45.370+0000] {processor.py:830} INFO - Processing file /opt/airflow/dags/bq_dbt.py for tasks to queue
[2024-04-28T14:31:45.371+0000] {logging_mixin.py:188} INFO - [2024-04-28T14:31:45.371+0000] {dagbag.py:540} INFO - Filling up the DagBag from /opt/airflow/dags/bq_dbt.py
[2024-04-28T14:31:45.373+0000] {processor.py:842} WARNING - No viable dags retrieved from /opt/airflow/dags/bq_dbt.py
[2024-04-28T14:31:45.383+0000] {processor.py:183} INFO - Processing /opt/airflow/dags/bq_dbt.py took 0.019 seconds
[2024-04-28T14:32:16.022+0000] {processor.py:161} INFO - Started process (PID=19624) to work on /opt/airflow/dags/bq_dbt.py
[2024-04-28T14:32:16.022+0000] {processor.py:830} INFO - Processing file /opt/airflow/dags/bq_dbt.py for tasks to queue
[2024-04-28T14:32:16.024+0000] {logging_mixin.py:188} INFO - [2024-04-28T14:32:16.024+0000] {dagbag.py:540} INFO - Filling up the DagBag from /opt/airflow/dags/bq_dbt.py
[2024-04-28T14:32:16.025+0000] {processor.py:842} WARNING - No viable dags retrieved from /opt/airflow/dags/bq_dbt.py
[2024-04-28T14:32:16.036+0000] {processor.py:183} INFO - Processing /opt/airflow/dags/bq_dbt.py took 0.019 seconds
[2024-04-28T14:32:46.627+0000] {processor.py:161} INFO - Started process (PID=19895) to work on /opt/airflow/dags/bq_dbt.py
[2024-04-28T14:32:46.627+0000] {processor.py:830} INFO - Processing file /opt/airflow/dags/bq_dbt.py for tasks to queue
[2024-04-28T14:32:46.629+0000] {logging_mixin.py:188} INFO - [2024-04-28T14:32:46.629+0000] {dagbag.py:540} INFO - Filling up the DagBag from /opt/airflow/dags/bq_dbt.py
[2024-04-28T14:32:46.630+0000] {processor.py:842} WARNING - No viable dags retrieved from /opt/airflow/dags/bq_dbt.py
[2024-04-28T14:32:46.643+0000] {processor.py:183} INFO - Processing /opt/airflow/dags/bq_dbt.py took 0.020 seconds
[2024-04-28T14:33:17.407+0000] {processor.py:161} INFO - Started process (PID=20167) to work on /opt/airflow/dags/bq_dbt.py
[2024-04-28T14:33:17.408+0000] {processor.py:830} INFO - Processing file /opt/airflow/dags/bq_dbt.py for tasks to queue
[2024-04-28T14:33:17.409+0000] {logging_mixin.py:188} INFO - [2024-04-28T14:33:17.409+0000] {dagbag.py:540} INFO - Filling up the DagBag from /opt/airflow/dags/bq_dbt.py
[2024-04-28T14:33:17.411+0000] {processor.py:842} WARNING - No viable dags retrieved from /opt/airflow/dags/bq_dbt.py
[2024-04-28T14:33:17.421+0000] {processor.py:183} INFO - Processing /opt/airflow/dags/bq_dbt.py took 0.018 seconds
[2024-04-28T14:33:47.569+0000] {processor.py:161} INFO - Started process (PID=20438) to work on /opt/airflow/dags/bq_dbt.py
[2024-04-28T14:33:47.570+0000] {processor.py:830} INFO - Processing file /opt/airflow/dags/bq_dbt.py for tasks to queue
[2024-04-28T14:33:47.571+0000] {logging_mixin.py:188} INFO - [2024-04-28T14:33:47.571+0000] {dagbag.py:540} INFO - Filling up the DagBag from /opt/airflow/dags/bq_dbt.py
[2024-04-28T14:33:47.573+0000] {processor.py:842} WARNING - No viable dags retrieved from /opt/airflow/dags/bq_dbt.py
[2024-04-28T14:33:47.583+0000] {processor.py:183} INFO - Processing /opt/airflow/dags/bq_dbt.py took 0.019 seconds
[2024-04-28T14:34:18.171+0000] {processor.py:161} INFO - Started process (PID=20710) to work on /opt/airflow/dags/bq_dbt.py
[2024-04-28T14:34:18.172+0000] {processor.py:830} INFO - Processing file /opt/airflow/dags/bq_dbt.py for tasks to queue
[2024-04-28T14:34:18.173+0000] {logging_mixin.py:188} INFO - [2024-04-28T14:34:18.173+0000] {dagbag.py:540} INFO - Filling up the DagBag from /opt/airflow/dags/bq_dbt.py
[2024-04-28T14:34:18.175+0000] {processor.py:842} WARNING - No viable dags retrieved from /opt/airflow/dags/bq_dbt.py
[2024-04-28T14:34:18.185+0000] {processor.py:183} INFO - Processing /opt/airflow/dags/bq_dbt.py took 0.019 seconds
[2024-04-28T14:34:48.850+0000] {processor.py:161} INFO - Started process (PID=20981) to work on /opt/airflow/dags/bq_dbt.py
[2024-04-28T14:34:48.851+0000] {processor.py:830} INFO - Processing file /opt/airflow/dags/bq_dbt.py for tasks to queue
[2024-04-28T14:34:48.853+0000] {logging_mixin.py:188} INFO - [2024-04-28T14:34:48.853+0000] {dagbag.py:540} INFO - Filling up the DagBag from /opt/airflow/dags/bq_dbt.py
[2024-04-28T14:34:48.855+0000] {processor.py:842} WARNING - No viable dags retrieved from /opt/airflow/dags/bq_dbt.py
[2024-04-28T14:34:48.897+0000] {processor.py:183} INFO - Processing /opt/airflow/dags/bq_dbt.py took 0.053 seconds
[2024-04-28T14:35:18.996+0000] {processor.py:161} INFO - Started process (PID=21252) to work on /opt/airflow/dags/bq_dbt.py
[2024-04-28T14:35:18.996+0000] {processor.py:830} INFO - Processing file /opt/airflow/dags/bq_dbt.py for tasks to queue
[2024-04-28T14:35:18.998+0000] {logging_mixin.py:188} INFO - [2024-04-28T14:35:18.997+0000] {dagbag.py:540} INFO - Filling up the DagBag from /opt/airflow/dags/bq_dbt.py
[2024-04-28T14:35:18.999+0000] {processor.py:842} WARNING - No viable dags retrieved from /opt/airflow/dags/bq_dbt.py
[2024-04-28T14:35:19.009+0000] {processor.py:183} INFO - Processing /opt/airflow/dags/bq_dbt.py took 0.018 seconds
[2024-04-28T14:35:49.848+0000] {processor.py:161} INFO - Started process (PID=21523) to work on /opt/airflow/dags/bq_dbt.py
[2024-04-28T14:35:49.849+0000] {processor.py:830} INFO - Processing file /opt/airflow/dags/bq_dbt.py for tasks to queue
[2024-04-28T14:35:49.851+0000] {logging_mixin.py:188} INFO - [2024-04-28T14:35:49.850+0000] {dagbag.py:540} INFO - Filling up the DagBag from /opt/airflow/dags/bq_dbt.py
[2024-04-28T14:35:49.852+0000] {processor.py:842} WARNING - No viable dags retrieved from /opt/airflow/dags/bq_dbt.py
[2024-04-28T14:35:49.864+0000] {processor.py:183} INFO - Processing /opt/airflow/dags/bq_dbt.py took 0.020 seconds
[2024-04-28T14:36:20.796+0000] {processor.py:161} INFO - Started process (PID=21794) to work on /opt/airflow/dags/bq_dbt.py
[2024-04-28T14:36:20.797+0000] {processor.py:830} INFO - Processing file /opt/airflow/dags/bq_dbt.py for tasks to queue
[2024-04-28T14:36:20.798+0000] {logging_mixin.py:188} INFO - [2024-04-28T14:36:20.798+0000] {dagbag.py:540} INFO - Filling up the DagBag from /opt/airflow/dags/bq_dbt.py
[2024-04-28T14:36:20.800+0000] {processor.py:842} WARNING - No viable dags retrieved from /opt/airflow/dags/bq_dbt.py
[2024-04-28T14:36:20.811+0000] {processor.py:183} INFO - Processing /opt/airflow/dags/bq_dbt.py took 0.019 seconds
[2024-04-28T14:36:51.360+0000] {processor.py:161} INFO - Started process (PID=22066) to work on /opt/airflow/dags/bq_dbt.py
[2024-04-28T14:36:51.361+0000] {processor.py:830} INFO - Processing file /opt/airflow/dags/bq_dbt.py for tasks to queue
[2024-04-28T14:36:51.363+0000] {logging_mixin.py:188} INFO - [2024-04-28T14:36:51.362+0000] {dagbag.py:540} INFO - Filling up the DagBag from /opt/airflow/dags/bq_dbt.py
[2024-04-28T14:36:51.365+0000] {processor.py:842} WARNING - No viable dags retrieved from /opt/airflow/dags/bq_dbt.py
[2024-04-28T14:36:51.377+0000] {processor.py:183} INFO - Processing /opt/airflow/dags/bq_dbt.py took 0.023 seconds
[2024-04-28T14:37:22.200+0000] {processor.py:161} INFO - Started process (PID=22338) to work on /opt/airflow/dags/bq_dbt.py
[2024-04-28T14:37:22.201+0000] {processor.py:830} INFO - Processing file /opt/airflow/dags/bq_dbt.py for tasks to queue
[2024-04-28T14:37:22.203+0000] {logging_mixin.py:188} INFO - [2024-04-28T14:37:22.202+0000] {dagbag.py:540} INFO - Filling up the DagBag from /opt/airflow/dags/bq_dbt.py
[2024-04-28T14:37:22.205+0000] {processor.py:842} WARNING - No viable dags retrieved from /opt/airflow/dags/bq_dbt.py
[2024-04-28T14:37:22.218+0000] {processor.py:183} INFO - Processing /opt/airflow/dags/bq_dbt.py took 0.025 seconds
[2024-04-28T14:37:52.385+0000] {processor.py:161} INFO - Started process (PID=22609) to work on /opt/airflow/dags/bq_dbt.py
[2024-04-28T14:37:52.393+0000] {processor.py:830} INFO - Processing file /opt/airflow/dags/bq_dbt.py for tasks to queue
[2024-04-28T14:37:52.399+0000] {logging_mixin.py:188} INFO - [2024-04-28T14:37:52.398+0000] {dagbag.py:540} INFO - Filling up the DagBag from /opt/airflow/dags/bq_dbt.py
[2024-04-28T14:37:52.400+0000] {processor.py:842} WARNING - No viable dags retrieved from /opt/airflow/dags/bq_dbt.py
[2024-04-28T14:37:52.432+0000] {processor.py:183} INFO - Processing /opt/airflow/dags/bq_dbt.py took 0.063 seconds
[2024-04-28T14:38:22.528+0000] {processor.py:161} INFO - Started process (PID=22879) to work on /opt/airflow/dags/bq_dbt.py
[2024-04-28T14:38:22.529+0000] {processor.py:830} INFO - Processing file /opt/airflow/dags/bq_dbt.py for tasks to queue
[2024-04-28T14:38:22.532+0000] {logging_mixin.py:188} INFO - [2024-04-28T14:38:22.531+0000] {dagbag.py:540} INFO - Filling up the DagBag from /opt/airflow/dags/bq_dbt.py
[2024-04-28T14:38:22.534+0000] {processor.py:842} WARNING - No viable dags retrieved from /opt/airflow/dags/bq_dbt.py
[2024-04-28T14:38:22.549+0000] {processor.py:183} INFO - Processing /opt/airflow/dags/bq_dbt.py took 0.026 seconds
[2024-04-28T14:38:53.058+0000] {processor.py:161} INFO - Started process (PID=23129) to work on /opt/airflow/dags/bq_dbt.py
[2024-04-28T14:38:53.059+0000] {processor.py:830} INFO - Processing file /opt/airflow/dags/bq_dbt.py for tasks to queue
[2024-04-28T14:38:53.061+0000] {logging_mixin.py:188} INFO - [2024-04-28T14:38:53.061+0000] {dagbag.py:540} INFO - Filling up the DagBag from /opt/airflow/dags/bq_dbt.py
[2024-04-28T14:38:53.063+0000] {processor.py:842} WARNING - No viable dags retrieved from /opt/airflow/dags/bq_dbt.py
[2024-04-28T14:38:53.077+0000] {processor.py:183} INFO - Processing /opt/airflow/dags/bq_dbt.py took 0.025 seconds
[2024-04-28T14:39:23.984+0000] {processor.py:161} INFO - Started process (PID=23400) to work on /opt/airflow/dags/bq_dbt.py
[2024-04-28T14:39:23.985+0000] {processor.py:830} INFO - Processing file /opt/airflow/dags/bq_dbt.py for tasks to queue
[2024-04-28T14:39:23.988+0000] {logging_mixin.py:188} INFO - [2024-04-28T14:39:23.987+0000] {dagbag.py:540} INFO - Filling up the DagBag from /opt/airflow/dags/bq_dbt.py
[2024-04-28T14:39:23.990+0000] {processor.py:842} WARNING - No viable dags retrieved from /opt/airflow/dags/bq_dbt.py
[2024-04-28T14:39:24.003+0000] {processor.py:183} INFO - Processing /opt/airflow/dags/bq_dbt.py took 0.025 seconds
[2024-04-28T14:39:54.753+0000] {processor.py:161} INFO - Started process (PID=23672) to work on /opt/airflow/dags/bq_dbt.py
[2024-04-28T14:39:54.754+0000] {processor.py:830} INFO - Processing file /opt/airflow/dags/bq_dbt.py for tasks to queue
[2024-04-28T14:39:54.756+0000] {logging_mixin.py:188} INFO - [2024-04-28T14:39:54.756+0000] {dagbag.py:540} INFO - Filling up the DagBag from /opt/airflow/dags/bq_dbt.py
[2024-04-28T14:39:54.758+0000] {processor.py:842} WARNING - No viable dags retrieved from /opt/airflow/dags/bq_dbt.py
[2024-04-28T14:39:54.773+0000] {processor.py:183} INFO - Processing /opt/airflow/dags/bq_dbt.py took 0.026 seconds
[2024-04-28T14:40:25.564+0000] {processor.py:161} INFO - Started process (PID=23944) to work on /opt/airflow/dags/bq_dbt.py
[2024-04-28T14:40:25.575+0000] {processor.py:830} INFO - Processing file /opt/airflow/dags/bq_dbt.py for tasks to queue
[2024-04-28T14:40:25.579+0000] {logging_mixin.py:188} INFO - [2024-04-28T14:40:25.579+0000] {dagbag.py:540} INFO - Filling up the DagBag from /opt/airflow/dags/bq_dbt.py
[2024-04-28T14:40:25.582+0000] {processor.py:842} WARNING - No viable dags retrieved from /opt/airflow/dags/bq_dbt.py
[2024-04-28T14:40:25.603+0000] {processor.py:183} INFO - Processing /opt/airflow/dags/bq_dbt.py took 0.045 seconds
[2024-04-28T14:40:55.957+0000] {processor.py:161} INFO - Started process (PID=24215) to work on /opt/airflow/dags/bq_dbt.py
[2024-04-28T14:40:55.958+0000] {processor.py:830} INFO - Processing file /opt/airflow/dags/bq_dbt.py for tasks to queue
[2024-04-28T14:40:55.960+0000] {logging_mixin.py:188} INFO - [2024-04-28T14:40:55.960+0000] {dagbag.py:540} INFO - Filling up the DagBag from /opt/airflow/dags/bq_dbt.py
[2024-04-28T14:40:55.962+0000] {processor.py:842} WARNING - No viable dags retrieved from /opt/airflow/dags/bq_dbt.py
[2024-04-28T14:40:55.987+0000] {processor.py:183} INFO - Processing /opt/airflow/dags/bq_dbt.py took 0.037 seconds
[2024-04-28T14:41:26.234+0000] {processor.py:161} INFO - Started process (PID=24486) to work on /opt/airflow/dags/bq_dbt.py
[2024-04-28T14:41:26.235+0000] {processor.py:830} INFO - Processing file /opt/airflow/dags/bq_dbt.py for tasks to queue
[2024-04-28T14:41:26.237+0000] {logging_mixin.py:188} INFO - [2024-04-28T14:41:26.236+0000] {dagbag.py:540} INFO - Filling up the DagBag from /opt/airflow/dags/bq_dbt.py
[2024-04-28T14:41:26.239+0000] {processor.py:842} WARNING - No viable dags retrieved from /opt/airflow/dags/bq_dbt.py
[2024-04-28T14:41:26.254+0000] {processor.py:183} INFO - Processing /opt/airflow/dags/bq_dbt.py took 0.025 seconds
[2024-04-28T14:41:56.537+0000] {processor.py:161} INFO - Started process (PID=24758) to work on /opt/airflow/dags/bq_dbt.py
[2024-04-28T14:41:56.538+0000] {processor.py:830} INFO - Processing file /opt/airflow/dags/bq_dbt.py for tasks to queue
[2024-04-28T14:41:56.540+0000] {logging_mixin.py:188} INFO - [2024-04-28T14:41:56.540+0000] {dagbag.py:540} INFO - Filling up the DagBag from /opt/airflow/dags/bq_dbt.py
[2024-04-28T14:41:56.542+0000] {processor.py:842} WARNING - No viable dags retrieved from /opt/airflow/dags/bq_dbt.py
[2024-04-28T14:41:56.557+0000] {processor.py:183} INFO - Processing /opt/airflow/dags/bq_dbt.py took 0.025 seconds
[2024-04-28T14:42:26.682+0000] {processor.py:161} INFO - Started process (PID=25030) to work on /opt/airflow/dags/bq_dbt.py
[2024-04-28T14:42:26.683+0000] {processor.py:830} INFO - Processing file /opt/airflow/dags/bq_dbt.py for tasks to queue
[2024-04-28T14:42:26.684+0000] {logging_mixin.py:188} INFO - [2024-04-28T14:42:26.684+0000] {dagbag.py:540} INFO - Filling up the DagBag from /opt/airflow/dags/bq_dbt.py
[2024-04-28T14:42:26.686+0000] {processor.py:842} WARNING - No viable dags retrieved from /opt/airflow/dags/bq_dbt.py
[2024-04-28T14:42:26.696+0000] {processor.py:183} INFO - Processing /opt/airflow/dags/bq_dbt.py took 0.019 seconds
[2024-04-28T14:42:57.428+0000] {processor.py:161} INFO - Started process (PID=25302) to work on /opt/airflow/dags/bq_dbt.py
[2024-04-28T14:42:57.428+0000] {processor.py:830} INFO - Processing file /opt/airflow/dags/bq_dbt.py for tasks to queue
[2024-04-28T14:42:57.434+0000] {logging_mixin.py:188} INFO - [2024-04-28T14:42:57.430+0000] {dagbag.py:540} INFO - Filling up the DagBag from /opt/airflow/dags/bq_dbt.py
[2024-04-28T14:42:57.435+0000] {processor.py:842} WARNING - No viable dags retrieved from /opt/airflow/dags/bq_dbt.py
[2024-04-28T14:42:57.450+0000] {processor.py:183} INFO - Processing /opt/airflow/dags/bq_dbt.py took 0.028 seconds
[2024-04-28T14:43:27.848+0000] {processor.py:161} INFO - Started process (PID=25573) to work on /opt/airflow/dags/bq_dbt.py
[2024-04-28T14:43:27.849+0000] {processor.py:830} INFO - Processing file /opt/airflow/dags/bq_dbt.py for tasks to queue
[2024-04-28T14:43:27.850+0000] {logging_mixin.py:188} INFO - [2024-04-28T14:43:27.850+0000] {dagbag.py:540} INFO - Filling up the DagBag from /opt/airflow/dags/bq_dbt.py
[2024-04-28T14:43:27.852+0000] {processor.py:842} WARNING - No viable dags retrieved from /opt/airflow/dags/bq_dbt.py
[2024-04-28T14:43:27.866+0000] {processor.py:183} INFO - Processing /opt/airflow/dags/bq_dbt.py took 0.024 seconds
[2024-04-28T14:43:58.475+0000] {processor.py:161} INFO - Started process (PID=25844) to work on /opt/airflow/dags/bq_dbt.py
[2024-04-28T14:43:58.490+0000] {processor.py:830} INFO - Processing file /opt/airflow/dags/bq_dbt.py for tasks to queue
[2024-04-28T14:43:58.492+0000] {logging_mixin.py:188} INFO - [2024-04-28T14:43:58.492+0000] {dagbag.py:540} INFO - Filling up the DagBag from /opt/airflow/dags/bq_dbt.py
[2024-04-28T14:43:58.506+0000] {processor.py:842} WARNING - No viable dags retrieved from /opt/airflow/dags/bq_dbt.py
[2024-04-28T14:43:58.550+0000] {processor.py:183} INFO - Processing /opt/airflow/dags/bq_dbt.py took 0.085 seconds
[2024-04-28T14:44:29.052+0000] {processor.py:161} INFO - Started process (PID=26116) to work on /opt/airflow/dags/bq_dbt.py
[2024-04-28T14:44:29.053+0000] {processor.py:830} INFO - Processing file /opt/airflow/dags/bq_dbt.py for tasks to queue
[2024-04-28T14:44:29.055+0000] {logging_mixin.py:188} INFO - [2024-04-28T14:44:29.054+0000] {dagbag.py:540} INFO - Filling up the DagBag from /opt/airflow/dags/bq_dbt.py
[2024-04-28T14:44:29.057+0000] {processor.py:842} WARNING - No viable dags retrieved from /opt/airflow/dags/bq_dbt.py
[2024-04-28T14:44:29.078+0000] {processor.py:183} INFO - Processing /opt/airflow/dags/bq_dbt.py took 0.031 seconds
[2024-04-28T14:44:59.612+0000] {processor.py:161} INFO - Started process (PID=26387) to work on /opt/airflow/dags/bq_dbt.py
[2024-04-28T14:44:59.613+0000] {processor.py:830} INFO - Processing file /opt/airflow/dags/bq_dbt.py for tasks to queue
[2024-04-28T14:44:59.615+0000] {logging_mixin.py:188} INFO - [2024-04-28T14:44:59.615+0000] {dagbag.py:540} INFO - Filling up the DagBag from /opt/airflow/dags/bq_dbt.py
[2024-04-28T14:44:59.617+0000] {processor.py:842} WARNING - No viable dags retrieved from /opt/airflow/dags/bq_dbt.py
[2024-04-28T14:44:59.631+0000] {processor.py:183} INFO - Processing /opt/airflow/dags/bq_dbt.py took 0.025 seconds
[2024-04-28T14:45:30.441+0000] {processor.py:161} INFO - Started process (PID=26658) to work on /opt/airflow/dags/bq_dbt.py
[2024-04-28T14:45:30.442+0000] {processor.py:830} INFO - Processing file /opt/airflow/dags/bq_dbt.py for tasks to queue
[2024-04-28T14:45:30.444+0000] {logging_mixin.py:188} INFO - [2024-04-28T14:45:30.443+0000] {dagbag.py:540} INFO - Filling up the DagBag from /opt/airflow/dags/bq_dbt.py
[2024-04-28T14:45:30.445+0000] {processor.py:842} WARNING - No viable dags retrieved from /opt/airflow/dags/bq_dbt.py
[2024-04-28T14:45:30.459+0000] {processor.py:183} INFO - Processing /opt/airflow/dags/bq_dbt.py took 0.024 seconds
[2024-04-28T14:46:01.474+0000] {processor.py:161} INFO - Started process (PID=26929) to work on /opt/airflow/dags/bq_dbt.py
[2024-04-28T14:46:01.476+0000] {processor.py:830} INFO - Processing file /opt/airflow/dags/bq_dbt.py for tasks to queue
[2024-04-28T14:46:01.478+0000] {logging_mixin.py:188} INFO - [2024-04-28T14:46:01.477+0000] {dagbag.py:540} INFO - Filling up the DagBag from /opt/airflow/dags/bq_dbt.py
[2024-04-28T14:46:01.480+0000] {processor.py:842} WARNING - No viable dags retrieved from /opt/airflow/dags/bq_dbt.py
[2024-04-28T14:46:01.495+0000] {processor.py:183} INFO - Processing /opt/airflow/dags/bq_dbt.py took 0.026 seconds
[2024-04-28T14:46:31.883+0000] {processor.py:161} INFO - Started process (PID=27200) to work on /opt/airflow/dags/bq_dbt.py
[2024-04-28T14:46:31.896+0000] {processor.py:830} INFO - Processing file /opt/airflow/dags/bq_dbt.py for tasks to queue
[2024-04-28T14:46:31.903+0000] {logging_mixin.py:188} INFO - [2024-04-28T14:46:31.903+0000] {dagbag.py:540} INFO - Filling up the DagBag from /opt/airflow/dags/bq_dbt.py
[2024-04-28T14:46:31.908+0000] {processor.py:842} WARNING - No viable dags retrieved from /opt/airflow/dags/bq_dbt.py
[2024-04-28T14:46:31.994+0000] {processor.py:183} INFO - Processing /opt/airflow/dags/bq_dbt.py took 0.149 seconds
[2024-04-28T14:47:02.322+0000] {processor.py:161} INFO - Started process (PID=27471) to work on /opt/airflow/dags/bq_dbt.py
[2024-04-28T14:47:02.323+0000] {processor.py:830} INFO - Processing file /opt/airflow/dags/bq_dbt.py for tasks to queue
[2024-04-28T14:47:02.324+0000] {logging_mixin.py:188} INFO - [2024-04-28T14:47:02.324+0000] {dagbag.py:540} INFO - Filling up the DagBag from /opt/airflow/dags/bq_dbt.py
[2024-04-28T14:47:02.326+0000] {processor.py:842} WARNING - No viable dags retrieved from /opt/airflow/dags/bq_dbt.py
[2024-04-28T14:47:02.336+0000] {processor.py:183} INFO - Processing /opt/airflow/dags/bq_dbt.py took 0.019 seconds
[2024-04-28T14:47:33.177+0000] {processor.py:161} INFO - Started process (PID=27742) to work on /opt/airflow/dags/bq_dbt.py
[2024-04-28T14:47:33.178+0000] {processor.py:830} INFO - Processing file /opt/airflow/dags/bq_dbt.py for tasks to queue
[2024-04-28T14:47:33.180+0000] {logging_mixin.py:188} INFO - [2024-04-28T14:47:33.179+0000] {dagbag.py:540} INFO - Filling up the DagBag from /opt/airflow/dags/bq_dbt.py
[2024-04-28T14:47:33.181+0000] {processor.py:842} WARNING - No viable dags retrieved from /opt/airflow/dags/bq_dbt.py
[2024-04-28T14:47:33.192+0000] {processor.py:183} INFO - Processing /opt/airflow/dags/bq_dbt.py took 0.020 seconds
[2024-04-28T14:48:03.419+0000] {processor.py:161} INFO - Started process (PID=28013) to work on /opt/airflow/dags/bq_dbt.py
[2024-04-28T14:48:03.420+0000] {processor.py:830} INFO - Processing file /opt/airflow/dags/bq_dbt.py for tasks to queue
[2024-04-28T14:48:03.421+0000] {logging_mixin.py:188} INFO - [2024-04-28T14:48:03.421+0000] {dagbag.py:540} INFO - Filling up the DagBag from /opt/airflow/dags/bq_dbt.py
[2024-04-28T14:48:03.423+0000] {processor.py:842} WARNING - No viable dags retrieved from /opt/airflow/dags/bq_dbt.py
[2024-04-28T14:48:03.433+0000] {processor.py:183} INFO - Processing /opt/airflow/dags/bq_dbt.py took 0.019 seconds
[2024-04-28T14:48:34.353+0000] {processor.py:161} INFO - Started process (PID=28283) to work on /opt/airflow/dags/bq_dbt.py
[2024-04-28T14:48:34.354+0000] {processor.py:830} INFO - Processing file /opt/airflow/dags/bq_dbt.py for tasks to queue
[2024-04-28T14:48:34.355+0000] {logging_mixin.py:188} INFO - [2024-04-28T14:48:34.355+0000] {dagbag.py:540} INFO - Filling up the DagBag from /opt/airflow/dags/bq_dbt.py
[2024-04-28T14:48:34.357+0000] {processor.py:842} WARNING - No viable dags retrieved from /opt/airflow/dags/bq_dbt.py
[2024-04-28T14:48:34.368+0000] {processor.py:183} INFO - Processing /opt/airflow/dags/bq_dbt.py took 0.020 seconds
