[2024-04-29T04:22:08.620+0000] {local_task_job_runner.py:120} INFO - ::group::Pre task execution logs
[2024-04-29T04:22:08.719+0000] {taskinstance.py:2073} INFO - Dependencies all met for dep_context=non-requeueable deps ti=<TaskInstance: etl.gcs_to_bq_sellers scheduled__2024-04-28T00:00:00+00:00 [queued]>
[2024-04-29T04:22:08.803+0000] {taskinstance.py:2073} INFO - Dependencies all met for dep_context=requeueable deps ti=<TaskInstance: etl.gcs_to_bq_sellers scheduled__2024-04-28T00:00:00+00:00 [queued]>
[2024-04-29T04:22:08.828+0000] {taskinstance.py:2303} INFO - Starting attempt 1 of 1
[2024-04-29T04:22:08.959+0000] {taskinstance.py:2327} INFO - Executing <Task(GCSToBigQueryOperator): gcs_to_bq_sellers> on 2024-04-28 00:00:00+00:00
[2024-04-29T04:22:09.060+0000] {standard_task_runner.py:90} INFO - Running: ['***', 'tasks', 'run', 'etl', 'gcs_to_bq_sellers', 'scheduled__2024-04-28T00:00:00+00:00', '--job-id', '464', '--raw', '--subdir', 'DAGS_FOLDER/etl.py', '--cfg-path', '/tmp/tmpq3rvtvxu']
[2024-04-29T04:22:09.108+0000] {standard_task_runner.py:91} INFO - Job 464: Subtask gcs_to_bq_sellers
[2024-04-29T04:22:09.130+0000] {logging_mixin.py:188} WARNING - /home/***/.local/lib/python3.12/site-packages/***/task/task_runner/standard_task_runner.py:61 DeprecationWarning: This process (pid=467) is multi-threaded, use of fork() may lead to deadlocks in the child.
[2024-04-29T04:22:09.132+0000] {standard_task_runner.py:63} INFO - Started process 575 to run task
[2024-04-29T04:22:09.463+0000] {task_command.py:426} INFO - Running <TaskInstance: etl.gcs_to_bq_sellers scheduled__2024-04-28T00:00:00+00:00 [running]> on host b619dce40a27
[2024-04-29T04:22:10.087+0000] {taskinstance.py:2644} INFO - Exporting env vars: AIRFLOW_CTX_DAG_OWNER='***' AIRFLOW_CTX_DAG_ID='etl' AIRFLOW_CTX_TASK_ID='gcs_to_bq_sellers' AIRFLOW_CTX_EXECUTION_DATE='2024-04-28T00:00:00+00:00' AIRFLOW_CTX_TRY_NUMBER='1' AIRFLOW_CTX_DAG_RUN_ID='scheduled__2024-04-28T00:00:00+00:00'
[2024-04-29T04:22:10.095+0000] {taskinstance.py:430} INFO - ::endgroup::
[2024-04-29T04:22:10.122+0000] {connection.py:274} WARNING - Connection schemes (type: google_cloud_platform) shall not contain '_' according to RFC3986.
[2024-04-29T04:22:10.176+0000] {base.py:84} INFO - Using connection ID 'my_gcp_conn' for task execution.
[2024-04-29T04:22:10.177+0000] {gcs_to_bigquery.py:379} INFO - Using existing BigQuery table for storing data...
[2024-04-29T04:22:10.691+0000] {bigquery.py:2328} INFO - Project is not included in destination_project_dataset_table: order.olist_sellers_dataset; using project "dataengineer-415510"
[2024-04-29T04:22:10.691+0000] {gcs_to_bigquery.py:383} INFO - Executing: {'load': {'autodetect': True, 'createDisposition': 'CREATE_IF_NEEDED', 'destinationTable': {'projectId': 'dataengineer-415510', 'datasetId': 'order', 'tableId': 'olist_sellers_dataset'}, 'sourceFormat': 'CSV', 'sourceUris': ['gs://swu-ds-525-112233/olist_sellers_dataset.csv'], 'writeDisposition': 'WRITE_TRUNCATE', 'ignoreUnknownValues': False, 'skipLeadingRows': None, 'fieldDelimiter': ',', 'quote': None, 'allowQuotedNewlines': False, 'encoding': 'UTF-8'}}
[2024-04-29T04:22:10.692+0000] {bigquery.py:1613} INFO - Inserting job ***_etl_gcs_to_bq_sellers_2024_04_28T00_00_00_00_00_937066370e6e034e875ae1299dfc5f6d
[2024-04-29T04:22:18.756+0000] {taskinstance.py:441} INFO - ::group::Post task execution logs
[2024-04-29T04:22:18.764+0000] {taskinstance.py:1205} INFO - Marking task as SUCCESS. dag_id=etl, task_id=gcs_to_bq_sellers, execution_date=20240428T000000, start_date=20240429T042208, end_date=20240429T042218
[2024-04-29T04:22:18.791+0000] {local_task_job_runner.py:240} INFO - Task exited with return code 0
[2024-04-29T04:22:18.805+0000] {taskinstance.py:3482} INFO - 0 downstream tasks scheduled from follow-on schedule check
[2024-04-29T04:22:18.811+0000] {local_task_job_runner.py:222} INFO - ::endgroup::
