[2024-04-29T04:21:29.556+0000] {processor.py:161} INFO - Started process (PID=164) to work on /opt/airflow/dags/bq_dbt.py
[2024-04-29T04:21:29.562+0000] {processor.py:830} INFO - Processing file /opt/airflow/dags/bq_dbt.py for tasks to queue
[2024-04-29T04:21:29.578+0000] {logging_mixin.py:188} INFO - [2024-04-29T04:21:29.568+0000] {dagbag.py:540} INFO - Filling up the DagBag from /opt/airflow/dags/bq_dbt.py
[2024-04-29T04:21:29.603+0000] {processor.py:842} WARNING - No viable dags retrieved from /opt/airflow/dags/bq_dbt.py
[2024-04-29T04:21:29.710+0000] {processor.py:183} INFO - Processing /opt/airflow/dags/bq_dbt.py took 0.221 seconds
[2024-04-29T04:21:59.924+0000] {processor.py:161} INFO - Started process (PID=482) to work on /opt/airflow/dags/bq_dbt.py
[2024-04-29T04:21:59.926+0000] {processor.py:830} INFO - Processing file /opt/airflow/dags/bq_dbt.py for tasks to queue
[2024-04-29T04:21:59.935+0000] {logging_mixin.py:188} INFO - [2024-04-29T04:21:59.934+0000] {dagbag.py:540} INFO - Filling up the DagBag from /opt/airflow/dags/bq_dbt.py
[2024-04-29T04:21:59.950+0000] {processor.py:842} WARNING - No viable dags retrieved from /opt/airflow/dags/bq_dbt.py
[2024-04-29T04:22:00.009+0000] {processor.py:183} INFO - Processing /opt/airflow/dags/bq_dbt.py took 0.114 seconds
[2024-04-29T04:22:30.392+0000] {processor.py:161} INFO - Started process (PID=762) to work on /opt/airflow/dags/bq_dbt.py
[2024-04-29T04:22:30.395+0000] {processor.py:830} INFO - Processing file /opt/airflow/dags/bq_dbt.py for tasks to queue
[2024-04-29T04:22:30.396+0000] {logging_mixin.py:188} INFO - [2024-04-29T04:22:30.396+0000] {dagbag.py:540} INFO - Filling up the DagBag from /opt/airflow/dags/bq_dbt.py
[2024-04-29T04:22:30.398+0000] {processor.py:842} WARNING - No viable dags retrieved from /opt/airflow/dags/bq_dbt.py
[2024-04-29T04:22:30.410+0000] {processor.py:183} INFO - Processing /opt/airflow/dags/bq_dbt.py took 0.023 seconds
[2024-04-29T04:23:00.556+0000] {processor.py:161} INFO - Started process (PID=1034) to work on /opt/airflow/dags/bq_dbt.py
[2024-04-29T04:23:00.557+0000] {processor.py:830} INFO - Processing file /opt/airflow/dags/bq_dbt.py for tasks to queue
[2024-04-29T04:23:00.558+0000] {logging_mixin.py:188} INFO - [2024-04-29T04:23:00.558+0000] {dagbag.py:540} INFO - Filling up the DagBag from /opt/airflow/dags/bq_dbt.py
[2024-04-29T04:23:00.560+0000] {processor.py:842} WARNING - No viable dags retrieved from /opt/airflow/dags/bq_dbt.py
[2024-04-29T04:23:00.571+0000] {processor.py:183} INFO - Processing /opt/airflow/dags/bq_dbt.py took 0.020 seconds
[2024-04-29T04:23:31.355+0000] {processor.py:161} INFO - Started process (PID=1311) to work on /opt/airflow/dags/bq_dbt.py
[2024-04-29T04:23:31.356+0000] {processor.py:830} INFO - Processing file /opt/airflow/dags/bq_dbt.py for tasks to queue
[2024-04-29T04:23:31.358+0000] {logging_mixin.py:188} INFO - [2024-04-29T04:23:31.358+0000] {dagbag.py:540} INFO - Filling up the DagBag from /opt/airflow/dags/bq_dbt.py
[2024-04-29T04:23:31.360+0000] {processor.py:842} WARNING - No viable dags retrieved from /opt/airflow/dags/bq_dbt.py
[2024-04-29T04:23:31.371+0000] {processor.py:183} INFO - Processing /opt/airflow/dags/bq_dbt.py took 0.021 seconds
[2024-04-29T04:24:02.328+0000] {processor.py:161} INFO - Started process (PID=1583) to work on /opt/airflow/dags/bq_dbt.py
[2024-04-29T04:24:02.329+0000] {processor.py:830} INFO - Processing file /opt/airflow/dags/bq_dbt.py for tasks to queue
[2024-04-29T04:24:02.330+0000] {logging_mixin.py:188} INFO - [2024-04-29T04:24:02.330+0000] {dagbag.py:540} INFO - Filling up the DagBag from /opt/airflow/dags/bq_dbt.py
[2024-04-29T04:24:02.332+0000] {processor.py:842} WARNING - No viable dags retrieved from /opt/airflow/dags/bq_dbt.py
[2024-04-29T04:24:02.343+0000] {processor.py:183} INFO - Processing /opt/airflow/dags/bq_dbt.py took 0.020 seconds
[2024-04-29T04:24:32.583+0000] {processor.py:161} INFO - Started process (PID=1853) to work on /opt/airflow/dags/bq_dbt.py
[2024-04-29T04:24:32.584+0000] {processor.py:830} INFO - Processing file /opt/airflow/dags/bq_dbt.py for tasks to queue
[2024-04-29T04:24:32.586+0000] {logging_mixin.py:188} INFO - [2024-04-29T04:24:32.586+0000] {dagbag.py:540} INFO - Filling up the DagBag from /opt/airflow/dags/bq_dbt.py
[2024-04-29T04:24:32.588+0000] {processor.py:842} WARNING - No viable dags retrieved from /opt/airflow/dags/bq_dbt.py
[2024-04-29T04:24:32.611+0000] {processor.py:183} INFO - Processing /opt/airflow/dags/bq_dbt.py took 0.041 seconds
[2024-04-29T04:25:02.722+0000] {processor.py:161} INFO - Started process (PID=2125) to work on /opt/airflow/dags/bq_dbt.py
[2024-04-29T04:25:02.723+0000] {processor.py:830} INFO - Processing file /opt/airflow/dags/bq_dbt.py for tasks to queue
[2024-04-29T04:25:02.725+0000] {logging_mixin.py:188} INFO - [2024-04-29T04:25:02.724+0000] {dagbag.py:540} INFO - Filling up the DagBag from /opt/airflow/dags/bq_dbt.py
[2024-04-29T04:25:02.726+0000] {processor.py:842} WARNING - No viable dags retrieved from /opt/airflow/dags/bq_dbt.py
[2024-04-29T04:25:02.736+0000] {processor.py:183} INFO - Processing /opt/airflow/dags/bq_dbt.py took 0.020 seconds
[2024-04-29T04:25:33.267+0000] {processor.py:161} INFO - Started process (PID=2397) to work on /opt/airflow/dags/bq_dbt.py
[2024-04-29T04:25:33.268+0000] {processor.py:830} INFO - Processing file /opt/airflow/dags/bq_dbt.py for tasks to queue
[2024-04-29T04:25:33.270+0000] {logging_mixin.py:188} INFO - [2024-04-29T04:25:33.269+0000] {dagbag.py:540} INFO - Filling up the DagBag from /opt/airflow/dags/bq_dbt.py
[2024-04-29T04:25:33.271+0000] {processor.py:842} WARNING - No viable dags retrieved from /opt/airflow/dags/bq_dbt.py
[2024-04-29T04:25:33.282+0000] {processor.py:183} INFO - Processing /opt/airflow/dags/bq_dbt.py took 0.021 seconds
[2024-04-29T04:26:04.000+0000] {processor.py:161} INFO - Started process (PID=2669) to work on /opt/airflow/dags/bq_dbt.py
[2024-04-29T04:26:04.001+0000] {processor.py:830} INFO - Processing file /opt/airflow/dags/bq_dbt.py for tasks to queue
[2024-04-29T04:26:04.002+0000] {logging_mixin.py:188} INFO - [2024-04-29T04:26:04.002+0000] {dagbag.py:540} INFO - Filling up the DagBag from /opt/airflow/dags/bq_dbt.py
[2024-04-29T04:26:04.004+0000] {processor.py:842} WARNING - No viable dags retrieved from /opt/airflow/dags/bq_dbt.py
[2024-04-29T04:26:04.015+0000] {processor.py:183} INFO - Processing /opt/airflow/dags/bq_dbt.py took 0.021 seconds
[2024-04-29T04:26:34.561+0000] {processor.py:161} INFO - Started process (PID=2941) to work on /opt/airflow/dags/bq_dbt.py
[2024-04-29T04:26:34.562+0000] {processor.py:830} INFO - Processing file /opt/airflow/dags/bq_dbt.py for tasks to queue
[2024-04-29T04:26:34.563+0000] {logging_mixin.py:188} INFO - [2024-04-29T04:26:34.563+0000] {dagbag.py:540} INFO - Filling up the DagBag from /opt/airflow/dags/bq_dbt.py
[2024-04-29T04:26:34.565+0000] {processor.py:842} WARNING - No viable dags retrieved from /opt/airflow/dags/bq_dbt.py
[2024-04-29T04:26:34.575+0000] {processor.py:183} INFO - Processing /opt/airflow/dags/bq_dbt.py took 0.020 seconds
[2024-04-29T04:27:04.636+0000] {processor.py:161} INFO - Started process (PID=3214) to work on /opt/airflow/dags/bq_dbt.py
[2024-04-29T04:27:04.637+0000] {processor.py:830} INFO - Processing file /opt/airflow/dags/bq_dbt.py for tasks to queue
[2024-04-29T04:27:04.639+0000] {logging_mixin.py:188} INFO - [2024-04-29T04:27:04.639+0000] {dagbag.py:540} INFO - Filling up the DagBag from /opt/airflow/dags/bq_dbt.py
[2024-04-29T04:27:04.641+0000] {processor.py:842} WARNING - No viable dags retrieved from /opt/airflow/dags/bq_dbt.py
[2024-04-29T04:27:04.651+0000] {processor.py:183} INFO - Processing /opt/airflow/dags/bq_dbt.py took 0.020 seconds
[2024-04-29T04:27:34.919+0000] {processor.py:161} INFO - Started process (PID=3486) to work on /opt/airflow/dags/bq_dbt.py
[2024-04-29T04:27:34.920+0000] {processor.py:830} INFO - Processing file /opt/airflow/dags/bq_dbt.py for tasks to queue
[2024-04-29T04:27:34.921+0000] {logging_mixin.py:188} INFO - [2024-04-29T04:27:34.921+0000] {dagbag.py:540} INFO - Filling up the DagBag from /opt/airflow/dags/bq_dbt.py
[2024-04-29T04:27:34.923+0000] {processor.py:842} WARNING - No viable dags retrieved from /opt/airflow/dags/bq_dbt.py
[2024-04-29T04:27:34.934+0000] {processor.py:183} INFO - Processing /opt/airflow/dags/bq_dbt.py took 0.020 seconds
[2024-04-29T04:28:05.168+0000] {processor.py:161} INFO - Started process (PID=3757) to work on /opt/airflow/dags/bq_dbt.py
[2024-04-29T04:28:05.168+0000] {processor.py:830} INFO - Processing file /opt/airflow/dags/bq_dbt.py for tasks to queue
[2024-04-29T04:28:05.170+0000] {logging_mixin.py:188} INFO - [2024-04-29T04:28:05.170+0000] {dagbag.py:540} INFO - Filling up the DagBag from /opt/airflow/dags/bq_dbt.py
[2024-04-29T04:28:05.171+0000] {processor.py:842} WARNING - No viable dags retrieved from /opt/airflow/dags/bq_dbt.py
[2024-04-29T04:28:05.182+0000] {processor.py:183} INFO - Processing /opt/airflow/dags/bq_dbt.py took 0.020 seconds
[2024-04-29T04:28:36.073+0000] {processor.py:161} INFO - Started process (PID=4027) to work on /opt/airflow/dags/bq_dbt.py
[2024-04-29T04:28:36.073+0000] {processor.py:830} INFO - Processing file /opt/airflow/dags/bq_dbt.py for tasks to queue
[2024-04-29T04:28:36.075+0000] {logging_mixin.py:188} INFO - [2024-04-29T04:28:36.075+0000] {dagbag.py:540} INFO - Filling up the DagBag from /opt/airflow/dags/bq_dbt.py
[2024-04-29T04:28:36.077+0000] {processor.py:842} WARNING - No viable dags retrieved from /opt/airflow/dags/bq_dbt.py
[2024-04-29T04:28:36.108+0000] {processor.py:183} INFO - Processing /opt/airflow/dags/bq_dbt.py took 0.042 seconds
[2024-04-29T04:29:06.229+0000] {processor.py:161} INFO - Started process (PID=4298) to work on /opt/airflow/dags/bq_dbt.py
[2024-04-29T04:29:06.230+0000] {processor.py:830} INFO - Processing file /opt/airflow/dags/bq_dbt.py for tasks to queue
[2024-04-29T04:29:06.231+0000] {logging_mixin.py:188} INFO - [2024-04-29T04:29:06.231+0000] {dagbag.py:540} INFO - Filling up the DagBag from /opt/airflow/dags/bq_dbt.py
[2024-04-29T04:29:06.233+0000] {processor.py:842} WARNING - No viable dags retrieved from /opt/airflow/dags/bq_dbt.py
[2024-04-29T04:29:06.264+0000] {processor.py:183} INFO - Processing /opt/airflow/dags/bq_dbt.py took 0.053 seconds
[2024-04-29T04:29:36.349+0000] {processor.py:161} INFO - Started process (PID=4569) to work on /opt/airflow/dags/bq_dbt.py
[2024-04-29T04:29:36.350+0000] {processor.py:830} INFO - Processing file /opt/airflow/dags/bq_dbt.py for tasks to queue
[2024-04-29T04:29:36.351+0000] {logging_mixin.py:188} INFO - [2024-04-29T04:29:36.351+0000] {dagbag.py:540} INFO - Filling up the DagBag from /opt/airflow/dags/bq_dbt.py
[2024-04-29T04:29:36.353+0000] {processor.py:842} WARNING - No viable dags retrieved from /opt/airflow/dags/bq_dbt.py
[2024-04-29T04:29:36.363+0000] {processor.py:183} INFO - Processing /opt/airflow/dags/bq_dbt.py took 0.020 seconds
[2024-04-29T04:30:06.496+0000] {processor.py:161} INFO - Started process (PID=4839) to work on /opt/airflow/dags/bq_dbt.py
[2024-04-29T04:30:06.497+0000] {processor.py:830} INFO - Processing file /opt/airflow/dags/bq_dbt.py for tasks to queue
[2024-04-29T04:30:06.499+0000] {logging_mixin.py:188} INFO - [2024-04-29T04:30:06.498+0000] {dagbag.py:540} INFO - Filling up the DagBag from /opt/airflow/dags/bq_dbt.py
[2024-04-29T04:30:06.500+0000] {processor.py:842} WARNING - No viable dags retrieved from /opt/airflow/dags/bq_dbt.py
[2024-04-29T04:30:06.512+0000] {processor.py:183} INFO - Processing /opt/airflow/dags/bq_dbt.py took 0.021 seconds
[2024-04-29T04:30:36.809+0000] {processor.py:161} INFO - Started process (PID=5077) to work on /opt/airflow/dags/bq_dbt.py
[2024-04-29T04:30:36.810+0000] {processor.py:830} INFO - Processing file /opt/airflow/dags/bq_dbt.py for tasks to queue
[2024-04-29T04:30:36.812+0000] {logging_mixin.py:188} INFO - [2024-04-29T04:30:36.811+0000] {dagbag.py:540} INFO - Filling up the DagBag from /opt/airflow/dags/bq_dbt.py
[2024-04-29T04:30:36.813+0000] {processor.py:842} WARNING - No viable dags retrieved from /opt/airflow/dags/bq_dbt.py
[2024-04-29T04:30:36.832+0000] {processor.py:183} INFO - Processing /opt/airflow/dags/bq_dbt.py took 0.028 seconds
[2024-04-29T04:31:07.458+0000] {processor.py:161} INFO - Started process (PID=5348) to work on /opt/airflow/dags/bq_dbt.py
[2024-04-29T04:31:07.459+0000] {processor.py:830} INFO - Processing file /opt/airflow/dags/bq_dbt.py for tasks to queue
[2024-04-29T04:31:07.461+0000] {logging_mixin.py:188} INFO - [2024-04-29T04:31:07.461+0000] {dagbag.py:540} INFO - Filling up the DagBag from /opt/airflow/dags/bq_dbt.py
[2024-04-29T04:31:07.463+0000] {processor.py:842} WARNING - No viable dags retrieved from /opt/airflow/dags/bq_dbt.py
[2024-04-29T04:31:07.476+0000] {processor.py:183} INFO - Processing /opt/airflow/dags/bq_dbt.py took 0.024 seconds
[2024-04-29T04:31:38.134+0000] {processor.py:161} INFO - Started process (PID=5619) to work on /opt/airflow/dags/bq_dbt.py
[2024-04-29T04:31:38.134+0000] {processor.py:830} INFO - Processing file /opt/airflow/dags/bq_dbt.py for tasks to queue
[2024-04-29T04:31:38.137+0000] {logging_mixin.py:188} INFO - [2024-04-29T04:31:38.136+0000] {dagbag.py:540} INFO - Filling up the DagBag from /opt/airflow/dags/bq_dbt.py
[2024-04-29T04:31:38.138+0000] {processor.py:842} WARNING - No viable dags retrieved from /opt/airflow/dags/bq_dbt.py
[2024-04-29T04:31:38.154+0000] {processor.py:183} INFO - Processing /opt/airflow/dags/bq_dbt.py took 0.025 seconds
[2024-04-29T04:32:08.497+0000] {processor.py:161} INFO - Started process (PID=5890) to work on /opt/airflow/dags/bq_dbt.py
[2024-04-29T04:32:08.498+0000] {processor.py:830} INFO - Processing file /opt/airflow/dags/bq_dbt.py for tasks to queue
[2024-04-29T04:32:08.500+0000] {logging_mixin.py:188} INFO - [2024-04-29T04:32:08.500+0000] {dagbag.py:540} INFO - Filling up the DagBag from /opt/airflow/dags/bq_dbt.py
[2024-04-29T04:32:08.502+0000] {processor.py:842} WARNING - No viable dags retrieved from /opt/airflow/dags/bq_dbt.py
[2024-04-29T04:32:08.517+0000] {processor.py:183} INFO - Processing /opt/airflow/dags/bq_dbt.py took 0.025 seconds
[2024-04-29T04:32:39.226+0000] {processor.py:161} INFO - Started process (PID=6161) to work on /opt/airflow/dags/bq_dbt.py
[2024-04-29T04:32:39.227+0000] {processor.py:830} INFO - Processing file /opt/airflow/dags/bq_dbt.py for tasks to queue
[2024-04-29T04:32:39.231+0000] {logging_mixin.py:188} INFO - [2024-04-29T04:32:39.230+0000] {dagbag.py:540} INFO - Filling up the DagBag from /opt/airflow/dags/bq_dbt.py
[2024-04-29T04:32:39.233+0000] {processor.py:842} WARNING - No viable dags retrieved from /opt/airflow/dags/bq_dbt.py
[2024-04-29T04:32:39.247+0000] {processor.py:183} INFO - Processing /opt/airflow/dags/bq_dbt.py took 0.027 seconds
[2024-04-29T04:33:09.467+0000] {processor.py:161} INFO - Started process (PID=6432) to work on /opt/airflow/dags/bq_dbt.py
[2024-04-29T04:33:09.468+0000] {processor.py:830} INFO - Processing file /opt/airflow/dags/bq_dbt.py for tasks to queue
[2024-04-29T04:33:09.470+0000] {logging_mixin.py:188} INFO - [2024-04-29T04:33:09.469+0000] {dagbag.py:540} INFO - Filling up the DagBag from /opt/airflow/dags/bq_dbt.py
[2024-04-29T04:33:09.472+0000] {processor.py:842} WARNING - No viable dags retrieved from /opt/airflow/dags/bq_dbt.py
[2024-04-29T04:33:09.486+0000] {processor.py:183} INFO - Processing /opt/airflow/dags/bq_dbt.py took 0.025 seconds
[2024-04-29T04:33:39.592+0000] {processor.py:161} INFO - Started process (PID=6703) to work on /opt/airflow/dags/bq_dbt.py
[2024-04-29T04:33:39.593+0000] {processor.py:830} INFO - Processing file /opt/airflow/dags/bq_dbt.py for tasks to queue
[2024-04-29T04:33:39.594+0000] {logging_mixin.py:188} INFO - [2024-04-29T04:33:39.594+0000] {dagbag.py:540} INFO - Filling up the DagBag from /opt/airflow/dags/bq_dbt.py
[2024-04-29T04:33:39.596+0000] {processor.py:842} WARNING - No viable dags retrieved from /opt/airflow/dags/bq_dbt.py
[2024-04-29T04:33:39.606+0000] {processor.py:183} INFO - Processing /opt/airflow/dags/bq_dbt.py took 0.020 seconds
[2024-04-29T04:34:10.275+0000] {processor.py:161} INFO - Started process (PID=6974) to work on /opt/airflow/dags/bq_dbt.py
[2024-04-29T04:34:10.276+0000] {processor.py:830} INFO - Processing file /opt/airflow/dags/bq_dbt.py for tasks to queue
[2024-04-29T04:34:10.277+0000] {logging_mixin.py:188} INFO - [2024-04-29T04:34:10.277+0000] {dagbag.py:540} INFO - Filling up the DagBag from /opt/airflow/dags/bq_dbt.py
[2024-04-29T04:34:10.279+0000] {processor.py:842} WARNING - No viable dags retrieved from /opt/airflow/dags/bq_dbt.py
[2024-04-29T04:34:10.330+0000] {processor.py:183} INFO - Processing /opt/airflow/dags/bq_dbt.py took 0.062 seconds
[2024-04-29T04:34:40.588+0000] {processor.py:161} INFO - Started process (PID=7245) to work on /opt/airflow/dags/bq_dbt.py
[2024-04-29T04:34:40.588+0000] {processor.py:830} INFO - Processing file /opt/airflow/dags/bq_dbt.py for tasks to queue
[2024-04-29T04:34:40.592+0000] {logging_mixin.py:188} INFO - [2024-04-29T04:34:40.592+0000] {dagbag.py:540} INFO - Filling up the DagBag from /opt/airflow/dags/bq_dbt.py
[2024-04-29T04:34:40.594+0000] {processor.py:842} WARNING - No viable dags retrieved from /opt/airflow/dags/bq_dbt.py
[2024-04-29T04:34:40.612+0000] {processor.py:183} INFO - Processing /opt/airflow/dags/bq_dbt.py took 0.030 seconds
[2024-04-29T04:35:10.872+0000] {processor.py:161} INFO - Started process (PID=7514) to work on /opt/airflow/dags/bq_dbt.py
[2024-04-29T04:35:10.878+0000] {processor.py:830} INFO - Processing file /opt/airflow/dags/bq_dbt.py for tasks to queue
[2024-04-29T04:35:10.879+0000] {logging_mixin.py:188} INFO - [2024-04-29T04:35:10.879+0000] {dagbag.py:540} INFO - Filling up the DagBag from /opt/airflow/dags/bq_dbt.py
[2024-04-29T04:35:10.881+0000] {processor.py:842} WARNING - No viable dags retrieved from /opt/airflow/dags/bq_dbt.py
[2024-04-29T04:35:10.905+0000] {processor.py:183} INFO - Processing /opt/airflow/dags/bq_dbt.py took 0.050 seconds
[2024-04-29T04:35:40.985+0000] {processor.py:161} INFO - Started process (PID=7770) to work on /opt/airflow/dags/bq_dbt.py
[2024-04-29T04:35:40.986+0000] {processor.py:830} INFO - Processing file /opt/airflow/dags/bq_dbt.py for tasks to queue
[2024-04-29T04:35:40.988+0000] {logging_mixin.py:188} INFO - [2024-04-29T04:35:40.987+0000] {dagbag.py:540} INFO - Filling up the DagBag from /opt/airflow/dags/bq_dbt.py
[2024-04-29T04:35:40.989+0000] {processor.py:842} WARNING - No viable dags retrieved from /opt/airflow/dags/bq_dbt.py
[2024-04-29T04:35:41.004+0000] {processor.py:183} INFO - Processing /opt/airflow/dags/bq_dbt.py took 0.024 seconds
[2024-04-29T04:36:11.538+0000] {processor.py:161} INFO - Started process (PID=8041) to work on /opt/airflow/dags/bq_dbt.py
[2024-04-29T04:36:11.539+0000] {processor.py:830} INFO - Processing file /opt/airflow/dags/bq_dbt.py for tasks to queue
[2024-04-29T04:36:11.541+0000] {logging_mixin.py:188} INFO - [2024-04-29T04:36:11.541+0000] {dagbag.py:540} INFO - Filling up the DagBag from /opt/airflow/dags/bq_dbt.py
[2024-04-29T04:36:11.543+0000] {processor.py:842} WARNING - No viable dags retrieved from /opt/airflow/dags/bq_dbt.py
[2024-04-29T04:36:11.566+0000] {processor.py:183} INFO - Processing /opt/airflow/dags/bq_dbt.py took 0.033 seconds
[2024-04-29T04:36:42.154+0000] {processor.py:161} INFO - Started process (PID=8312) to work on /opt/airflow/dags/bq_dbt.py
[2024-04-29T04:36:42.155+0000] {processor.py:830} INFO - Processing file /opt/airflow/dags/bq_dbt.py for tasks to queue
[2024-04-29T04:36:42.157+0000] {logging_mixin.py:188} INFO - [2024-04-29T04:36:42.157+0000] {dagbag.py:540} INFO - Filling up the DagBag from /opt/airflow/dags/bq_dbt.py
[2024-04-29T04:36:42.159+0000] {processor.py:842} WARNING - No viable dags retrieved from /opt/airflow/dags/bq_dbt.py
[2024-04-29T04:36:42.173+0000] {processor.py:183} INFO - Processing /opt/airflow/dags/bq_dbt.py took 0.023 seconds
[2024-04-29T04:37:12.438+0000] {processor.py:161} INFO - Started process (PID=8583) to work on /opt/airflow/dags/bq_dbt.py
[2024-04-29T04:37:12.439+0000] {processor.py:830} INFO - Processing file /opt/airflow/dags/bq_dbt.py for tasks to queue
[2024-04-29T04:37:12.440+0000] {logging_mixin.py:188} INFO - [2024-04-29T04:37:12.440+0000] {dagbag.py:540} INFO - Filling up the DagBag from /opt/airflow/dags/bq_dbt.py
[2024-04-29T04:37:12.442+0000] {processor.py:842} WARNING - No viable dags retrieved from /opt/airflow/dags/bq_dbt.py
[2024-04-29T04:37:12.457+0000] {processor.py:183} INFO - Processing /opt/airflow/dags/bq_dbt.py took 0.025 seconds
[2024-04-29T04:37:42.959+0000] {processor.py:161} INFO - Started process (PID=8854) to work on /opt/airflow/dags/bq_dbt.py
[2024-04-29T04:37:42.960+0000] {processor.py:830} INFO - Processing file /opt/airflow/dags/bq_dbt.py for tasks to queue
[2024-04-29T04:37:42.961+0000] {logging_mixin.py:188} INFO - [2024-04-29T04:37:42.961+0000] {dagbag.py:540} INFO - Filling up the DagBag from /opt/airflow/dags/bq_dbt.py
[2024-04-29T04:37:42.963+0000] {processor.py:842} WARNING - No viable dags retrieved from /opt/airflow/dags/bq_dbt.py
[2024-04-29T04:37:42.980+0000] {processor.py:183} INFO - Processing /opt/airflow/dags/bq_dbt.py took 0.027 seconds
[2024-04-29T04:38:13.424+0000] {processor.py:161} INFO - Started process (PID=9125) to work on /opt/airflow/dags/bq_dbt.py
[2024-04-29T04:38:13.425+0000] {processor.py:830} INFO - Processing file /opt/airflow/dags/bq_dbt.py for tasks to queue
[2024-04-29T04:38:13.426+0000] {logging_mixin.py:188} INFO - [2024-04-29T04:38:13.426+0000] {dagbag.py:540} INFO - Filling up the DagBag from /opt/airflow/dags/bq_dbt.py
[2024-04-29T04:38:13.428+0000] {processor.py:842} WARNING - No viable dags retrieved from /opt/airflow/dags/bq_dbt.py
[2024-04-29T04:38:13.441+0000] {processor.py:183} INFO - Processing /opt/airflow/dags/bq_dbt.py took 0.023 seconds
[2024-04-29T04:38:44.277+0000] {processor.py:161} INFO - Started process (PID=9398) to work on /opt/airflow/dags/bq_dbt.py
[2024-04-29T04:38:44.278+0000] {processor.py:830} INFO - Processing file /opt/airflow/dags/bq_dbt.py for tasks to queue
[2024-04-29T04:38:44.280+0000] {logging_mixin.py:188} INFO - [2024-04-29T04:38:44.279+0000] {dagbag.py:540} INFO - Filling up the DagBag from /opt/airflow/dags/bq_dbt.py
[2024-04-29T04:38:44.285+0000] {processor.py:842} WARNING - No viable dags retrieved from /opt/airflow/dags/bq_dbt.py
[2024-04-29T04:38:44.311+0000] {processor.py:183} INFO - Processing /opt/airflow/dags/bq_dbt.py took 0.049 seconds
[2024-04-29T04:39:14.669+0000] {processor.py:161} INFO - Started process (PID=9669) to work on /opt/airflow/dags/bq_dbt.py
[2024-04-29T04:39:14.669+0000] {processor.py:830} INFO - Processing file /opt/airflow/dags/bq_dbt.py for tasks to queue
[2024-04-29T04:39:14.671+0000] {logging_mixin.py:188} INFO - [2024-04-29T04:39:14.671+0000] {dagbag.py:540} INFO - Filling up the DagBag from /opt/airflow/dags/bq_dbt.py
[2024-04-29T04:39:14.673+0000] {processor.py:842} WARNING - No viable dags retrieved from /opt/airflow/dags/bq_dbt.py
[2024-04-29T04:39:14.687+0000] {processor.py:183} INFO - Processing /opt/airflow/dags/bq_dbt.py took 0.024 seconds
[2024-04-29T04:39:45.059+0000] {processor.py:161} INFO - Started process (PID=9940) to work on /opt/airflow/dags/bq_dbt.py
[2024-04-29T04:39:45.059+0000] {processor.py:830} INFO - Processing file /opt/airflow/dags/bq_dbt.py for tasks to queue
[2024-04-29T04:39:45.061+0000] {logging_mixin.py:188} INFO - [2024-04-29T04:39:45.061+0000] {dagbag.py:540} INFO - Filling up the DagBag from /opt/airflow/dags/bq_dbt.py
[2024-04-29T04:39:45.063+0000] {processor.py:842} WARNING - No viable dags retrieved from /opt/airflow/dags/bq_dbt.py
[2024-04-29T04:39:45.081+0000] {processor.py:183} INFO - Processing /opt/airflow/dags/bq_dbt.py took 0.028 seconds
[2024-04-29T04:40:15.565+0000] {processor.py:161} INFO - Started process (PID=10212) to work on /opt/airflow/dags/bq_dbt.py
[2024-04-29T04:40:15.567+0000] {processor.py:830} INFO - Processing file /opt/airflow/dags/bq_dbt.py for tasks to queue
[2024-04-29T04:40:15.569+0000] {logging_mixin.py:188} INFO - [2024-04-29T04:40:15.569+0000] {dagbag.py:540} INFO - Filling up the DagBag from /opt/airflow/dags/bq_dbt.py
[2024-04-29T04:40:15.571+0000] {processor.py:842} WARNING - No viable dags retrieved from /opt/airflow/dags/bq_dbt.py
[2024-04-29T04:40:15.585+0000] {processor.py:183} INFO - Processing /opt/airflow/dags/bq_dbt.py took 0.028 seconds
[2024-04-29T04:40:45.803+0000] {processor.py:161} INFO - Started process (PID=10483) to work on /opt/airflow/dags/bq_dbt.py
[2024-04-29T04:40:45.804+0000] {processor.py:830} INFO - Processing file /opt/airflow/dags/bq_dbt.py for tasks to queue
[2024-04-29T04:40:45.805+0000] {logging_mixin.py:188} INFO - [2024-04-29T04:40:45.805+0000] {dagbag.py:540} INFO - Filling up the DagBag from /opt/airflow/dags/bq_dbt.py
[2024-04-29T04:40:45.807+0000] {processor.py:842} WARNING - No viable dags retrieved from /opt/airflow/dags/bq_dbt.py
[2024-04-29T04:40:45.822+0000] {processor.py:183} INFO - Processing /opt/airflow/dags/bq_dbt.py took 0.029 seconds
[2024-04-29T04:41:16.082+0000] {processor.py:161} INFO - Started process (PID=10754) to work on /opt/airflow/dags/bq_dbt.py
[2024-04-29T04:41:16.084+0000] {processor.py:830} INFO - Processing file /opt/airflow/dags/bq_dbt.py for tasks to queue
[2024-04-29T04:41:16.086+0000] {logging_mixin.py:188} INFO - [2024-04-29T04:41:16.086+0000] {dagbag.py:540} INFO - Filling up the DagBag from /opt/airflow/dags/bq_dbt.py
[2024-04-29T04:41:16.088+0000] {processor.py:842} WARNING - No viable dags retrieved from /opt/airflow/dags/bq_dbt.py
[2024-04-29T04:41:16.124+0000] {processor.py:183} INFO - Processing /opt/airflow/dags/bq_dbt.py took 0.056 seconds
[2024-04-29T04:41:46.822+0000] {processor.py:161} INFO - Started process (PID=11025) to work on /opt/airflow/dags/bq_dbt.py
[2024-04-29T04:41:46.825+0000] {processor.py:830} INFO - Processing file /opt/airflow/dags/bq_dbt.py for tasks to queue
[2024-04-29T04:41:46.827+0000] {logging_mixin.py:188} INFO - [2024-04-29T04:41:46.826+0000] {dagbag.py:540} INFO - Filling up the DagBag from /opt/airflow/dags/bq_dbt.py
[2024-04-29T04:41:46.831+0000] {processor.py:842} WARNING - No viable dags retrieved from /opt/airflow/dags/bq_dbt.py
[2024-04-29T04:41:46.846+0000] {processor.py:183} INFO - Processing /opt/airflow/dags/bq_dbt.py took 0.031 seconds
[2024-04-29T04:42:17.025+0000] {processor.py:161} INFO - Started process (PID=11297) to work on /opt/airflow/dags/bq_dbt.py
[2024-04-29T04:42:17.026+0000] {processor.py:830} INFO - Processing file /opt/airflow/dags/bq_dbt.py for tasks to queue
[2024-04-29T04:42:17.030+0000] {logging_mixin.py:188} INFO - [2024-04-29T04:42:17.029+0000] {dagbag.py:540} INFO - Filling up the DagBag from /opt/airflow/dags/bq_dbt.py
[2024-04-29T04:42:17.033+0000] {processor.py:842} WARNING - No viable dags retrieved from /opt/airflow/dags/bq_dbt.py
[2024-04-29T04:42:17.059+0000] {processor.py:183} INFO - Processing /opt/airflow/dags/bq_dbt.py took 0.052 seconds
[2024-04-29T04:42:47.788+0000] {processor.py:161} INFO - Started process (PID=11569) to work on /opt/airflow/dags/bq_dbt.py
[2024-04-29T04:42:47.789+0000] {processor.py:830} INFO - Processing file /opt/airflow/dags/bq_dbt.py for tasks to queue
[2024-04-29T04:42:47.791+0000] {logging_mixin.py:188} INFO - [2024-04-29T04:42:47.791+0000] {dagbag.py:540} INFO - Filling up the DagBag from /opt/airflow/dags/bq_dbt.py
[2024-04-29T04:42:47.792+0000] {processor.py:842} WARNING - No viable dags retrieved from /opt/airflow/dags/bq_dbt.py
[2024-04-29T04:42:47.816+0000] {processor.py:183} INFO - Processing /opt/airflow/dags/bq_dbt.py took 0.035 seconds
[2024-04-29T04:43:18.254+0000] {processor.py:161} INFO - Started process (PID=11840) to work on /opt/airflow/dags/bq_dbt.py
[2024-04-29T04:43:18.255+0000] {processor.py:830} INFO - Processing file /opt/airflow/dags/bq_dbt.py for tasks to queue
[2024-04-29T04:43:18.256+0000] {logging_mixin.py:188} INFO - [2024-04-29T04:43:18.256+0000] {dagbag.py:540} INFO - Filling up the DagBag from /opt/airflow/dags/bq_dbt.py
[2024-04-29T04:43:18.258+0000] {processor.py:842} WARNING - No viable dags retrieved from /opt/airflow/dags/bq_dbt.py
[2024-04-29T04:43:18.287+0000] {processor.py:183} INFO - Processing /opt/airflow/dags/bq_dbt.py took 0.039 seconds
[2024-04-29T04:43:48.684+0000] {processor.py:161} INFO - Started process (PID=12111) to work on /opt/airflow/dags/bq_dbt.py
[2024-04-29T04:43:48.684+0000] {processor.py:830} INFO - Processing file /opt/airflow/dags/bq_dbt.py for tasks to queue
[2024-04-29T04:43:48.686+0000] {logging_mixin.py:188} INFO - [2024-04-29T04:43:48.686+0000] {dagbag.py:540} INFO - Filling up the DagBag from /opt/airflow/dags/bq_dbt.py
[2024-04-29T04:43:48.688+0000] {processor.py:842} WARNING - No viable dags retrieved from /opt/airflow/dags/bq_dbt.py
[2024-04-29T04:43:48.702+0000] {processor.py:183} INFO - Processing /opt/airflow/dags/bq_dbt.py took 0.024 seconds
[2024-04-29T04:44:18.886+0000] {processor.py:161} INFO - Started process (PID=12383) to work on /opt/airflow/dags/bq_dbt.py
[2024-04-29T04:44:18.887+0000] {processor.py:830} INFO - Processing file /opt/airflow/dags/bq_dbt.py for tasks to queue
[2024-04-29T04:44:18.889+0000] {logging_mixin.py:188} INFO - [2024-04-29T04:44:18.888+0000] {dagbag.py:540} INFO - Filling up the DagBag from /opt/airflow/dags/bq_dbt.py
[2024-04-29T04:44:18.890+0000] {processor.py:842} WARNING - No viable dags retrieved from /opt/airflow/dags/bq_dbt.py
[2024-04-29T04:44:18.909+0000] {processor.py:183} INFO - Processing /opt/airflow/dags/bq_dbt.py took 0.028 seconds
[2024-04-29T04:44:49.284+0000] {processor.py:161} INFO - Started process (PID=12654) to work on /opt/airflow/dags/bq_dbt.py
[2024-04-29T04:44:49.284+0000] {processor.py:830} INFO - Processing file /opt/airflow/dags/bq_dbt.py for tasks to queue
[2024-04-29T04:44:49.286+0000] {logging_mixin.py:188} INFO - [2024-04-29T04:44:49.286+0000] {dagbag.py:540} INFO - Filling up the DagBag from /opt/airflow/dags/bq_dbt.py
[2024-04-29T04:44:49.288+0000] {processor.py:842} WARNING - No viable dags retrieved from /opt/airflow/dags/bq_dbt.py
[2024-04-29T04:44:49.307+0000] {processor.py:183} INFO - Processing /opt/airflow/dags/bq_dbt.py took 0.029 seconds
[2024-04-29T04:45:19.829+0000] {processor.py:161} INFO - Started process (PID=12926) to work on /opt/airflow/dags/bq_dbt.py
[2024-04-29T04:45:19.830+0000] {processor.py:830} INFO - Processing file /opt/airflow/dags/bq_dbt.py for tasks to queue
[2024-04-29T04:45:19.832+0000] {logging_mixin.py:188} INFO - [2024-04-29T04:45:19.831+0000] {dagbag.py:540} INFO - Filling up the DagBag from /opt/airflow/dags/bq_dbt.py
[2024-04-29T04:45:19.833+0000] {processor.py:842} WARNING - No viable dags retrieved from /opt/airflow/dags/bq_dbt.py
[2024-04-29T04:45:19.846+0000] {processor.py:183} INFO - Processing /opt/airflow/dags/bq_dbt.py took 0.023 seconds
[2024-04-29T04:45:50.484+0000] {processor.py:161} INFO - Started process (PID=13197) to work on /opt/airflow/dags/bq_dbt.py
[2024-04-29T04:45:50.485+0000] {processor.py:830} INFO - Processing file /opt/airflow/dags/bq_dbt.py for tasks to queue
[2024-04-29T04:45:50.487+0000] {logging_mixin.py:188} INFO - [2024-04-29T04:45:50.486+0000] {dagbag.py:540} INFO - Filling up the DagBag from /opt/airflow/dags/bq_dbt.py
[2024-04-29T04:45:50.488+0000] {processor.py:842} WARNING - No viable dags retrieved from /opt/airflow/dags/bq_dbt.py
[2024-04-29T04:45:50.504+0000] {processor.py:183} INFO - Processing /opt/airflow/dags/bq_dbt.py took 0.025 seconds
[2024-04-29T04:46:20.972+0000] {processor.py:161} INFO - Started process (PID=13468) to work on /opt/airflow/dags/bq_dbt.py
[2024-04-29T04:46:20.975+0000] {processor.py:830} INFO - Processing file /opt/airflow/dags/bq_dbt.py for tasks to queue
[2024-04-29T04:46:20.976+0000] {logging_mixin.py:188} INFO - [2024-04-29T04:46:20.976+0000] {dagbag.py:540} INFO - Filling up the DagBag from /opt/airflow/dags/bq_dbt.py
[2024-04-29T04:46:20.978+0000] {processor.py:842} WARNING - No viable dags retrieved from /opt/airflow/dags/bq_dbt.py
[2024-04-29T04:46:20.992+0000] {processor.py:183} INFO - Processing /opt/airflow/dags/bq_dbt.py took 0.025 seconds
[2024-04-29T04:46:51.366+0000] {processor.py:161} INFO - Started process (PID=13740) to work on /opt/airflow/dags/bq_dbt.py
[2024-04-29T04:46:51.367+0000] {processor.py:830} INFO - Processing file /opt/airflow/dags/bq_dbt.py for tasks to queue
[2024-04-29T04:46:51.369+0000] {logging_mixin.py:188} INFO - [2024-04-29T04:46:51.369+0000] {dagbag.py:540} INFO - Filling up the DagBag from /opt/airflow/dags/bq_dbt.py
[2024-04-29T04:46:51.371+0000] {processor.py:842} WARNING - No viable dags retrieved from /opt/airflow/dags/bq_dbt.py
[2024-04-29T04:46:51.386+0000] {processor.py:183} INFO - Processing /opt/airflow/dags/bq_dbt.py took 0.026 seconds
[2024-04-29T04:47:21.763+0000] {processor.py:161} INFO - Started process (PID=14012) to work on /opt/airflow/dags/bq_dbt.py
[2024-04-29T04:47:21.764+0000] {processor.py:830} INFO - Processing file /opt/airflow/dags/bq_dbt.py for tasks to queue
[2024-04-29T04:47:21.766+0000] {logging_mixin.py:188} INFO - [2024-04-29T04:47:21.765+0000] {dagbag.py:540} INFO - Filling up the DagBag from /opt/airflow/dags/bq_dbt.py
[2024-04-29T04:47:21.767+0000] {processor.py:842} WARNING - No viable dags retrieved from /opt/airflow/dags/bq_dbt.py
[2024-04-29T04:47:21.781+0000] {processor.py:183} INFO - Processing /opt/airflow/dags/bq_dbt.py took 0.023 seconds
[2024-04-29T04:47:52.141+0000] {processor.py:161} INFO - Started process (PID=14284) to work on /opt/airflow/dags/bq_dbt.py
[2024-04-29T04:47:52.142+0000] {processor.py:830} INFO - Processing file /opt/airflow/dags/bq_dbt.py for tasks to queue
[2024-04-29T04:47:52.143+0000] {logging_mixin.py:188} INFO - [2024-04-29T04:47:52.143+0000] {dagbag.py:540} INFO - Filling up the DagBag from /opt/airflow/dags/bq_dbt.py
[2024-04-29T04:47:52.145+0000] {processor.py:842} WARNING - No viable dags retrieved from /opt/airflow/dags/bq_dbt.py
[2024-04-29T04:47:52.160+0000] {processor.py:183} INFO - Processing /opt/airflow/dags/bq_dbt.py took 0.025 seconds
[2024-04-29T04:48:22.947+0000] {processor.py:161} INFO - Started process (PID=14555) to work on /opt/airflow/dags/bq_dbt.py
[2024-04-29T04:48:22.970+0000] {processor.py:830} INFO - Processing file /opt/airflow/dags/bq_dbt.py for tasks to queue
[2024-04-29T04:48:22.972+0000] {logging_mixin.py:188} INFO - [2024-04-29T04:48:22.972+0000] {dagbag.py:540} INFO - Filling up the DagBag from /opt/airflow/dags/bq_dbt.py
[2024-04-29T04:48:22.974+0000] {processor.py:842} WARNING - No viable dags retrieved from /opt/airflow/dags/bq_dbt.py
[2024-04-29T04:48:23.016+0000] {processor.py:183} INFO - Processing /opt/airflow/dags/bq_dbt.py took 0.075 seconds
[2024-04-29T04:48:53.474+0000] {processor.py:161} INFO - Started process (PID=14827) to work on /opt/airflow/dags/bq_dbt.py
[2024-04-29T04:48:53.475+0000] {processor.py:830} INFO - Processing file /opt/airflow/dags/bq_dbt.py for tasks to queue
[2024-04-29T04:48:53.477+0000] {logging_mixin.py:188} INFO - [2024-04-29T04:48:53.476+0000] {dagbag.py:540} INFO - Filling up the DagBag from /opt/airflow/dags/bq_dbt.py
[2024-04-29T04:48:53.479+0000] {processor.py:842} WARNING - No viable dags retrieved from /opt/airflow/dags/bq_dbt.py
[2024-04-29T04:48:53.493+0000] {processor.py:183} INFO - Processing /opt/airflow/dags/bq_dbt.py took 0.024 seconds
[2024-04-29T04:49:23.675+0000] {processor.py:161} INFO - Started process (PID=15099) to work on /opt/airflow/dags/bq_dbt.py
[2024-04-29T04:49:23.681+0000] {processor.py:830} INFO - Processing file /opt/airflow/dags/bq_dbt.py for tasks to queue
[2024-04-29T04:49:23.683+0000] {logging_mixin.py:188} INFO - [2024-04-29T04:49:23.683+0000] {dagbag.py:540} INFO - Filling up the DagBag from /opt/airflow/dags/bq_dbt.py
[2024-04-29T04:49:23.694+0000] {processor.py:842} WARNING - No viable dags retrieved from /opt/airflow/dags/bq_dbt.py
[2024-04-29T04:49:23.718+0000] {processor.py:183} INFO - Processing /opt/airflow/dags/bq_dbt.py took 0.066 seconds
[2024-04-29T04:49:54.030+0000] {processor.py:161} INFO - Started process (PID=15371) to work on /opt/airflow/dags/bq_dbt.py
[2024-04-29T04:49:54.031+0000] {processor.py:830} INFO - Processing file /opt/airflow/dags/bq_dbt.py for tasks to queue
[2024-04-29T04:49:54.032+0000] {logging_mixin.py:188} INFO - [2024-04-29T04:49:54.032+0000] {dagbag.py:540} INFO - Filling up the DagBag from /opt/airflow/dags/bq_dbt.py
[2024-04-29T04:49:54.034+0000] {processor.py:842} WARNING - No viable dags retrieved from /opt/airflow/dags/bq_dbt.py
[2024-04-29T04:49:54.049+0000] {processor.py:183} INFO - Processing /opt/airflow/dags/bq_dbt.py took 0.025 seconds
[2024-04-29T14:45:50.354+0000] {processor.py:161} INFO - Started process (PID=167) to work on /opt/airflow/dags/bq_dbt.py
[2024-04-29T14:45:50.373+0000] {processor.py:830} INFO - Processing file /opt/airflow/dags/bq_dbt.py for tasks to queue
[2024-04-29T14:45:50.392+0000] {logging_mixin.py:188} INFO - [2024-04-29T14:45:50.392+0000] {dagbag.py:540} INFO - Filling up the DagBag from /opt/airflow/dags/bq_dbt.py
[2024-04-29T14:45:50.397+0000] {processor.py:842} WARNING - No viable dags retrieved from /opt/airflow/dags/bq_dbt.py
[2024-04-29T14:45:50.446+0000] {processor.py:183} INFO - Processing /opt/airflow/dags/bq_dbt.py took 0.126 seconds
[2024-04-29T14:46:21.184+0000] {processor.py:161} INFO - Started process (PID=439) to work on /opt/airflow/dags/bq_dbt.py
[2024-04-29T14:46:21.186+0000] {processor.py:830} INFO - Processing file /opt/airflow/dags/bq_dbt.py for tasks to queue
[2024-04-29T14:46:21.188+0000] {logging_mixin.py:188} INFO - [2024-04-29T14:46:21.187+0000] {dagbag.py:540} INFO - Filling up the DagBag from /opt/airflow/dags/bq_dbt.py
[2024-04-29T14:46:21.189+0000] {processor.py:842} WARNING - No viable dags retrieved from /opt/airflow/dags/bq_dbt.py
[2024-04-29T14:46:21.203+0000] {processor.py:183} INFO - Processing /opt/airflow/dags/bq_dbt.py took 0.026 seconds
[2024-04-29T14:46:51.852+0000] {processor.py:161} INFO - Started process (PID=710) to work on /opt/airflow/dags/bq_dbt.py
[2024-04-29T14:46:51.853+0000] {processor.py:830} INFO - Processing file /opt/airflow/dags/bq_dbt.py for tasks to queue
[2024-04-29T14:46:51.856+0000] {logging_mixin.py:188} INFO - [2024-04-29T14:46:51.856+0000] {dagbag.py:540} INFO - Filling up the DagBag from /opt/airflow/dags/bq_dbt.py
[2024-04-29T14:46:51.858+0000] {processor.py:842} WARNING - No viable dags retrieved from /opt/airflow/dags/bq_dbt.py
[2024-04-29T14:46:51.873+0000] {processor.py:183} INFO - Processing /opt/airflow/dags/bq_dbt.py took 0.029 seconds
[2024-04-29T14:47:22.044+0000] {processor.py:161} INFO - Started process (PID=981) to work on /opt/airflow/dags/bq_dbt.py
[2024-04-29T14:47:22.045+0000] {processor.py:830} INFO - Processing file /opt/airflow/dags/bq_dbt.py for tasks to queue
[2024-04-29T14:47:22.046+0000] {logging_mixin.py:188} INFO - [2024-04-29T14:47:22.046+0000] {dagbag.py:540} INFO - Filling up the DagBag from /opt/airflow/dags/bq_dbt.py
[2024-04-29T14:47:22.048+0000] {processor.py:842} WARNING - No viable dags retrieved from /opt/airflow/dags/bq_dbt.py
[2024-04-29T14:47:22.060+0000] {processor.py:183} INFO - Processing /opt/airflow/dags/bq_dbt.py took 0.026 seconds
[2024-04-29T14:47:52.846+0000] {processor.py:161} INFO - Started process (PID=1250) to work on /opt/airflow/dags/bq_dbt.py
[2024-04-29T14:47:52.846+0000] {processor.py:830} INFO - Processing file /opt/airflow/dags/bq_dbt.py for tasks to queue
[2024-04-29T14:47:52.848+0000] {logging_mixin.py:188} INFO - [2024-04-29T14:47:52.848+0000] {dagbag.py:540} INFO - Filling up the DagBag from /opt/airflow/dags/bq_dbt.py
[2024-04-29T14:47:52.850+0000] {processor.py:842} WARNING - No viable dags retrieved from /opt/airflow/dags/bq_dbt.py
[2024-04-29T14:47:52.863+0000] {processor.py:183} INFO - Processing /opt/airflow/dags/bq_dbt.py took 0.025 seconds
[2024-04-29T14:48:23.481+0000] {processor.py:161} INFO - Started process (PID=1522) to work on /opt/airflow/dags/bq_dbt.py
[2024-04-29T14:48:23.482+0000] {processor.py:830} INFO - Processing file /opt/airflow/dags/bq_dbt.py for tasks to queue
[2024-04-29T14:48:23.484+0000] {logging_mixin.py:188} INFO - [2024-04-29T14:48:23.483+0000] {dagbag.py:540} INFO - Filling up the DagBag from /opt/airflow/dags/bq_dbt.py
[2024-04-29T14:48:23.491+0000] {processor.py:842} WARNING - No viable dags retrieved from /opt/airflow/dags/bq_dbt.py
[2024-04-29T14:48:23.546+0000] {processor.py:183} INFO - Processing /opt/airflow/dags/bq_dbt.py took 0.071 seconds
[2024-04-29T14:48:53.801+0000] {processor.py:161} INFO - Started process (PID=1790) to work on /opt/airflow/dags/bq_dbt.py
[2024-04-29T14:48:53.802+0000] {processor.py:830} INFO - Processing file /opt/airflow/dags/bq_dbt.py for tasks to queue
[2024-04-29T14:48:53.803+0000] {logging_mixin.py:188} INFO - [2024-04-29T14:48:53.803+0000] {dagbag.py:540} INFO - Filling up the DagBag from /opt/airflow/dags/bq_dbt.py
[2024-04-29T14:48:53.805+0000] {processor.py:842} WARNING - No viable dags retrieved from /opt/airflow/dags/bq_dbt.py
[2024-04-29T14:48:53.819+0000] {processor.py:183} INFO - Processing /opt/airflow/dags/bq_dbt.py took 0.025 seconds
[2024-04-29T14:49:23.933+0000] {processor.py:161} INFO - Started process (PID=2062) to work on /opt/airflow/dags/bq_dbt.py
[2024-04-29T14:49:23.938+0000] {processor.py:830} INFO - Processing file /opt/airflow/dags/bq_dbt.py for tasks to queue
[2024-04-29T14:49:23.942+0000] {logging_mixin.py:188} INFO - [2024-04-29T14:49:23.941+0000] {dagbag.py:540} INFO - Filling up the DagBag from /opt/airflow/dags/bq_dbt.py
[2024-04-29T14:49:23.944+0000] {processor.py:842} WARNING - No viable dags retrieved from /opt/airflow/dags/bq_dbt.py
[2024-04-29T14:49:23.957+0000] {processor.py:183} INFO - Processing /opt/airflow/dags/bq_dbt.py took 0.030 seconds
[2024-04-29T14:49:54.864+0000] {processor.py:161} INFO - Started process (PID=2334) to work on /opt/airflow/dags/bq_dbt.py
[2024-04-29T14:49:54.865+0000] {processor.py:830} INFO - Processing file /opt/airflow/dags/bq_dbt.py for tasks to queue
[2024-04-29T14:49:54.869+0000] {logging_mixin.py:188} INFO - [2024-04-29T14:49:54.869+0000] {dagbag.py:540} INFO - Filling up the DagBag from /opt/airflow/dags/bq_dbt.py
[2024-04-29T14:49:54.872+0000] {processor.py:842} WARNING - No viable dags retrieved from /opt/airflow/dags/bq_dbt.py
[2024-04-29T14:49:54.890+0000] {processor.py:183} INFO - Processing /opt/airflow/dags/bq_dbt.py took 0.034 seconds
[2024-04-29T14:50:25.047+0000] {processor.py:161} INFO - Started process (PID=2606) to work on /opt/airflow/dags/bq_dbt.py
[2024-04-29T14:50:25.048+0000] {processor.py:830} INFO - Processing file /opt/airflow/dags/bq_dbt.py for tasks to queue
[2024-04-29T14:50:25.050+0000] {logging_mixin.py:188} INFO - [2024-04-29T14:50:25.050+0000] {dagbag.py:540} INFO - Filling up the DagBag from /opt/airflow/dags/bq_dbt.py
[2024-04-29T14:50:25.052+0000] {processor.py:842} WARNING - No viable dags retrieved from /opt/airflow/dags/bq_dbt.py
[2024-04-29T14:50:25.066+0000] {processor.py:183} INFO - Processing /opt/airflow/dags/bq_dbt.py took 0.033 seconds
[2024-04-29T14:50:55.475+0000] {processor.py:161} INFO - Started process (PID=2877) to work on /opt/airflow/dags/bq_dbt.py
[2024-04-29T14:50:55.476+0000] {processor.py:830} INFO - Processing file /opt/airflow/dags/bq_dbt.py for tasks to queue
[2024-04-29T14:50:55.478+0000] {logging_mixin.py:188} INFO - [2024-04-29T14:50:55.478+0000] {dagbag.py:540} INFO - Filling up the DagBag from /opt/airflow/dags/bq_dbt.py
[2024-04-29T14:50:55.480+0000] {processor.py:842} WARNING - No viable dags retrieved from /opt/airflow/dags/bq_dbt.py
[2024-04-29T14:50:55.493+0000] {processor.py:183} INFO - Processing /opt/airflow/dags/bq_dbt.py took 0.024 seconds
[2024-04-29T14:51:25.556+0000] {processor.py:161} INFO - Started process (PID=3148) to work on /opt/airflow/dags/bq_dbt.py
[2024-04-29T14:51:25.557+0000] {processor.py:830} INFO - Processing file /opt/airflow/dags/bq_dbt.py for tasks to queue
[2024-04-29T14:51:25.559+0000] {logging_mixin.py:188} INFO - [2024-04-29T14:51:25.559+0000] {dagbag.py:540} INFO - Filling up the DagBag from /opt/airflow/dags/bq_dbt.py
[2024-04-29T14:51:25.560+0000] {processor.py:842} WARNING - No viable dags retrieved from /opt/airflow/dags/bq_dbt.py
[2024-04-29T14:51:25.571+0000] {processor.py:183} INFO - Processing /opt/airflow/dags/bq_dbt.py took 0.021 seconds
[2024-04-29T14:51:55.729+0000] {processor.py:161} INFO - Started process (PID=3419) to work on /opt/airflow/dags/bq_dbt.py
[2024-04-29T14:51:55.736+0000] {processor.py:830} INFO - Processing file /opt/airflow/dags/bq_dbt.py for tasks to queue
[2024-04-29T14:51:55.738+0000] {logging_mixin.py:188} INFO - [2024-04-29T14:51:55.737+0000] {dagbag.py:540} INFO - Filling up the DagBag from /opt/airflow/dags/bq_dbt.py
[2024-04-29T14:51:55.741+0000] {processor.py:842} WARNING - No viable dags retrieved from /opt/airflow/dags/bq_dbt.py
[2024-04-29T14:51:55.774+0000] {processor.py:183} INFO - Processing /opt/airflow/dags/bq_dbt.py took 0.081 seconds
[2024-04-29T14:52:26.068+0000] {processor.py:161} INFO - Started process (PID=3690) to work on /opt/airflow/dags/bq_dbt.py
[2024-04-29T14:52:26.077+0000] {processor.py:830} INFO - Processing file /opt/airflow/dags/bq_dbt.py for tasks to queue
[2024-04-29T14:52:26.080+0000] {logging_mixin.py:188} INFO - [2024-04-29T14:52:26.079+0000] {dagbag.py:540} INFO - Filling up the DagBag from /opt/airflow/dags/bq_dbt.py
[2024-04-29T14:52:26.081+0000] {processor.py:842} WARNING - No viable dags retrieved from /opt/airflow/dags/bq_dbt.py
[2024-04-29T14:52:26.106+0000] {processor.py:183} INFO - Processing /opt/airflow/dags/bq_dbt.py took 0.058 seconds
[2024-04-29T14:52:56.460+0000] {processor.py:161} INFO - Started process (PID=3961) to work on /opt/airflow/dags/bq_dbt.py
[2024-04-29T14:52:56.465+0000] {processor.py:830} INFO - Processing file /opt/airflow/dags/bq_dbt.py for tasks to queue
[2024-04-29T14:52:56.474+0000] {logging_mixin.py:188} INFO - [2024-04-29T14:52:56.473+0000] {dagbag.py:540} INFO - Filling up the DagBag from /opt/airflow/dags/bq_dbt.py
[2024-04-29T14:52:56.476+0000] {processor.py:842} WARNING - No viable dags retrieved from /opt/airflow/dags/bq_dbt.py
[2024-04-29T14:52:56.532+0000] {processor.py:183} INFO - Processing /opt/airflow/dags/bq_dbt.py took 0.083 seconds
[2024-04-29T14:53:26.654+0000] {processor.py:161} INFO - Started process (PID=4232) to work on /opt/airflow/dags/bq_dbt.py
[2024-04-29T14:53:26.655+0000] {processor.py:830} INFO - Processing file /opt/airflow/dags/bq_dbt.py for tasks to queue
[2024-04-29T14:53:26.657+0000] {logging_mixin.py:188} INFO - [2024-04-29T14:53:26.657+0000] {dagbag.py:540} INFO - Filling up the DagBag from /opt/airflow/dags/bq_dbt.py
[2024-04-29T14:53:26.659+0000] {processor.py:842} WARNING - No viable dags retrieved from /opt/airflow/dags/bq_dbt.py
[2024-04-29T14:53:26.674+0000] {processor.py:183} INFO - Processing /opt/airflow/dags/bq_dbt.py took 0.028 seconds
[2024-04-29T14:53:57.299+0000] {processor.py:161} INFO - Started process (PID=4502) to work on /opt/airflow/dags/bq_dbt.py
[2024-04-29T14:53:57.300+0000] {processor.py:830} INFO - Processing file /opt/airflow/dags/bq_dbt.py for tasks to queue
[2024-04-29T14:53:57.302+0000] {logging_mixin.py:188} INFO - [2024-04-29T14:53:57.301+0000] {dagbag.py:540} INFO - Filling up the DagBag from /opt/airflow/dags/bq_dbt.py
[2024-04-29T14:53:57.303+0000] {processor.py:842} WARNING - No viable dags retrieved from /opt/airflow/dags/bq_dbt.py
[2024-04-29T14:53:57.316+0000] {processor.py:183} INFO - Processing /opt/airflow/dags/bq_dbt.py took 0.023 seconds
[2024-04-29T14:54:27.488+0000] {processor.py:161} INFO - Started process (PID=4773) to work on /opt/airflow/dags/bq_dbt.py
[2024-04-29T14:54:27.489+0000] {processor.py:830} INFO - Processing file /opt/airflow/dags/bq_dbt.py for tasks to queue
[2024-04-29T14:54:27.491+0000] {logging_mixin.py:188} INFO - [2024-04-29T14:54:27.491+0000] {dagbag.py:540} INFO - Filling up the DagBag from /opt/airflow/dags/bq_dbt.py
[2024-04-29T14:54:27.493+0000] {processor.py:842} WARNING - No viable dags retrieved from /opt/airflow/dags/bq_dbt.py
[2024-04-29T14:54:27.503+0000] {processor.py:183} INFO - Processing /opt/airflow/dags/bq_dbt.py took 0.021 seconds
[2024-04-29T14:54:57.850+0000] {processor.py:161} INFO - Started process (PID=5044) to work on /opt/airflow/dags/bq_dbt.py
[2024-04-29T14:54:57.859+0000] {processor.py:830} INFO - Processing file /opt/airflow/dags/bq_dbt.py for tasks to queue
[2024-04-29T14:54:57.861+0000] {logging_mixin.py:188} INFO - [2024-04-29T14:54:57.861+0000] {dagbag.py:540} INFO - Filling up the DagBag from /opt/airflow/dags/bq_dbt.py
[2024-04-29T14:54:57.863+0000] {processor.py:842} WARNING - No viable dags retrieved from /opt/airflow/dags/bq_dbt.py
[2024-04-29T14:54:57.878+0000] {processor.py:183} INFO - Processing /opt/airflow/dags/bq_dbt.py took 0.033 seconds
[2024-04-29T14:55:27.926+0000] {processor.py:161} INFO - Started process (PID=5315) to work on /opt/airflow/dags/bq_dbt.py
[2024-04-29T14:55:27.926+0000] {processor.py:830} INFO - Processing file /opt/airflow/dags/bq_dbt.py for tasks to queue
[2024-04-29T14:55:27.928+0000] {logging_mixin.py:188} INFO - [2024-04-29T14:55:27.928+0000] {dagbag.py:540} INFO - Filling up the DagBag from /opt/airflow/dags/bq_dbt.py
[2024-04-29T14:55:27.930+0000] {processor.py:842} WARNING - No viable dags retrieved from /opt/airflow/dags/bq_dbt.py
[2024-04-29T14:55:27.944+0000] {processor.py:183} INFO - Processing /opt/airflow/dags/bq_dbt.py took 0.025 seconds
[2024-04-29T14:55:58.257+0000] {processor.py:161} INFO - Started process (PID=5585) to work on /opt/airflow/dags/bq_dbt.py
[2024-04-29T14:55:58.262+0000] {processor.py:830} INFO - Processing file /opt/airflow/dags/bq_dbt.py for tasks to queue
[2024-04-29T14:55:58.278+0000] {logging_mixin.py:188} INFO - [2024-04-29T14:55:58.277+0000] {dagbag.py:540} INFO - Filling up the DagBag from /opt/airflow/dags/bq_dbt.py
[2024-04-29T14:55:58.284+0000] {processor.py:842} WARNING - No viable dags retrieved from /opt/airflow/dags/bq_dbt.py
[2024-04-29T14:55:58.372+0000] {processor.py:183} INFO - Processing /opt/airflow/dags/bq_dbt.py took 0.146 seconds
[2024-04-29T14:56:28.815+0000] {processor.py:161} INFO - Started process (PID=5856) to work on /opt/airflow/dags/bq_dbt.py
[2024-04-29T14:56:28.816+0000] {processor.py:830} INFO - Processing file /opt/airflow/dags/bq_dbt.py for tasks to queue
[2024-04-29T14:56:28.818+0000] {logging_mixin.py:188} INFO - [2024-04-29T14:56:28.818+0000] {dagbag.py:540} INFO - Filling up the DagBag from /opt/airflow/dags/bq_dbt.py
[2024-04-29T14:56:28.820+0000] {processor.py:842} WARNING - No viable dags retrieved from /opt/airflow/dags/bq_dbt.py
[2024-04-29T14:56:28.853+0000] {processor.py:183} INFO - Processing /opt/airflow/dags/bq_dbt.py took 0.049 seconds
[2024-04-29T14:56:59.204+0000] {processor.py:161} INFO - Started process (PID=6127) to work on /opt/airflow/dags/bq_dbt.py
[2024-04-29T14:56:59.205+0000] {processor.py:830} INFO - Processing file /opt/airflow/dags/bq_dbt.py for tasks to queue
[2024-04-29T14:56:59.207+0000] {logging_mixin.py:188} INFO - [2024-04-29T14:56:59.206+0000] {dagbag.py:540} INFO - Filling up the DagBag from /opt/airflow/dags/bq_dbt.py
[2024-04-29T14:56:59.209+0000] {processor.py:842} WARNING - No viable dags retrieved from /opt/airflow/dags/bq_dbt.py
[2024-04-29T14:56:59.224+0000] {processor.py:183} INFO - Processing /opt/airflow/dags/bq_dbt.py took 0.027 seconds
[2024-04-29T14:57:29.340+0000] {processor.py:161} INFO - Started process (PID=6396) to work on /opt/airflow/dags/bq_dbt.py
[2024-04-29T14:57:29.341+0000] {processor.py:830} INFO - Processing file /opt/airflow/dags/bq_dbt.py for tasks to queue
[2024-04-29T14:57:29.343+0000] {logging_mixin.py:188} INFO - [2024-04-29T14:57:29.342+0000] {dagbag.py:540} INFO - Filling up the DagBag from /opt/airflow/dags/bq_dbt.py
[2024-04-29T14:57:29.344+0000] {processor.py:842} WARNING - No viable dags retrieved from /opt/airflow/dags/bq_dbt.py
[2024-04-29T14:57:29.374+0000] {processor.py:183} INFO - Processing /opt/airflow/dags/bq_dbt.py took 0.046 seconds
[2024-04-29T14:57:59.461+0000] {processor.py:161} INFO - Started process (PID=6664) to work on /opt/airflow/dags/bq_dbt.py
[2024-04-29T14:57:59.462+0000] {processor.py:830} INFO - Processing file /opt/airflow/dags/bq_dbt.py for tasks to queue
[2024-04-29T14:57:59.464+0000] {logging_mixin.py:188} INFO - [2024-04-29T14:57:59.464+0000] {dagbag.py:540} INFO - Filling up the DagBag from /opt/airflow/dags/bq_dbt.py
[2024-04-29T14:57:59.468+0000] {processor.py:842} WARNING - No viable dags retrieved from /opt/airflow/dags/bq_dbt.py
[2024-04-29T14:57:59.494+0000] {processor.py:183} INFO - Processing /opt/airflow/dags/bq_dbt.py took 0.042 seconds
[2024-04-29T14:58:29.615+0000] {processor.py:161} INFO - Started process (PID=6935) to work on /opt/airflow/dags/bq_dbt.py
[2024-04-29T14:58:29.616+0000] {processor.py:830} INFO - Processing file /opt/airflow/dags/bq_dbt.py for tasks to queue
[2024-04-29T14:58:29.617+0000] {logging_mixin.py:188} INFO - [2024-04-29T14:58:29.617+0000] {dagbag.py:540} INFO - Filling up the DagBag from /opt/airflow/dags/bq_dbt.py
[2024-04-29T14:58:29.619+0000] {processor.py:842} WARNING - No viable dags retrieved from /opt/airflow/dags/bq_dbt.py
[2024-04-29T14:58:29.724+0000] {processor.py:183} INFO - Processing /opt/airflow/dags/bq_dbt.py took 0.122 seconds
[2024-04-29T14:58:59.897+0000] {processor.py:161} INFO - Started process (PID=7205) to work on /opt/airflow/dags/bq_dbt.py
[2024-04-29T14:58:59.898+0000] {processor.py:830} INFO - Processing file /opt/airflow/dags/bq_dbt.py for tasks to queue
[2024-04-29T14:58:59.900+0000] {logging_mixin.py:188} INFO - [2024-04-29T14:58:59.900+0000] {dagbag.py:540} INFO - Filling up the DagBag from /opt/airflow/dags/bq_dbt.py
[2024-04-29T14:58:59.902+0000] {processor.py:842} WARNING - No viable dags retrieved from /opt/airflow/dags/bq_dbt.py
[2024-04-29T14:58:59.915+0000] {processor.py:183} INFO - Processing /opt/airflow/dags/bq_dbt.py took 0.031 seconds
[2024-04-29T14:59:30.794+0000] {processor.py:161} INFO - Started process (PID=7475) to work on /opt/airflow/dags/bq_dbt.py
[2024-04-29T14:59:30.795+0000] {processor.py:830} INFO - Processing file /opt/airflow/dags/bq_dbt.py for tasks to queue
[2024-04-29T14:59:30.796+0000] {logging_mixin.py:188} INFO - [2024-04-29T14:59:30.796+0000] {dagbag.py:540} INFO - Filling up the DagBag from /opt/airflow/dags/bq_dbt.py
[2024-04-29T14:59:30.798+0000] {processor.py:842} WARNING - No viable dags retrieved from /opt/airflow/dags/bq_dbt.py
[2024-04-29T14:59:30.817+0000] {processor.py:183} INFO - Processing /opt/airflow/dags/bq_dbt.py took 0.032 seconds
