[2024-04-28T13:56:36.337+0000] {local_task_job_runner.py:120} INFO - ::group::Pre task execution logs
[2024-04-28T13:56:36.467+0000] {taskinstance.py:2073} INFO - Dependencies all met for dep_context=non-requeueable deps ti=<TaskInstance: etl.gcs_to_bq_reviews scheduled__2024-04-27T00:00:00+00:00 [queued]>
[2024-04-28T13:56:36.614+0000] {taskinstance.py:2073} INFO - Dependencies all met for dep_context=requeueable deps ti=<TaskInstance: etl.gcs_to_bq_reviews scheduled__2024-04-27T00:00:00+00:00 [queued]>
[2024-04-28T13:56:36.622+0000] {taskinstance.py:2303} INFO - Starting attempt 1 of 1
[2024-04-28T13:56:36.835+0000] {taskinstance.py:2327} INFO - Executing <Task(GCSToBigQueryOperator): gcs_to_bq_reviews> on 2024-04-27 00:00:00+00:00
[2024-04-28T13:56:37.092+0000] {standard_task_runner.py:90} INFO - Running: ['***', 'tasks', 'run', 'etl', 'gcs_to_bq_reviews', 'scheduled__2024-04-27T00:00:00+00:00', '--job-id', '438', '--raw', '--subdir', 'DAGS_FOLDER/etl.py', '--cfg-path', '/tmp/tmp5vc6wqt2']
[2024-04-28T13:56:37.122+0000] {standard_task_runner.py:91} INFO - Job 438: Subtask gcs_to_bq_reviews
[2024-04-28T13:56:37.201+0000] {logging_mixin.py:188} WARNING - /home/***/.local/lib/python3.12/site-packages/***/task/task_runner/standard_task_runner.py:61 DeprecationWarning: This process (pid=555) is multi-threaded, use of fork() may lead to deadlocks in the child.
[2024-04-28T13:56:37.218+0000] {standard_task_runner.py:63} INFO - Started process 679 to run task
[2024-04-28T13:56:37.556+0000] {task_command.py:426} INFO - Running <TaskInstance: etl.gcs_to_bq_reviews scheduled__2024-04-27T00:00:00+00:00 [running]> on host b619dce40a27
[2024-04-28T13:56:38.333+0000] {taskinstance.py:2644} INFO - Exporting env vars: AIRFLOW_CTX_DAG_OWNER='***' AIRFLOW_CTX_DAG_ID='etl' AIRFLOW_CTX_TASK_ID='gcs_to_bq_reviews' AIRFLOW_CTX_EXECUTION_DATE='2024-04-27T00:00:00+00:00' AIRFLOW_CTX_TRY_NUMBER='1' AIRFLOW_CTX_DAG_RUN_ID='scheduled__2024-04-27T00:00:00+00:00'
[2024-04-28T13:56:38.347+0000] {taskinstance.py:430} INFO - ::endgroup::
[2024-04-28T13:56:38.400+0000] {connection.py:274} WARNING - Connection schemes (type: google_cloud_platform) shall not contain '_' according to RFC3986.
[2024-04-28T13:56:38.531+0000] {base.py:84} INFO - Using connection ID 'my_gcp_conn' for task execution.
[2024-04-28T13:56:38.536+0000] {gcs_to_bigquery.py:379} INFO - Using existing BigQuery table for storing data...
[2024-04-28T13:56:39.142+0000] {bigquery.py:2328} INFO - Project is not included in destination_project_dataset_table: order.olist_reviews_dataset; using project "dataengineer-415510"
[2024-04-28T13:56:39.144+0000] {gcs_to_bigquery.py:383} INFO - Executing: {'load': {'autodetect': True, 'createDisposition': 'CREATE_IF_NEEDED', 'destinationTable': {'projectId': 'dataengineer-415510', 'datasetId': 'order', 'tableId': 'olist_reviews_dataset'}, 'sourceFormat': 'CSV', 'sourceUris': ['gs://swu-ds-525-112233/olist_order_reviews_dataset.csv'], 'writeDisposition': 'WRITE_TRUNCATE', 'ignoreUnknownValues': False, 'skipLeadingRows': None, 'fieldDelimiter': ',', 'quote': None, 'allowQuotedNewlines': False, 'encoding': 'UTF-8'}}
[2024-04-28T13:56:39.156+0000] {bigquery.py:1613} INFO - Inserting job ***_etl_gcs_to_bq_reviews_2024_04_27T00_00_00_00_00_ec5e04271669f02a63e517276ecd7156
[2024-04-28T13:56:55.667+0000] {taskinstance.py:441} INFO - ::group::Post task execution logs
[2024-04-28T13:56:55.720+0000] {taskinstance.py:1205} INFO - Marking task as SUCCESS. dag_id=etl, task_id=gcs_to_bq_reviews, execution_date=20240427T000000, start_date=20240428T135636, end_date=20240428T135655
[2024-04-28T13:56:55.828+0000] {local_task_job_runner.py:240} INFO - Task exited with return code 0
[2024-04-28T13:56:55.869+0000] {taskinstance.py:3482} INFO - 0 downstream tasks scheduled from follow-on schedule check
[2024-04-28T13:56:55.879+0000] {local_task_job_runner.py:222} INFO - ::endgroup::
