[2024-04-27T06:52:55.460+0000] {local_task_job_runner.py:120} INFO - ::group::Pre task execution logs
[2024-04-27T06:52:55.710+0000] {taskinstance.py:2073} INFO - Dependencies all met for dep_context=non-requeueable deps ti=<TaskInstance: etl.upload_file_customers scheduled__2024-04-26T00:00:00+00:00 [queued]>
[2024-04-27T06:52:55.835+0000] {taskinstance.py:2073} INFO - Dependencies all met for dep_context=requeueable deps ti=<TaskInstance: etl.upload_file_customers scheduled__2024-04-26T00:00:00+00:00 [queued]>
[2024-04-27T06:52:55.852+0000] {taskinstance.py:2303} INFO - Starting attempt 2 of 2
[2024-04-27T06:52:56.056+0000] {taskinstance.py:2327} INFO - Executing <Task(LocalFilesystemToGCSOperator): upload_file_customers> on 2024-04-26 00:00:00+00:00
[2024-04-27T06:52:56.227+0000] {standard_task_runner.py:90} INFO - Running: ['***', 'tasks', 'run', 'etl', 'upload_file_customers', 'scheduled__2024-04-26T00:00:00+00:00', '--job-id', '411', '--raw', '--subdir', 'DAGS_FOLDER/etl.py', '--cfg-path', '/tmp/tmp084y6m8v']
[2024-04-27T06:52:56.271+0000] {standard_task_runner.py:91} INFO - Job 411: Subtask upload_file_customers
[2024-04-27T06:52:56.279+0000] {logging_mixin.py:188} WARNING - /home/***/.local/lib/python3.12/site-packages/***/task/task_runner/standard_task_runner.py:61 DeprecationWarning: This process (pid=9945) is multi-threaded, use of fork() may lead to deadlocks in the child.
[2024-04-27T06:52:56.328+0000] {standard_task_runner.py:63} INFO - Started process 10104 to run task
[2024-04-27T06:52:56.681+0000] {task_command.py:426} INFO - Running <TaskInstance: etl.upload_file_customers scheduled__2024-04-26T00:00:00+00:00 [running]> on host b619dce40a27
[2024-04-27T06:52:57.229+0000] {taskinstance.py:2644} INFO - Exporting env vars: AIRFLOW_CTX_DAG_OWNER='***' AIRFLOW_CTX_DAG_ID='etl' AIRFLOW_CTX_TASK_ID='upload_file_customers' AIRFLOW_CTX_EXECUTION_DATE='2024-04-26T00:00:00+00:00' AIRFLOW_CTX_TRY_NUMBER='2' AIRFLOW_CTX_DAG_RUN_ID='scheduled__2024-04-26T00:00:00+00:00'
[2024-04-27T06:52:57.249+0000] {taskinstance.py:430} INFO - ::endgroup::
[2024-04-27T06:52:57.291+0000] {connection.py:274} WARNING - Connection schemes (type: google_cloud_platform) shall not contain '_' according to RFC3986.
[2024-04-27T06:52:57.319+0000] {base.py:84} INFO - Using connection ID 'my_gcp_conn' for task execution.
[2024-04-27T06:53:00.710+0000] {gcs.py:557} INFO - File /opt/***/dags/data/olist_customers_dataset.csv uploaded to olist_customers_dataset.csv in swu-ds-525-112233 bucket
[2024-04-27T06:53:00.711+0000] {taskinstance.py:441} INFO - ::group::Post task execution logs
[2024-04-27T06:53:00.769+0000] {taskinstance.py:1205} INFO - Marking task as SUCCESS. dag_id=etl, task_id=upload_file_customers, execution_date=20240426T000000, start_date=20240427T065255, end_date=20240427T065300
[2024-04-27T06:53:01.204+0000] {local_task_job_runner.py:240} INFO - Task exited with return code 0
[2024-04-27T06:53:01.688+0000] {taskinstance.py:3482} INFO - 0 downstream tasks scheduled from follow-on schedule check
[2024-04-27T06:53:01.740+0000] {local_task_job_runner.py:222} INFO - ::endgroup::
