[2024-04-27T06:34:16.989+0000] {processor.py:161} INFO - Started process (PID=168) to work on /opt/airflow/dags/bq_dbt.py
[2024-04-27T06:34:17.002+0000] {processor.py:830} INFO - Processing file /opt/airflow/dags/bq_dbt.py for tasks to queue
[2024-04-27T06:34:17.010+0000] {logging_mixin.py:188} INFO - [2024-04-27T06:34:17.010+0000] {dagbag.py:540} INFO - Filling up the DagBag from /opt/airflow/dags/bq_dbt.py
[2024-04-27T06:34:17.158+0000] {processor.py:840} INFO - DAG(s) 'dbt' retrieved from /opt/airflow/dags/bq_dbt.py
[2024-04-27T06:34:17.317+0000] {logging_mixin.py:188} INFO - [2024-04-27T06:34:17.317+0000] {dag.py:3096} INFO - Sync 1 DAGs
[2024-04-27T06:34:17.555+0000] {logging_mixin.py:188} INFO - [2024-04-27T06:34:17.554+0000] {dag.py:3954} INFO - Setting next_dagrun for dbt to 2024-04-27 00:00:00+00:00, run_after=2024-04-28 00:00:00+00:00
[2024-04-27T06:34:17.730+0000] {processor.py:183} INFO - Processing /opt/airflow/dags/bq_dbt.py took 0.849 seconds
[2024-04-27T06:34:48.732+0000] {processor.py:161} INFO - Started process (PID=469) to work on /opt/airflow/dags/bq_dbt.py
[2024-04-27T06:34:48.752+0000] {processor.py:830} INFO - Processing file /opt/airflow/dags/bq_dbt.py for tasks to queue
[2024-04-27T06:34:48.757+0000] {logging_mixin.py:188} INFO - [2024-04-27T06:34:48.757+0000] {dagbag.py:540} INFO - Filling up the DagBag from /opt/airflow/dags/bq_dbt.py
[2024-04-27T06:34:48.821+0000] {processor.py:840} INFO - DAG(s) 'dbt' retrieved from /opt/airflow/dags/bq_dbt.py
[2024-04-27T06:34:48.925+0000] {logging_mixin.py:188} INFO - [2024-04-27T06:34:48.925+0000] {dag.py:3096} INFO - Sync 1 DAGs
[2024-04-27T06:34:49.043+0000] {logging_mixin.py:188} INFO - [2024-04-27T06:34:49.043+0000] {dag.py:3954} INFO - Setting next_dagrun for dbt to 2024-04-27 00:00:00+00:00, run_after=2024-04-28 00:00:00+00:00
[2024-04-27T06:34:49.100+0000] {processor.py:183} INFO - Processing /opt/airflow/dags/bq_dbt.py took 0.405 seconds
[2024-04-27T06:35:19.969+0000] {processor.py:161} INFO - Started process (PID=769) to work on /opt/airflow/dags/bq_dbt.py
[2024-04-27T06:35:19.973+0000] {processor.py:830} INFO - Processing file /opt/airflow/dags/bq_dbt.py for tasks to queue
[2024-04-27T06:35:19.983+0000] {logging_mixin.py:188} INFO - [2024-04-27T06:35:19.983+0000] {dagbag.py:540} INFO - Filling up the DagBag from /opt/airflow/dags/bq_dbt.py
[2024-04-27T06:35:19.994+0000] {processor.py:840} INFO - DAG(s) 'dbt' retrieved from /opt/airflow/dags/bq_dbt.py
[2024-04-27T06:35:20.015+0000] {logging_mixin.py:188} INFO - [2024-04-27T06:35:20.015+0000] {dag.py:3096} INFO - Sync 1 DAGs
[2024-04-27T06:35:20.042+0000] {logging_mixin.py:188} INFO - [2024-04-27T06:35:20.041+0000] {dag.py:3954} INFO - Setting next_dagrun for dbt to 2024-04-27 00:00:00+00:00, run_after=2024-04-28 00:00:00+00:00
[2024-04-27T06:35:20.094+0000] {processor.py:183} INFO - Processing /opt/airflow/dags/bq_dbt.py took 0.144 seconds
[2024-04-27T06:35:50.658+0000] {processor.py:161} INFO - Started process (PID=1040) to work on /opt/airflow/dags/bq_dbt.py
[2024-04-27T06:35:50.660+0000] {processor.py:830} INFO - Processing file /opt/airflow/dags/bq_dbt.py for tasks to queue
[2024-04-27T06:35:50.665+0000] {logging_mixin.py:188} INFO - [2024-04-27T06:35:50.665+0000] {dagbag.py:540} INFO - Filling up the DagBag from /opt/airflow/dags/bq_dbt.py
[2024-04-27T06:35:50.675+0000] {processor.py:840} INFO - DAG(s) 'dbt' retrieved from /opt/airflow/dags/bq_dbt.py
[2024-04-27T06:35:50.698+0000] {logging_mixin.py:188} INFO - [2024-04-27T06:35:50.698+0000] {dag.py:3096} INFO - Sync 1 DAGs
[2024-04-27T06:35:50.750+0000] {logging_mixin.py:188} INFO - [2024-04-27T06:35:50.750+0000] {dag.py:3954} INFO - Setting next_dagrun for dbt to 2024-04-27 00:00:00+00:00, run_after=2024-04-28 00:00:00+00:00
[2024-04-27T06:35:50.801+0000] {processor.py:183} INFO - Processing /opt/airflow/dags/bq_dbt.py took 0.150 seconds
[2024-04-27T06:36:21.266+0000] {processor.py:161} INFO - Started process (PID=1311) to work on /opt/airflow/dags/bq_dbt.py
[2024-04-27T06:36:21.282+0000] {processor.py:830} INFO - Processing file /opt/airflow/dags/bq_dbt.py for tasks to queue
[2024-04-27T06:36:21.283+0000] {logging_mixin.py:188} INFO - [2024-04-27T06:36:21.283+0000] {dagbag.py:540} INFO - Filling up the DagBag from /opt/airflow/dags/bq_dbt.py
[2024-04-27T06:36:21.308+0000] {processor.py:840} INFO - DAG(s) 'dbt' retrieved from /opt/airflow/dags/bq_dbt.py
[2024-04-27T06:36:21.387+0000] {logging_mixin.py:188} INFO - [2024-04-27T06:36:21.387+0000] {dag.py:3096} INFO - Sync 1 DAGs
[2024-04-27T06:36:21.468+0000] {logging_mixin.py:188} INFO - [2024-04-27T06:36:21.463+0000] {dag.py:3954} INFO - Setting next_dagrun for dbt to 2024-04-27 00:00:00+00:00, run_after=2024-04-28 00:00:00+00:00
[2024-04-27T06:36:21.567+0000] {processor.py:183} INFO - Processing /opt/airflow/dags/bq_dbt.py took 0.310 seconds
[2024-04-27T06:36:52.525+0000] {processor.py:161} INFO - Started process (PID=1583) to work on /opt/airflow/dags/bq_dbt.py
[2024-04-27T06:36:52.526+0000] {processor.py:830} INFO - Processing file /opt/airflow/dags/bq_dbt.py for tasks to queue
[2024-04-27T06:36:52.527+0000] {logging_mixin.py:188} INFO - [2024-04-27T06:36:52.527+0000] {dagbag.py:540} INFO - Filling up the DagBag from /opt/airflow/dags/bq_dbt.py
[2024-04-27T06:36:52.536+0000] {processor.py:840} INFO - DAG(s) 'dbt' retrieved from /opt/airflow/dags/bq_dbt.py
[2024-04-27T06:36:52.556+0000] {logging_mixin.py:188} INFO - [2024-04-27T06:36:52.556+0000] {dag.py:3096} INFO - Sync 1 DAGs
[2024-04-27T06:36:52.582+0000] {logging_mixin.py:188} INFO - [2024-04-27T06:36:52.581+0000] {dag.py:3954} INFO - Setting next_dagrun for dbt to 2024-04-27 00:00:00+00:00, run_after=2024-04-28 00:00:00+00:00
[2024-04-27T06:36:52.608+0000] {processor.py:183} INFO - Processing /opt/airflow/dags/bq_dbt.py took 0.089 seconds
[2024-04-27T06:37:23.479+0000] {processor.py:161} INFO - Started process (PID=1855) to work on /opt/airflow/dags/bq_dbt.py
[2024-04-27T06:37:23.480+0000] {processor.py:830} INFO - Processing file /opt/airflow/dags/bq_dbt.py for tasks to queue
[2024-04-27T06:37:23.482+0000] {logging_mixin.py:188} INFO - [2024-04-27T06:37:23.481+0000] {dagbag.py:540} INFO - Filling up the DagBag from /opt/airflow/dags/bq_dbt.py
[2024-04-27T06:37:23.490+0000] {processor.py:840} INFO - DAG(s) 'dbt' retrieved from /opt/airflow/dags/bq_dbt.py
[2024-04-27T06:37:23.511+0000] {logging_mixin.py:188} INFO - [2024-04-27T06:37:23.511+0000] {dag.py:3096} INFO - Sync 1 DAGs
[2024-04-27T06:37:23.540+0000] {logging_mixin.py:188} INFO - [2024-04-27T06:37:23.540+0000] {dag.py:3954} INFO - Setting next_dagrun for dbt to 2024-04-27 00:00:00+00:00, run_after=2024-04-28 00:00:00+00:00
[2024-04-27T06:37:23.571+0000] {processor.py:183} INFO - Processing /opt/airflow/dags/bq_dbt.py took 0.098 seconds
[2024-04-27T06:37:53.843+0000] {processor.py:161} INFO - Started process (PID=2127) to work on /opt/airflow/dags/bq_dbt.py
[2024-04-27T06:37:53.857+0000] {processor.py:830} INFO - Processing file /opt/airflow/dags/bq_dbt.py for tasks to queue
[2024-04-27T06:37:53.866+0000] {logging_mixin.py:188} INFO - [2024-04-27T06:37:53.866+0000] {dagbag.py:540} INFO - Filling up the DagBag from /opt/airflow/dags/bq_dbt.py
[2024-04-27T06:37:53.899+0000] {processor.py:840} INFO - DAG(s) 'dbt' retrieved from /opt/airflow/dags/bq_dbt.py
[2024-04-27T06:37:53.973+0000] {logging_mixin.py:188} INFO - [2024-04-27T06:37:53.973+0000] {dag.py:3096} INFO - Sync 1 DAGs
[2024-04-27T06:37:54.100+0000] {logging_mixin.py:188} INFO - [2024-04-27T06:37:54.099+0000] {dag.py:3954} INFO - Setting next_dagrun for dbt to 2024-04-27 00:00:00+00:00, run_after=2024-04-28 00:00:00+00:00
[2024-04-27T06:37:54.196+0000] {processor.py:183} INFO - Processing /opt/airflow/dags/bq_dbt.py took 0.376 seconds
[2024-04-27T06:38:25.060+0000] {processor.py:161} INFO - Started process (PID=2399) to work on /opt/airflow/dags/bq_dbt.py
[2024-04-27T06:38:25.061+0000] {processor.py:830} INFO - Processing file /opt/airflow/dags/bq_dbt.py for tasks to queue
[2024-04-27T06:38:25.063+0000] {logging_mixin.py:188} INFO - [2024-04-27T06:38:25.062+0000] {dagbag.py:540} INFO - Filling up the DagBag from /opt/airflow/dags/bq_dbt.py
[2024-04-27T06:38:25.072+0000] {processor.py:840} INFO - DAG(s) 'dbt' retrieved from /opt/airflow/dags/bq_dbt.py
[2024-04-27T06:38:25.095+0000] {logging_mixin.py:188} INFO - [2024-04-27T06:38:25.095+0000] {dag.py:3096} INFO - Sync 1 DAGs
[2024-04-27T06:38:25.120+0000] {logging_mixin.py:188} INFO - [2024-04-27T06:38:25.119+0000] {dag.py:3954} INFO - Setting next_dagrun for dbt to 2024-04-27 00:00:00+00:00, run_after=2024-04-28 00:00:00+00:00
[2024-04-27T06:38:25.142+0000] {processor.py:183} INFO - Processing /opt/airflow/dags/bq_dbt.py took 0.088 seconds
[2024-04-27T06:38:56.172+0000] {processor.py:161} INFO - Started process (PID=2671) to work on /opt/airflow/dags/bq_dbt.py
[2024-04-27T06:38:56.174+0000] {processor.py:830} INFO - Processing file /opt/airflow/dags/bq_dbt.py for tasks to queue
[2024-04-27T06:38:56.175+0000] {logging_mixin.py:188} INFO - [2024-04-27T06:38:56.175+0000] {dagbag.py:540} INFO - Filling up the DagBag from /opt/airflow/dags/bq_dbt.py
[2024-04-27T06:38:56.184+0000] {processor.py:840} INFO - DAG(s) 'dbt' retrieved from /opt/airflow/dags/bq_dbt.py
[2024-04-27T06:38:56.216+0000] {logging_mixin.py:188} INFO - [2024-04-27T06:38:56.215+0000] {dag.py:3096} INFO - Sync 1 DAGs
[2024-04-27T06:38:56.257+0000] {logging_mixin.py:188} INFO - [2024-04-27T06:38:56.256+0000] {dag.py:3954} INFO - Setting next_dagrun for dbt to 2024-04-27 00:00:00+00:00, run_after=2024-04-28 00:00:00+00:00
[2024-04-27T06:38:56.306+0000] {processor.py:183} INFO - Processing /opt/airflow/dags/bq_dbt.py took 0.141 seconds
[2024-04-27T06:39:27.139+0000] {processor.py:161} INFO - Started process (PID=2942) to work on /opt/airflow/dags/bq_dbt.py
[2024-04-27T06:39:27.140+0000] {processor.py:830} INFO - Processing file /opt/airflow/dags/bq_dbt.py for tasks to queue
[2024-04-27T06:39:27.143+0000] {logging_mixin.py:188} INFO - [2024-04-27T06:39:27.143+0000] {dagbag.py:540} INFO - Filling up the DagBag from /opt/airflow/dags/bq_dbt.py
[2024-04-27T06:39:27.153+0000] {processor.py:840} INFO - DAG(s) 'dbt' retrieved from /opt/airflow/dags/bq_dbt.py
[2024-04-27T06:39:27.193+0000] {logging_mixin.py:188} INFO - [2024-04-27T06:39:27.193+0000] {dag.py:3096} INFO - Sync 1 DAGs
[2024-04-27T06:39:27.238+0000] {logging_mixin.py:188} INFO - [2024-04-27T06:39:27.238+0000] {dag.py:3954} INFO - Setting next_dagrun for dbt to 2024-04-27 00:00:00+00:00, run_after=2024-04-28 00:00:00+00:00
[2024-04-27T06:39:27.289+0000] {processor.py:183} INFO - Processing /opt/airflow/dags/bq_dbt.py took 0.159 seconds
[2024-04-27T06:39:57.356+0000] {processor.py:161} INFO - Started process (PID=3214) to work on /opt/airflow/dags/bq_dbt.py
[2024-04-27T06:39:57.357+0000] {processor.py:830} INFO - Processing file /opt/airflow/dags/bq_dbt.py for tasks to queue
[2024-04-27T06:39:57.360+0000] {logging_mixin.py:188} INFO - [2024-04-27T06:39:57.360+0000] {dagbag.py:540} INFO - Filling up the DagBag from /opt/airflow/dags/bq_dbt.py
[2024-04-27T06:39:57.368+0000] {processor.py:840} INFO - DAG(s) 'dbt' retrieved from /opt/airflow/dags/bq_dbt.py
[2024-04-27T06:39:57.383+0000] {logging_mixin.py:188} INFO - [2024-04-27T06:39:57.383+0000] {dag.py:3096} INFO - Sync 1 DAGs
[2024-04-27T06:39:57.399+0000] {logging_mixin.py:188} INFO - [2024-04-27T06:39:57.399+0000] {dag.py:3954} INFO - Setting next_dagrun for dbt to 2024-04-27 00:00:00+00:00, run_after=2024-04-28 00:00:00+00:00
[2024-04-27T06:39:57.417+0000] {processor.py:183} INFO - Processing /opt/airflow/dags/bq_dbt.py took 0.067 seconds
[2024-04-27T06:40:27.472+0000] {processor.py:161} INFO - Started process (PID=3485) to work on /opt/airflow/dags/bq_dbt.py
[2024-04-27T06:40:27.473+0000] {processor.py:830} INFO - Processing file /opt/airflow/dags/bq_dbt.py for tasks to queue
[2024-04-27T06:40:27.474+0000] {logging_mixin.py:188} INFO - [2024-04-27T06:40:27.474+0000] {dagbag.py:540} INFO - Filling up the DagBag from /opt/airflow/dags/bq_dbt.py
[2024-04-27T06:40:27.480+0000] {processor.py:840} INFO - DAG(s) 'dbt' retrieved from /opt/airflow/dags/bq_dbt.py
[2024-04-27T06:40:27.496+0000] {logging_mixin.py:188} INFO - [2024-04-27T06:40:27.495+0000] {dag.py:3096} INFO - Sync 1 DAGs
[2024-04-27T06:40:27.518+0000] {logging_mixin.py:188} INFO - [2024-04-27T06:40:27.518+0000] {dag.py:3954} INFO - Setting next_dagrun for dbt to 2024-04-27 00:00:00+00:00, run_after=2024-04-28 00:00:00+00:00
[2024-04-27T06:40:27.537+0000] {processor.py:183} INFO - Processing /opt/airflow/dags/bq_dbt.py took 0.070 seconds
[2024-04-27T06:40:57.627+0000] {processor.py:161} INFO - Started process (PID=3756) to work on /opt/airflow/dags/bq_dbt.py
[2024-04-27T06:40:57.628+0000] {processor.py:830} INFO - Processing file /opt/airflow/dags/bq_dbt.py for tasks to queue
[2024-04-27T06:40:57.630+0000] {logging_mixin.py:188} INFO - [2024-04-27T06:40:57.629+0000] {dagbag.py:540} INFO - Filling up the DagBag from /opt/airflow/dags/bq_dbt.py
[2024-04-27T06:40:57.638+0000] {processor.py:840} INFO - DAG(s) 'dbt' retrieved from /opt/airflow/dags/bq_dbt.py
[2024-04-27T06:40:57.660+0000] {logging_mixin.py:188} INFO - [2024-04-27T06:40:57.660+0000] {dag.py:3096} INFO - Sync 1 DAGs
[2024-04-27T06:40:57.677+0000] {logging_mixin.py:188} INFO - [2024-04-27T06:40:57.677+0000] {dag.py:3954} INFO - Setting next_dagrun for dbt to 2024-04-27 00:00:00+00:00, run_after=2024-04-28 00:00:00+00:00
[2024-04-27T06:40:57.696+0000] {processor.py:183} INFO - Processing /opt/airflow/dags/bq_dbt.py took 0.073 seconds
[2024-04-27T06:41:28.162+0000] {processor.py:161} INFO - Started process (PID=4005) to work on /opt/airflow/dags/bq_dbt.py
[2024-04-27T06:41:28.163+0000] {processor.py:830} INFO - Processing file /opt/airflow/dags/bq_dbt.py for tasks to queue
[2024-04-27T06:41:28.165+0000] {logging_mixin.py:188} INFO - [2024-04-27T06:41:28.165+0000] {dagbag.py:540} INFO - Filling up the DagBag from /opt/airflow/dags/bq_dbt.py
[2024-04-27T06:41:28.173+0000] {processor.py:840} INFO - DAG(s) 'dbt' retrieved from /opt/airflow/dags/bq_dbt.py
[2024-04-27T06:41:28.191+0000] {logging_mixin.py:188} INFO - [2024-04-27T06:41:28.191+0000] {dag.py:3096} INFO - Sync 1 DAGs
[2024-04-27T06:41:28.216+0000] {logging_mixin.py:188} INFO - [2024-04-27T06:41:28.216+0000] {dag.py:3954} INFO - Setting next_dagrun for dbt to 2024-04-27 00:00:00+00:00, run_after=2024-04-28 00:00:00+00:00
[2024-04-27T06:41:28.237+0000] {processor.py:183} INFO - Processing /opt/airflow/dags/bq_dbt.py took 0.080 seconds
[2024-04-27T06:41:58.342+0000] {processor.py:161} INFO - Started process (PID=4266) to work on /opt/airflow/dags/bq_dbt.py
[2024-04-27T06:41:58.343+0000] {processor.py:830} INFO - Processing file /opt/airflow/dags/bq_dbt.py for tasks to queue
[2024-04-27T06:41:58.346+0000] {logging_mixin.py:188} INFO - [2024-04-27T06:41:58.346+0000] {dagbag.py:540} INFO - Filling up the DagBag from /opt/airflow/dags/bq_dbt.py
[2024-04-27T06:41:58.358+0000] {processor.py:840} INFO - DAG(s) 'dbt' retrieved from /opt/airflow/dags/bq_dbt.py
[2024-04-27T06:41:58.378+0000] {logging_mixin.py:188} INFO - [2024-04-27T06:41:58.378+0000] {dag.py:3096} INFO - Sync 1 DAGs
[2024-04-27T06:41:58.403+0000] {logging_mixin.py:188} INFO - [2024-04-27T06:41:58.403+0000] {dag.py:3954} INFO - Setting next_dagrun for dbt to 2024-04-27 00:00:00+00:00, run_after=2024-04-28 00:00:00+00:00
[2024-04-27T06:41:58.428+0000] {processor.py:183} INFO - Processing /opt/airflow/dags/bq_dbt.py took 0.093 seconds
[2024-04-27T06:42:29.012+0000] {processor.py:161} INFO - Started process (PID=4526) to work on /opt/airflow/dags/bq_dbt.py
[2024-04-27T06:42:29.014+0000] {processor.py:830} INFO - Processing file /opt/airflow/dags/bq_dbt.py for tasks to queue
[2024-04-27T06:42:29.016+0000] {logging_mixin.py:188} INFO - [2024-04-27T06:42:29.016+0000] {dagbag.py:540} INFO - Filling up the DagBag from /opt/airflow/dags/bq_dbt.py
[2024-04-27T06:42:29.025+0000] {processor.py:840} INFO - DAG(s) 'dbt' retrieved from /opt/airflow/dags/bq_dbt.py
[2024-04-27T06:42:29.044+0000] {logging_mixin.py:188} INFO - [2024-04-27T06:42:29.044+0000] {dag.py:3096} INFO - Sync 1 DAGs
[2024-04-27T06:42:29.071+0000] {logging_mixin.py:188} INFO - [2024-04-27T06:42:29.071+0000] {dag.py:3954} INFO - Setting next_dagrun for dbt to 2024-04-27 00:00:00+00:00, run_after=2024-04-28 00:00:00+00:00
[2024-04-27T06:42:29.093+0000] {processor.py:183} INFO - Processing /opt/airflow/dags/bq_dbt.py took 0.086 seconds
[2024-04-27T06:42:59.156+0000] {processor.py:161} INFO - Started process (PID=4797) to work on /opt/airflow/dags/bq_dbt.py
[2024-04-27T06:42:59.157+0000] {processor.py:830} INFO - Processing file /opt/airflow/dags/bq_dbt.py for tasks to queue
[2024-04-27T06:42:59.158+0000] {logging_mixin.py:188} INFO - [2024-04-27T06:42:59.158+0000] {dagbag.py:540} INFO - Filling up the DagBag from /opt/airflow/dags/bq_dbt.py
[2024-04-27T06:42:59.164+0000] {processor.py:840} INFO - DAG(s) 'dbt' retrieved from /opt/airflow/dags/bq_dbt.py
[2024-04-27T06:42:59.328+0000] {logging_mixin.py:188} INFO - [2024-04-27T06:42:59.328+0000] {dag.py:3096} INFO - Sync 1 DAGs
[2024-04-27T06:42:59.344+0000] {logging_mixin.py:188} INFO - [2024-04-27T06:42:59.343+0000] {dag.py:3954} INFO - Setting next_dagrun for dbt to 2024-04-27 00:00:00+00:00, run_after=2024-04-28 00:00:00+00:00
[2024-04-27T06:42:59.365+0000] {processor.py:183} INFO - Processing /opt/airflow/dags/bq_dbt.py took 0.213 seconds
[2024-04-27T06:43:29.765+0000] {processor.py:161} INFO - Started process (PID=5069) to work on /opt/airflow/dags/bq_dbt.py
[2024-04-27T06:43:29.767+0000] {processor.py:830} INFO - Processing file /opt/airflow/dags/bq_dbt.py for tasks to queue
[2024-04-27T06:43:29.768+0000] {logging_mixin.py:188} INFO - [2024-04-27T06:43:29.768+0000] {dagbag.py:540} INFO - Filling up the DagBag from /opt/airflow/dags/bq_dbt.py
[2024-04-27T06:43:29.776+0000] {processor.py:840} INFO - DAG(s) 'dbt' retrieved from /opt/airflow/dags/bq_dbt.py
[2024-04-27T06:43:29.794+0000] {logging_mixin.py:188} INFO - [2024-04-27T06:43:29.794+0000] {dag.py:3096} INFO - Sync 1 DAGs
[2024-04-27T06:43:30.134+0000] {logging_mixin.py:188} INFO - [2024-04-27T06:43:30.134+0000] {dag.py:3954} INFO - Setting next_dagrun for dbt to 2024-04-27 00:00:00+00:00, run_after=2024-04-28 00:00:00+00:00
[2024-04-27T06:43:30.169+0000] {processor.py:183} INFO - Processing /opt/airflow/dags/bq_dbt.py took 0.409 seconds
[2024-04-27T06:44:00.506+0000] {processor.py:161} INFO - Started process (PID=5340) to work on /opt/airflow/dags/bq_dbt.py
[2024-04-27T06:44:00.508+0000] {processor.py:830} INFO - Processing file /opt/airflow/dags/bq_dbt.py for tasks to queue
[2024-04-27T06:44:00.509+0000] {logging_mixin.py:188} INFO - [2024-04-27T06:44:00.509+0000] {dagbag.py:540} INFO - Filling up the DagBag from /opt/airflow/dags/bq_dbt.py
[2024-04-27T06:44:00.523+0000] {processor.py:840} INFO - DAG(s) 'dbt' retrieved from /opt/airflow/dags/bq_dbt.py
[2024-04-27T06:44:00.569+0000] {logging_mixin.py:188} INFO - [2024-04-27T06:44:00.569+0000] {dag.py:3096} INFO - Sync 1 DAGs
[2024-04-27T06:44:00.632+0000] {logging_mixin.py:188} INFO - [2024-04-27T06:44:00.632+0000] {dag.py:3954} INFO - Setting next_dagrun for dbt to 2024-04-27 00:00:00+00:00, run_after=2024-04-28 00:00:00+00:00
[2024-04-27T06:44:00.670+0000] {processor.py:183} INFO - Processing /opt/airflow/dags/bq_dbt.py took 0.171 seconds
[2024-04-27T06:44:31.492+0000] {processor.py:161} INFO - Started process (PID=5611) to work on /opt/airflow/dags/bq_dbt.py
[2024-04-27T06:44:31.498+0000] {processor.py:830} INFO - Processing file /opt/airflow/dags/bq_dbt.py for tasks to queue
[2024-04-27T06:44:31.528+0000] {logging_mixin.py:188} INFO - [2024-04-27T06:44:31.500+0000] {dagbag.py:540} INFO - Filling up the DagBag from /opt/airflow/dags/bq_dbt.py
[2024-04-27T06:44:31.560+0000] {processor.py:840} INFO - DAG(s) 'dbt' retrieved from /opt/airflow/dags/bq_dbt.py
[2024-04-27T06:44:31.617+0000] {logging_mixin.py:188} INFO - [2024-04-27T06:44:31.617+0000] {dag.py:3096} INFO - Sync 1 DAGs
[2024-04-27T06:44:31.674+0000] {logging_mixin.py:188} INFO - [2024-04-27T06:44:31.674+0000] {dag.py:3954} INFO - Setting next_dagrun for dbt to 2024-04-27 00:00:00+00:00, run_after=2024-04-28 00:00:00+00:00
[2024-04-27T06:44:31.717+0000] {processor.py:183} INFO - Processing /opt/airflow/dags/bq_dbt.py took 0.242 seconds
[2024-04-27T06:45:01.794+0000] {processor.py:161} INFO - Started process (PID=5882) to work on /opt/airflow/dags/bq_dbt.py
[2024-04-27T06:45:01.794+0000] {processor.py:830} INFO - Processing file /opt/airflow/dags/bq_dbt.py for tasks to queue
[2024-04-27T06:45:01.796+0000] {logging_mixin.py:188} INFO - [2024-04-27T06:45:01.796+0000] {dagbag.py:540} INFO - Filling up the DagBag from /opt/airflow/dags/bq_dbt.py
[2024-04-27T06:45:01.805+0000] {processor.py:840} INFO - DAG(s) 'dbt' retrieved from /opt/airflow/dags/bq_dbt.py
[2024-04-27T06:45:01.826+0000] {logging_mixin.py:188} INFO - [2024-04-27T06:45:01.826+0000] {dag.py:3096} INFO - Sync 1 DAGs
[2024-04-27T06:45:01.860+0000] {logging_mixin.py:188} INFO - [2024-04-27T06:45:01.859+0000] {dag.py:3954} INFO - Setting next_dagrun for dbt to 2024-04-27 00:00:00+00:00, run_after=2024-04-28 00:00:00+00:00
[2024-04-27T06:45:01.880+0000] {processor.py:183} INFO - Processing /opt/airflow/dags/bq_dbt.py took 0.092 seconds
[2024-04-27T06:45:32.214+0000] {processor.py:161} INFO - Started process (PID=6154) to work on /opt/airflow/dags/bq_dbt.py
[2024-04-27T06:45:32.217+0000] {processor.py:830} INFO - Processing file /opt/airflow/dags/bq_dbt.py for tasks to queue
[2024-04-27T06:45:32.220+0000] {logging_mixin.py:188} INFO - [2024-04-27T06:45:32.219+0000] {dagbag.py:540} INFO - Filling up the DagBag from /opt/airflow/dags/bq_dbt.py
[2024-04-27T06:45:32.228+0000] {processor.py:840} INFO - DAG(s) 'dbt' retrieved from /opt/airflow/dags/bq_dbt.py
[2024-04-27T06:45:32.248+0000] {logging_mixin.py:188} INFO - [2024-04-27T06:45:32.248+0000] {dag.py:3096} INFO - Sync 1 DAGs
[2024-04-27T06:45:32.284+0000] {logging_mixin.py:188} INFO - [2024-04-27T06:45:32.284+0000] {dag.py:3954} INFO - Setting next_dagrun for dbt to 2024-04-27 00:00:00+00:00, run_after=2024-04-28 00:00:00+00:00
[2024-04-27T06:45:32.306+0000] {processor.py:183} INFO - Processing /opt/airflow/dags/bq_dbt.py took 0.097 seconds
[2024-04-27T06:46:03.254+0000] {processor.py:161} INFO - Started process (PID=6425) to work on /opt/airflow/dags/bq_dbt.py
[2024-04-27T06:46:03.261+0000] {processor.py:830} INFO - Processing file /opt/airflow/dags/bq_dbt.py for tasks to queue
[2024-04-27T06:46:03.265+0000] {logging_mixin.py:188} INFO - [2024-04-27T06:46:03.265+0000] {dagbag.py:540} INFO - Filling up the DagBag from /opt/airflow/dags/bq_dbt.py
[2024-04-27T06:46:03.287+0000] {processor.py:840} INFO - DAG(s) 'dbt' retrieved from /opt/airflow/dags/bq_dbt.py
[2024-04-27T06:46:03.363+0000] {logging_mixin.py:188} INFO - [2024-04-27T06:46:03.361+0000] {dag.py:3096} INFO - Sync 1 DAGs
[2024-04-27T06:46:03.484+0000] {logging_mixin.py:188} INFO - [2024-04-27T06:46:03.484+0000] {dag.py:3954} INFO - Setting next_dagrun for dbt to 2024-04-27 00:00:00+00:00, run_after=2024-04-28 00:00:00+00:00
[2024-04-27T06:46:03.560+0000] {processor.py:183} INFO - Processing /opt/airflow/dags/bq_dbt.py took 0.328 seconds
[2024-04-27T06:46:24.885+0000] {processor.py:161} INFO - Started process (PID=6641) to work on /opt/airflow/dags/bq_dbt.py
[2024-04-27T06:46:24.886+0000] {processor.py:830} INFO - Processing file /opt/airflow/dags/bq_dbt.py for tasks to queue
[2024-04-27T06:46:24.888+0000] {logging_mixin.py:188} INFO - [2024-04-27T06:46:24.887+0000] {dagbag.py:540} INFO - Filling up the DagBag from /opt/airflow/dags/bq_dbt.py
[2024-04-27T06:46:24.893+0000] {processor.py:842} WARNING - No viable dags retrieved from /opt/airflow/dags/bq_dbt.py
[2024-04-27T06:46:24.910+0000] {processor.py:183} INFO - Processing /opt/airflow/dags/bq_dbt.py took 0.036 seconds
[2024-04-27T06:46:54.998+0000] {processor.py:161} INFO - Started process (PID=6902) to work on /opt/airflow/dags/bq_dbt.py
[2024-04-27T06:46:54.999+0000] {processor.py:830} INFO - Processing file /opt/airflow/dags/bq_dbt.py for tasks to queue
[2024-04-27T06:46:55.001+0000] {logging_mixin.py:188} INFO - [2024-04-27T06:46:55.000+0000] {dagbag.py:540} INFO - Filling up the DagBag from /opt/airflow/dags/bq_dbt.py
[2024-04-27T06:46:55.003+0000] {processor.py:842} WARNING - No viable dags retrieved from /opt/airflow/dags/bq_dbt.py
[2024-04-27T06:46:55.017+0000] {processor.py:183} INFO - Processing /opt/airflow/dags/bq_dbt.py took 0.025 seconds
[2024-04-27T06:47:25.522+0000] {processor.py:161} INFO - Started process (PID=7173) to work on /opt/airflow/dags/bq_dbt.py
[2024-04-27T06:47:25.524+0000] {processor.py:830} INFO - Processing file /opt/airflow/dags/bq_dbt.py for tasks to queue
[2024-04-27T06:47:25.530+0000] {logging_mixin.py:188} INFO - [2024-04-27T06:47:25.525+0000] {dagbag.py:540} INFO - Filling up the DagBag from /opt/airflow/dags/bq_dbt.py
[2024-04-27T06:47:25.532+0000] {processor.py:842} WARNING - No viable dags retrieved from /opt/airflow/dags/bq_dbt.py
[2024-04-27T06:47:25.547+0000] {processor.py:183} INFO - Processing /opt/airflow/dags/bq_dbt.py took 0.032 seconds
[2024-04-27T06:47:56.410+0000] {processor.py:161} INFO - Started process (PID=7445) to work on /opt/airflow/dags/bq_dbt.py
[2024-04-27T06:47:56.414+0000] {processor.py:830} INFO - Processing file /opt/airflow/dags/bq_dbt.py for tasks to queue
[2024-04-27T06:47:56.417+0000] {logging_mixin.py:188} INFO - [2024-04-27T06:47:56.416+0000] {dagbag.py:540} INFO - Filling up the DagBag from /opt/airflow/dags/bq_dbt.py
[2024-04-27T06:47:56.419+0000] {processor.py:842} WARNING - No viable dags retrieved from /opt/airflow/dags/bq_dbt.py
[2024-04-27T06:47:56.434+0000] {processor.py:183} INFO - Processing /opt/airflow/dags/bq_dbt.py took 0.035 seconds
[2024-04-27T06:48:27.061+0000] {processor.py:161} INFO - Started process (PID=7716) to work on /opt/airflow/dags/bq_dbt.py
[2024-04-27T06:48:27.063+0000] {processor.py:830} INFO - Processing file /opt/airflow/dags/bq_dbt.py for tasks to queue
[2024-04-27T06:48:27.064+0000] {logging_mixin.py:188} INFO - [2024-04-27T06:48:27.063+0000] {dagbag.py:540} INFO - Filling up the DagBag from /opt/airflow/dags/bq_dbt.py
[2024-04-27T06:48:27.066+0000] {processor.py:842} WARNING - No viable dags retrieved from /opt/airflow/dags/bq_dbt.py
[2024-04-27T06:48:27.084+0000] {processor.py:183} INFO - Processing /opt/airflow/dags/bq_dbt.py took 0.030 seconds
[2024-04-27T06:48:57.544+0000] {processor.py:161} INFO - Started process (PID=7988) to work on /opt/airflow/dags/bq_dbt.py
[2024-04-27T06:48:57.549+0000] {processor.py:830} INFO - Processing file /opt/airflow/dags/bq_dbt.py for tasks to queue
[2024-04-27T06:48:57.551+0000] {logging_mixin.py:188} INFO - [2024-04-27T06:48:57.550+0000] {dagbag.py:540} INFO - Filling up the DagBag from /opt/airflow/dags/bq_dbt.py
[2024-04-27T06:48:57.553+0000] {processor.py:842} WARNING - No viable dags retrieved from /opt/airflow/dags/bq_dbt.py
[2024-04-27T06:48:57.572+0000] {processor.py:183} INFO - Processing /opt/airflow/dags/bq_dbt.py took 0.041 seconds
[2024-04-27T06:49:28.187+0000] {processor.py:161} INFO - Started process (PID=8259) to work on /opt/airflow/dags/bq_dbt.py
[2024-04-27T06:49:28.189+0000] {processor.py:830} INFO - Processing file /opt/airflow/dags/bq_dbt.py for tasks to queue
[2024-04-27T06:49:28.189+0000] {logging_mixin.py:188} INFO - [2024-04-27T06:49:28.189+0000] {dagbag.py:540} INFO - Filling up the DagBag from /opt/airflow/dags/bq_dbt.py
[2024-04-27T06:49:28.192+0000] {processor.py:842} WARNING - No viable dags retrieved from /opt/airflow/dags/bq_dbt.py
[2024-04-27T06:49:28.233+0000] {processor.py:183} INFO - Processing /opt/airflow/dags/bq_dbt.py took 0.052 seconds
[2024-04-27T06:49:58.565+0000] {processor.py:161} INFO - Started process (PID=8530) to work on /opt/airflow/dags/bq_dbt.py
[2024-04-27T06:49:58.566+0000] {processor.py:830} INFO - Processing file /opt/airflow/dags/bq_dbt.py for tasks to queue
[2024-04-27T06:49:58.567+0000] {logging_mixin.py:188} INFO - [2024-04-27T06:49:58.567+0000] {dagbag.py:540} INFO - Filling up the DagBag from /opt/airflow/dags/bq_dbt.py
[2024-04-27T06:49:58.570+0000] {processor.py:842} WARNING - No viable dags retrieved from /opt/airflow/dags/bq_dbt.py
[2024-04-27T06:49:58.585+0000] {processor.py:183} INFO - Processing /opt/airflow/dags/bq_dbt.py took 0.025 seconds
[2024-04-27T06:50:28.759+0000] {processor.py:161} INFO - Started process (PID=8801) to work on /opt/airflow/dags/bq_dbt.py
[2024-04-27T06:50:28.760+0000] {processor.py:830} INFO - Processing file /opt/airflow/dags/bq_dbt.py for tasks to queue
[2024-04-27T06:50:28.761+0000] {logging_mixin.py:188} INFO - [2024-04-27T06:50:28.760+0000] {dagbag.py:540} INFO - Filling up the DagBag from /opt/airflow/dags/bq_dbt.py
[2024-04-27T06:50:28.763+0000] {processor.py:842} WARNING - No viable dags retrieved from /opt/airflow/dags/bq_dbt.py
[2024-04-27T06:50:28.778+0000] {processor.py:183} INFO - Processing /opt/airflow/dags/bq_dbt.py took 0.025 seconds
[2024-04-27T06:50:58.942+0000] {processor.py:161} INFO - Started process (PID=9072) to work on /opt/airflow/dags/bq_dbt.py
[2024-04-27T06:50:58.942+0000] {processor.py:830} INFO - Processing file /opt/airflow/dags/bq_dbt.py for tasks to queue
[2024-04-27T06:50:58.943+0000] {logging_mixin.py:188} INFO - [2024-04-27T06:50:58.943+0000] {dagbag.py:540} INFO - Filling up the DagBag from /opt/airflow/dags/bq_dbt.py
[2024-04-27T06:50:58.945+0000] {processor.py:842} WARNING - No viable dags retrieved from /opt/airflow/dags/bq_dbt.py
[2024-04-27T06:50:58.959+0000] {processor.py:183} INFO - Processing /opt/airflow/dags/bq_dbt.py took 0.023 seconds
[2024-04-27T06:51:29.665+0000] {processor.py:161} INFO - Started process (PID=9342) to work on /opt/airflow/dags/bq_dbt.py
[2024-04-27T06:51:29.666+0000] {processor.py:830} INFO - Processing file /opt/airflow/dags/bq_dbt.py for tasks to queue
[2024-04-27T06:51:29.666+0000] {logging_mixin.py:188} INFO - [2024-04-27T06:51:29.666+0000] {dagbag.py:540} INFO - Filling up the DagBag from /opt/airflow/dags/bq_dbt.py
[2024-04-27T06:51:29.668+0000] {processor.py:842} WARNING - No viable dags retrieved from /opt/airflow/dags/bq_dbt.py
[2024-04-27T06:51:29.686+0000] {processor.py:183} INFO - Processing /opt/airflow/dags/bq_dbt.py took 0.027 seconds
[2024-04-27T06:51:59.998+0000] {processor.py:161} INFO - Started process (PID=9618) to work on /opt/airflow/dags/bq_dbt.py
[2024-04-27T06:52:00.001+0000] {processor.py:830} INFO - Processing file /opt/airflow/dags/bq_dbt.py for tasks to queue
[2024-04-27T06:52:00.002+0000] {logging_mixin.py:188} INFO - [2024-04-27T06:52:00.001+0000] {dagbag.py:540} INFO - Filling up the DagBag from /opt/airflow/dags/bq_dbt.py
[2024-04-27T06:52:00.004+0000] {processor.py:842} WARNING - No viable dags retrieved from /opt/airflow/dags/bq_dbt.py
[2024-04-27T06:52:00.018+0000] {processor.py:183} INFO - Processing /opt/airflow/dags/bq_dbt.py took 0.026 seconds
[2024-04-27T06:52:30.244+0000] {processor.py:161} INFO - Started process (PID=9889) to work on /opt/airflow/dags/bq_dbt.py
[2024-04-27T06:52:30.246+0000] {processor.py:830} INFO - Processing file /opt/airflow/dags/bq_dbt.py for tasks to queue
[2024-04-27T06:52:30.247+0000] {logging_mixin.py:188} INFO - [2024-04-27T06:52:30.246+0000] {dagbag.py:540} INFO - Filling up the DagBag from /opt/airflow/dags/bq_dbt.py
[2024-04-27T06:52:30.248+0000] {processor.py:842} WARNING - No viable dags retrieved from /opt/airflow/dags/bq_dbt.py
[2024-04-27T06:52:30.263+0000] {processor.py:183} INFO - Processing /opt/airflow/dags/bq_dbt.py took 0.025 seconds
[2024-04-27T06:53:03.534+0000] {processor.py:161} INFO - Started process (PID=10177) to work on /opt/airflow/dags/bq_dbt.py
[2024-04-27T06:53:03.545+0000] {processor.py:830} INFO - Processing file /opt/airflow/dags/bq_dbt.py for tasks to queue
[2024-04-27T06:53:03.546+0000] {logging_mixin.py:188} INFO - [2024-04-27T06:53:03.545+0000] {dagbag.py:540} INFO - Filling up the DagBag from /opt/airflow/dags/bq_dbt.py
[2024-04-27T06:53:03.549+0000] {processor.py:842} WARNING - No viable dags retrieved from /opt/airflow/dags/bq_dbt.py
[2024-04-27T06:53:03.584+0000] {processor.py:183} INFO - Processing /opt/airflow/dags/bq_dbt.py took 0.058 seconds
[2024-04-27T06:53:34.789+0000] {processor.py:161} INFO - Started process (PID=10417) to work on /opt/airflow/dags/bq_dbt.py
[2024-04-27T06:53:34.800+0000] {processor.py:830} INFO - Processing file /opt/airflow/dags/bq_dbt.py for tasks to queue
[2024-04-27T06:53:34.802+0000] {logging_mixin.py:188} INFO - [2024-04-27T06:53:34.801+0000] {dagbag.py:540} INFO - Filling up the DagBag from /opt/airflow/dags/bq_dbt.py
[2024-04-27T06:53:34.806+0000] {processor.py:842} WARNING - No viable dags retrieved from /opt/airflow/dags/bq_dbt.py
[2024-04-27T06:53:34.884+0000] {processor.py:183} INFO - Processing /opt/airflow/dags/bq_dbt.py took 0.108 seconds
[2024-04-27T06:54:05.042+0000] {processor.py:161} INFO - Started process (PID=10675) to work on /opt/airflow/dags/bq_dbt.py
[2024-04-27T06:54:05.043+0000] {processor.py:830} INFO - Processing file /opt/airflow/dags/bq_dbt.py for tasks to queue
[2024-04-27T06:54:05.044+0000] {logging_mixin.py:188} INFO - [2024-04-27T06:54:05.043+0000] {dagbag.py:540} INFO - Filling up the DagBag from /opt/airflow/dags/bq_dbt.py
[2024-04-27T06:54:05.045+0000] {processor.py:842} WARNING - No viable dags retrieved from /opt/airflow/dags/bq_dbt.py
[2024-04-27T06:54:05.063+0000] {processor.py:183} INFO - Processing /opt/airflow/dags/bq_dbt.py took 0.027 seconds
[2024-04-27T06:54:35.633+0000] {processor.py:161} INFO - Started process (PID=10947) to work on /opt/airflow/dags/bq_dbt.py
[2024-04-27T06:54:35.634+0000] {processor.py:830} INFO - Processing file /opt/airflow/dags/bq_dbt.py for tasks to queue
[2024-04-27T06:54:35.635+0000] {logging_mixin.py:188} INFO - [2024-04-27T06:54:35.635+0000] {dagbag.py:540} INFO - Filling up the DagBag from /opt/airflow/dags/bq_dbt.py
[2024-04-27T06:54:35.637+0000] {processor.py:842} WARNING - No viable dags retrieved from /opt/airflow/dags/bq_dbt.py
[2024-04-27T06:54:35.651+0000] {processor.py:183} INFO - Processing /opt/airflow/dags/bq_dbt.py took 0.025 seconds
[2024-04-27T06:55:06.198+0000] {processor.py:161} INFO - Started process (PID=11218) to work on /opt/airflow/dags/bq_dbt.py
[2024-04-27T06:55:06.199+0000] {processor.py:830} INFO - Processing file /opt/airflow/dags/bq_dbt.py for tasks to queue
[2024-04-27T06:55:06.200+0000] {logging_mixin.py:188} INFO - [2024-04-27T06:55:06.200+0000] {dagbag.py:540} INFO - Filling up the DagBag from /opt/airflow/dags/bq_dbt.py
[2024-04-27T06:55:06.202+0000] {processor.py:842} WARNING - No viable dags retrieved from /opt/airflow/dags/bq_dbt.py
[2024-04-27T06:55:06.216+0000] {processor.py:183} INFO - Processing /opt/airflow/dags/bq_dbt.py took 0.024 seconds
[2024-04-27T06:55:37.057+0000] {processor.py:161} INFO - Started process (PID=11490) to work on /opt/airflow/dags/bq_dbt.py
[2024-04-27T06:55:37.059+0000] {processor.py:830} INFO - Processing file /opt/airflow/dags/bq_dbt.py for tasks to queue
[2024-04-27T06:55:37.060+0000] {logging_mixin.py:188} INFO - [2024-04-27T06:55:37.059+0000] {dagbag.py:540} INFO - Filling up the DagBag from /opt/airflow/dags/bq_dbt.py
[2024-04-27T06:55:37.062+0000] {processor.py:842} WARNING - No viable dags retrieved from /opt/airflow/dags/bq_dbt.py
[2024-04-27T06:55:37.078+0000] {processor.py:183} INFO - Processing /opt/airflow/dags/bq_dbt.py took 0.026 seconds
[2024-04-27T06:56:07.662+0000] {processor.py:161} INFO - Started process (PID=11762) to work on /opt/airflow/dags/bq_dbt.py
[2024-04-27T06:56:07.663+0000] {processor.py:830} INFO - Processing file /opt/airflow/dags/bq_dbt.py for tasks to queue
[2024-04-27T06:56:07.664+0000] {logging_mixin.py:188} INFO - [2024-04-27T06:56:07.663+0000] {dagbag.py:540} INFO - Filling up the DagBag from /opt/airflow/dags/bq_dbt.py
[2024-04-27T06:56:07.665+0000] {processor.py:842} WARNING - No viable dags retrieved from /opt/airflow/dags/bq_dbt.py
[2024-04-27T06:56:07.682+0000] {processor.py:183} INFO - Processing /opt/airflow/dags/bq_dbt.py took 0.026 seconds
[2024-04-27T06:56:38.092+0000] {processor.py:161} INFO - Started process (PID=12034) to work on /opt/airflow/dags/bq_dbt.py
[2024-04-27T06:56:38.093+0000] {processor.py:830} INFO - Processing file /opt/airflow/dags/bq_dbt.py for tasks to queue
[2024-04-27T06:56:38.094+0000] {logging_mixin.py:188} INFO - [2024-04-27T06:56:38.093+0000] {dagbag.py:540} INFO - Filling up the DagBag from /opt/airflow/dags/bq_dbt.py
[2024-04-27T06:56:38.095+0000] {processor.py:842} WARNING - No viable dags retrieved from /opt/airflow/dags/bq_dbt.py
[2024-04-27T06:56:38.112+0000] {processor.py:183} INFO - Processing /opt/airflow/dags/bq_dbt.py took 0.025 seconds
[2024-04-27T06:57:08.804+0000] {processor.py:161} INFO - Started process (PID=12305) to work on /opt/airflow/dags/bq_dbt.py
[2024-04-27T06:57:08.808+0000] {processor.py:830} INFO - Processing file /opt/airflow/dags/bq_dbt.py for tasks to queue
[2024-04-27T06:57:08.809+0000] {logging_mixin.py:188} INFO - [2024-04-27T06:57:08.808+0000] {dagbag.py:540} INFO - Filling up the DagBag from /opt/airflow/dags/bq_dbt.py
[2024-04-27T06:57:08.811+0000] {processor.py:842} WARNING - No viable dags retrieved from /opt/airflow/dags/bq_dbt.py
[2024-04-27T06:57:08.945+0000] {processor.py:183} INFO - Processing /opt/airflow/dags/bq_dbt.py took 0.165 seconds
[2024-04-27T06:57:39.565+0000] {processor.py:161} INFO - Started process (PID=12577) to work on /opt/airflow/dags/bq_dbt.py
[2024-04-27T06:57:39.566+0000] {processor.py:830} INFO - Processing file /opt/airflow/dags/bq_dbt.py for tasks to queue
[2024-04-27T06:57:39.567+0000] {logging_mixin.py:188} INFO - [2024-04-27T06:57:39.566+0000] {dagbag.py:540} INFO - Filling up the DagBag from /opt/airflow/dags/bq_dbt.py
[2024-04-27T06:57:39.568+0000] {processor.py:842} WARNING - No viable dags retrieved from /opt/airflow/dags/bq_dbt.py
[2024-04-27T06:57:39.583+0000] {processor.py:183} INFO - Processing /opt/airflow/dags/bq_dbt.py took 0.024 seconds
[2024-04-27T06:58:09.944+0000] {processor.py:161} INFO - Started process (PID=12849) to work on /opt/airflow/dags/bq_dbt.py
[2024-04-27T06:58:09.945+0000] {processor.py:830} INFO - Processing file /opt/airflow/dags/bq_dbt.py for tasks to queue
[2024-04-27T06:58:09.946+0000] {logging_mixin.py:188} INFO - [2024-04-27T06:58:09.946+0000] {dagbag.py:540} INFO - Filling up the DagBag from /opt/airflow/dags/bq_dbt.py
[2024-04-27T06:58:09.953+0000] {processor.py:842} WARNING - No viable dags retrieved from /opt/airflow/dags/bq_dbt.py
[2024-04-27T06:58:09.994+0000] {processor.py:183} INFO - Processing /opt/airflow/dags/bq_dbt.py took 0.057 seconds
[2024-04-27T06:58:40.259+0000] {processor.py:161} INFO - Started process (PID=13117) to work on /opt/airflow/dags/bq_dbt.py
[2024-04-27T06:58:40.260+0000] {processor.py:830} INFO - Processing file /opt/airflow/dags/bq_dbt.py for tasks to queue
[2024-04-27T06:58:40.261+0000] {logging_mixin.py:188} INFO - [2024-04-27T06:58:40.261+0000] {dagbag.py:540} INFO - Filling up the DagBag from /opt/airflow/dags/bq_dbt.py
[2024-04-27T06:58:40.263+0000] {processor.py:842} WARNING - No viable dags retrieved from /opt/airflow/dags/bq_dbt.py
[2024-04-27T06:58:40.316+0000] {processor.py:183} INFO - Processing /opt/airflow/dags/bq_dbt.py took 0.064 seconds
[2024-04-27T06:59:11.174+0000] {processor.py:161} INFO - Started process (PID=13381) to work on /opt/airflow/dags/bq_dbt.py
[2024-04-27T06:59:11.177+0000] {processor.py:830} INFO - Processing file /opt/airflow/dags/bq_dbt.py for tasks to queue
[2024-04-27T06:59:11.178+0000] {logging_mixin.py:188} INFO - [2024-04-27T06:59:11.178+0000] {dagbag.py:540} INFO - Filling up the DagBag from /opt/airflow/dags/bq_dbt.py
[2024-04-27T06:59:11.181+0000] {processor.py:842} WARNING - No viable dags retrieved from /opt/airflow/dags/bq_dbt.py
[2024-04-27T06:59:11.195+0000] {processor.py:183} INFO - Processing /opt/airflow/dags/bq_dbt.py took 0.026 seconds
[2024-04-27T06:59:42.077+0000] {processor.py:161} INFO - Started process (PID=13653) to work on /opt/airflow/dags/bq_dbt.py
[2024-04-27T06:59:42.078+0000] {processor.py:830} INFO - Processing file /opt/airflow/dags/bq_dbt.py for tasks to queue
[2024-04-27T06:59:42.079+0000] {logging_mixin.py:188} INFO - [2024-04-27T06:59:42.078+0000] {dagbag.py:540} INFO - Filling up the DagBag from /opt/airflow/dags/bq_dbt.py
[2024-04-27T06:59:42.081+0000] {processor.py:842} WARNING - No viable dags retrieved from /opt/airflow/dags/bq_dbt.py
[2024-04-27T06:59:42.096+0000] {processor.py:183} INFO - Processing /opt/airflow/dags/bq_dbt.py took 0.026 seconds
[2024-04-27T07:00:12.349+0000] {processor.py:161} INFO - Started process (PID=13924) to work on /opt/airflow/dags/bq_dbt.py
[2024-04-27T07:00:12.351+0000] {processor.py:830} INFO - Processing file /opt/airflow/dags/bq_dbt.py for tasks to queue
[2024-04-27T07:00:12.353+0000] {logging_mixin.py:188} INFO - [2024-04-27T07:00:12.353+0000] {dagbag.py:540} INFO - Filling up the DagBag from /opt/airflow/dags/bq_dbt.py
[2024-04-27T07:00:12.355+0000] {processor.py:842} WARNING - No viable dags retrieved from /opt/airflow/dags/bq_dbt.py
[2024-04-27T07:00:12.368+0000] {processor.py:183} INFO - Processing /opt/airflow/dags/bq_dbt.py took 0.025 seconds
[2024-04-27T07:00:42.766+0000] {processor.py:161} INFO - Started process (PID=14195) to work on /opt/airflow/dags/bq_dbt.py
[2024-04-27T07:00:42.767+0000] {processor.py:830} INFO - Processing file /opt/airflow/dags/bq_dbt.py for tasks to queue
[2024-04-27T07:00:42.768+0000] {logging_mixin.py:188} INFO - [2024-04-27T07:00:42.768+0000] {dagbag.py:540} INFO - Filling up the DagBag from /opt/airflow/dags/bq_dbt.py
[2024-04-27T07:00:42.770+0000] {processor.py:842} WARNING - No viable dags retrieved from /opt/airflow/dags/bq_dbt.py
[2024-04-27T07:00:42.784+0000] {processor.py:183} INFO - Processing /opt/airflow/dags/bq_dbt.py took 0.024 seconds
[2024-04-27T07:01:13.520+0000] {processor.py:161} INFO - Started process (PID=14467) to work on /opt/airflow/dags/bq_dbt.py
[2024-04-27T07:01:13.521+0000] {processor.py:830} INFO - Processing file /opt/airflow/dags/bq_dbt.py for tasks to queue
[2024-04-27T07:01:13.522+0000] {logging_mixin.py:188} INFO - [2024-04-27T07:01:13.522+0000] {dagbag.py:540} INFO - Filling up the DagBag from /opt/airflow/dags/bq_dbt.py
[2024-04-27T07:01:13.524+0000] {processor.py:842} WARNING - No viable dags retrieved from /opt/airflow/dags/bq_dbt.py
[2024-04-27T07:01:13.539+0000] {processor.py:183} INFO - Processing /opt/airflow/dags/bq_dbt.py took 0.024 seconds
[2024-04-27T07:01:44.211+0000] {processor.py:161} INFO - Started process (PID=14738) to work on /opt/airflow/dags/bq_dbt.py
[2024-04-27T07:01:44.213+0000] {processor.py:830} INFO - Processing file /opt/airflow/dags/bq_dbt.py for tasks to queue
[2024-04-27T07:01:44.214+0000] {logging_mixin.py:188} INFO - [2024-04-27T07:01:44.213+0000] {dagbag.py:540} INFO - Filling up the DagBag from /opt/airflow/dags/bq_dbt.py
[2024-04-27T07:01:44.215+0000] {processor.py:842} WARNING - No viable dags retrieved from /opt/airflow/dags/bq_dbt.py
[2024-04-27T07:01:44.229+0000] {processor.py:183} INFO - Processing /opt/airflow/dags/bq_dbt.py took 0.024 seconds
[2024-04-27T07:02:14.593+0000] {processor.py:161} INFO - Started process (PID=15010) to work on /opt/airflow/dags/bq_dbt.py
[2024-04-27T07:02:14.594+0000] {processor.py:830} INFO - Processing file /opt/airflow/dags/bq_dbt.py for tasks to queue
[2024-04-27T07:02:14.595+0000] {logging_mixin.py:188} INFO - [2024-04-27T07:02:14.594+0000] {dagbag.py:540} INFO - Filling up the DagBag from /opt/airflow/dags/bq_dbt.py
[2024-04-27T07:02:14.597+0000] {processor.py:842} WARNING - No viable dags retrieved from /opt/airflow/dags/bq_dbt.py
[2024-04-27T07:02:14.611+0000] {processor.py:183} INFO - Processing /opt/airflow/dags/bq_dbt.py took 0.025 seconds
[2024-04-27T07:02:45.572+0000] {processor.py:161} INFO - Started process (PID=15281) to work on /opt/airflow/dags/bq_dbt.py
[2024-04-27T07:02:45.574+0000] {processor.py:830} INFO - Processing file /opt/airflow/dags/bq_dbt.py for tasks to queue
[2024-04-27T07:02:45.575+0000] {logging_mixin.py:188} INFO - [2024-04-27T07:02:45.574+0000] {dagbag.py:540} INFO - Filling up the DagBag from /opt/airflow/dags/bq_dbt.py
[2024-04-27T07:02:45.577+0000] {processor.py:842} WARNING - No viable dags retrieved from /opt/airflow/dags/bq_dbt.py
[2024-04-27T07:02:45.603+0000] {processor.py:183} INFO - Processing /opt/airflow/dags/bq_dbt.py took 0.038 seconds
[2024-04-27T07:03:16.078+0000] {processor.py:161} INFO - Started process (PID=15552) to work on /opt/airflow/dags/bq_dbt.py
[2024-04-27T07:03:16.082+0000] {processor.py:830} INFO - Processing file /opt/airflow/dags/bq_dbt.py for tasks to queue
[2024-04-27T07:03:16.083+0000] {logging_mixin.py:188} INFO - [2024-04-27T07:03:16.083+0000] {dagbag.py:540} INFO - Filling up the DagBag from /opt/airflow/dags/bq_dbt.py
[2024-04-27T07:03:16.085+0000] {processor.py:842} WARNING - No viable dags retrieved from /opt/airflow/dags/bq_dbt.py
[2024-04-27T07:03:16.110+0000] {processor.py:183} INFO - Processing /opt/airflow/dags/bq_dbt.py took 0.039 seconds
[2024-04-27T07:03:46.616+0000] {processor.py:161} INFO - Started process (PID=15823) to work on /opt/airflow/dags/bq_dbt.py
[2024-04-27T07:03:46.616+0000] {processor.py:830} INFO - Processing file /opt/airflow/dags/bq_dbt.py for tasks to queue
[2024-04-27T07:03:46.617+0000] {logging_mixin.py:188} INFO - [2024-04-27T07:03:46.617+0000] {dagbag.py:540} INFO - Filling up the DagBag from /opt/airflow/dags/bq_dbt.py
[2024-04-27T07:03:46.624+0000] {processor.py:842} WARNING - No viable dags retrieved from /opt/airflow/dags/bq_dbt.py
[2024-04-27T07:03:46.657+0000] {processor.py:183} INFO - Processing /opt/airflow/dags/bq_dbt.py took 0.074 seconds
[2024-04-27T07:04:16.881+0000] {processor.py:161} INFO - Started process (PID=16095) to work on /opt/airflow/dags/bq_dbt.py
[2024-04-27T07:04:16.882+0000] {processor.py:830} INFO - Processing file /opt/airflow/dags/bq_dbt.py for tasks to queue
[2024-04-27T07:04:16.883+0000] {logging_mixin.py:188} INFO - [2024-04-27T07:04:16.882+0000] {dagbag.py:540} INFO - Filling up the DagBag from /opt/airflow/dags/bq_dbt.py
[2024-04-27T07:04:16.884+0000] {processor.py:842} WARNING - No viable dags retrieved from /opt/airflow/dags/bq_dbt.py
[2024-04-27T07:04:16.899+0000] {processor.py:183} INFO - Processing /opt/airflow/dags/bq_dbt.py took 0.025 seconds
[2024-04-27T07:04:47.313+0000] {processor.py:161} INFO - Started process (PID=16367) to work on /opt/airflow/dags/bq_dbt.py
[2024-04-27T07:04:47.323+0000] {processor.py:830} INFO - Processing file /opt/airflow/dags/bq_dbt.py for tasks to queue
[2024-04-27T07:04:47.324+0000] {logging_mixin.py:188} INFO - [2024-04-27T07:04:47.324+0000] {dagbag.py:540} INFO - Filling up the DagBag from /opt/airflow/dags/bq_dbt.py
[2024-04-27T07:04:47.334+0000] {processor.py:842} WARNING - No viable dags retrieved from /opt/airflow/dags/bq_dbt.py
[2024-04-27T07:04:47.349+0000] {processor.py:183} INFO - Processing /opt/airflow/dags/bq_dbt.py took 0.043 seconds
[2024-04-27T07:05:18.162+0000] {processor.py:161} INFO - Started process (PID=16638) to work on /opt/airflow/dags/bq_dbt.py
[2024-04-27T07:05:18.164+0000] {processor.py:830} INFO - Processing file /opt/airflow/dags/bq_dbt.py for tasks to queue
[2024-04-27T07:05:18.167+0000] {logging_mixin.py:188} INFO - [2024-04-27T07:05:18.165+0000] {dagbag.py:540} INFO - Filling up the DagBag from /opt/airflow/dags/bq_dbt.py
[2024-04-27T07:05:18.170+0000] {processor.py:842} WARNING - No viable dags retrieved from /opt/airflow/dags/bq_dbt.py
[2024-04-27T07:05:18.184+0000] {processor.py:183} INFO - Processing /opt/airflow/dags/bq_dbt.py took 0.031 seconds
[2024-04-27T07:05:49.070+0000] {processor.py:161} INFO - Started process (PID=16915) to work on /opt/airflow/dags/bq_dbt.py
[2024-04-27T07:05:49.071+0000] {processor.py:830} INFO - Processing file /opt/airflow/dags/bq_dbt.py for tasks to queue
[2024-04-27T07:05:49.072+0000] {logging_mixin.py:188} INFO - [2024-04-27T07:05:49.072+0000] {dagbag.py:540} INFO - Filling up the DagBag from /opt/airflow/dags/bq_dbt.py
[2024-04-27T07:05:49.074+0000] {processor.py:842} WARNING - No viable dags retrieved from /opt/airflow/dags/bq_dbt.py
[2024-04-27T07:05:49.098+0000] {processor.py:183} INFO - Processing /opt/airflow/dags/bq_dbt.py took 0.034 seconds
[2024-04-27T07:06:19.759+0000] {processor.py:161} INFO - Started process (PID=17186) to work on /opt/airflow/dags/bq_dbt.py
[2024-04-27T07:06:19.761+0000] {processor.py:830} INFO - Processing file /opt/airflow/dags/bq_dbt.py for tasks to queue
[2024-04-27T07:06:19.762+0000] {logging_mixin.py:188} INFO - [2024-04-27T07:06:19.761+0000] {dagbag.py:540} INFO - Filling up the DagBag from /opt/airflow/dags/bq_dbt.py
[2024-04-27T07:06:19.764+0000] {processor.py:842} WARNING - No viable dags retrieved from /opt/airflow/dags/bq_dbt.py
[2024-04-27T07:06:19.790+0000] {processor.py:183} INFO - Processing /opt/airflow/dags/bq_dbt.py took 0.041 seconds
[2024-04-27T07:06:50.059+0000] {processor.py:161} INFO - Started process (PID=17457) to work on /opt/airflow/dags/bq_dbt.py
[2024-04-27T07:06:50.060+0000] {processor.py:830} INFO - Processing file /opt/airflow/dags/bq_dbt.py for tasks to queue
[2024-04-27T07:06:50.061+0000] {logging_mixin.py:188} INFO - [2024-04-27T07:06:50.060+0000] {dagbag.py:540} INFO - Filling up the DagBag from /opt/airflow/dags/bq_dbt.py
[2024-04-27T07:06:50.063+0000] {processor.py:842} WARNING - No viable dags retrieved from /opt/airflow/dags/bq_dbt.py
[2024-04-27T07:06:50.080+0000] {processor.py:183} INFO - Processing /opt/airflow/dags/bq_dbt.py took 0.027 seconds
[2024-04-27T07:07:20.399+0000] {processor.py:161} INFO - Started process (PID=17729) to work on /opt/airflow/dags/bq_dbt.py
[2024-04-27T07:07:20.400+0000] {processor.py:830} INFO - Processing file /opt/airflow/dags/bq_dbt.py for tasks to queue
[2024-04-27T07:07:20.401+0000] {logging_mixin.py:188} INFO - [2024-04-27T07:07:20.401+0000] {dagbag.py:540} INFO - Filling up the DagBag from /opt/airflow/dags/bq_dbt.py
[2024-04-27T07:07:20.403+0000] {processor.py:842} WARNING - No viable dags retrieved from /opt/airflow/dags/bq_dbt.py
[2024-04-27T07:07:20.418+0000] {processor.py:183} INFO - Processing /opt/airflow/dags/bq_dbt.py took 0.025 seconds
[2024-04-27T07:07:51.115+0000] {processor.py:161} INFO - Started process (PID=18001) to work on /opt/airflow/dags/bq_dbt.py
[2024-04-27T07:07:51.117+0000] {processor.py:830} INFO - Processing file /opt/airflow/dags/bq_dbt.py for tasks to queue
[2024-04-27T07:07:51.118+0000] {logging_mixin.py:188} INFO - [2024-04-27T07:07:51.118+0000] {dagbag.py:540} INFO - Filling up the DagBag from /opt/airflow/dags/bq_dbt.py
[2024-04-27T07:07:51.120+0000] {processor.py:842} WARNING - No viable dags retrieved from /opt/airflow/dags/bq_dbt.py
[2024-04-27T07:07:51.135+0000] {processor.py:183} INFO - Processing /opt/airflow/dags/bq_dbt.py took 0.027 seconds
[2024-04-27T07:08:21.615+0000] {processor.py:161} INFO - Started process (PID=18272) to work on /opt/airflow/dags/bq_dbt.py
[2024-04-27T07:08:21.616+0000] {processor.py:830} INFO - Processing file /opt/airflow/dags/bq_dbt.py for tasks to queue
[2024-04-27T07:08:21.617+0000] {logging_mixin.py:188} INFO - [2024-04-27T07:08:21.616+0000] {dagbag.py:540} INFO - Filling up the DagBag from /opt/airflow/dags/bq_dbt.py
[2024-04-27T07:08:21.618+0000] {processor.py:842} WARNING - No viable dags retrieved from /opt/airflow/dags/bq_dbt.py
[2024-04-27T07:08:21.633+0000] {processor.py:183} INFO - Processing /opt/airflow/dags/bq_dbt.py took 0.024 seconds
[2024-04-27T07:08:52.431+0000] {processor.py:161} INFO - Started process (PID=18545) to work on /opt/airflow/dags/bq_dbt.py
[2024-04-27T07:08:52.432+0000] {processor.py:830} INFO - Processing file /opt/airflow/dags/bq_dbt.py for tasks to queue
[2024-04-27T07:08:52.433+0000] {logging_mixin.py:188} INFO - [2024-04-27T07:08:52.432+0000] {dagbag.py:540} INFO - Filling up the DagBag from /opt/airflow/dags/bq_dbt.py
[2024-04-27T07:08:52.434+0000] {processor.py:842} WARNING - No viable dags retrieved from /opt/airflow/dags/bq_dbt.py
[2024-04-27T07:08:52.448+0000] {processor.py:183} INFO - Processing /opt/airflow/dags/bq_dbt.py took 0.023 seconds
[2024-04-27T07:09:23.099+0000] {processor.py:161} INFO - Started process (PID=18816) to work on /opt/airflow/dags/bq_dbt.py
[2024-04-27T07:09:23.100+0000] {processor.py:830} INFO - Processing file /opt/airflow/dags/bq_dbt.py for tasks to queue
[2024-04-27T07:09:23.101+0000] {logging_mixin.py:188} INFO - [2024-04-27T07:09:23.100+0000] {dagbag.py:540} INFO - Filling up the DagBag from /opt/airflow/dags/bq_dbt.py
[2024-04-27T07:09:23.102+0000] {processor.py:842} WARNING - No viable dags retrieved from /opt/airflow/dags/bq_dbt.py
[2024-04-27T07:09:23.116+0000] {processor.py:183} INFO - Processing /opt/airflow/dags/bq_dbt.py took 0.024 seconds
[2024-04-27T07:09:53.691+0000] {processor.py:161} INFO - Started process (PID=19087) to work on /opt/airflow/dags/bq_dbt.py
[2024-04-27T07:09:53.692+0000] {processor.py:830} INFO - Processing file /opt/airflow/dags/bq_dbt.py for tasks to queue
[2024-04-27T07:09:53.701+0000] {logging_mixin.py:188} INFO - [2024-04-27T07:09:53.701+0000] {dagbag.py:540} INFO - Filling up the DagBag from /opt/airflow/dags/bq_dbt.py
[2024-04-27T07:09:53.705+0000] {processor.py:842} WARNING - No viable dags retrieved from /opt/airflow/dags/bq_dbt.py
[2024-04-27T07:09:53.729+0000] {processor.py:183} INFO - Processing /opt/airflow/dags/bq_dbt.py took 0.046 seconds
[2024-04-27T07:10:23.814+0000] {processor.py:161} INFO - Started process (PID=19357) to work on /opt/airflow/dags/bq_dbt.py
[2024-04-27T07:10:23.815+0000] {processor.py:830} INFO - Processing file /opt/airflow/dags/bq_dbt.py for tasks to queue
[2024-04-27T07:10:23.816+0000] {logging_mixin.py:188} INFO - [2024-04-27T07:10:23.816+0000] {dagbag.py:540} INFO - Filling up the DagBag from /opt/airflow/dags/bq_dbt.py
[2024-04-27T07:10:23.818+0000] {processor.py:842} WARNING - No viable dags retrieved from /opt/airflow/dags/bq_dbt.py
[2024-04-27T07:10:23.834+0000] {processor.py:183} INFO - Processing /opt/airflow/dags/bq_dbt.py took 0.027 seconds
[2024-04-27T07:10:53.991+0000] {processor.py:161} INFO - Started process (PID=19628) to work on /opt/airflow/dags/bq_dbt.py
[2024-04-27T07:10:53.992+0000] {processor.py:830} INFO - Processing file /opt/airflow/dags/bq_dbt.py for tasks to queue
[2024-04-27T07:10:53.993+0000] {logging_mixin.py:188} INFO - [2024-04-27T07:10:53.992+0000] {dagbag.py:540} INFO - Filling up the DagBag from /opt/airflow/dags/bq_dbt.py
[2024-04-27T07:10:53.994+0000] {processor.py:842} WARNING - No viable dags retrieved from /opt/airflow/dags/bq_dbt.py
[2024-04-27T07:10:54.005+0000] {processor.py:183} INFO - Processing /opt/airflow/dags/bq_dbt.py took 0.019 seconds
[2024-04-27T07:11:24.325+0000] {processor.py:161} INFO - Started process (PID=19900) to work on /opt/airflow/dags/bq_dbt.py
[2024-04-27T07:11:24.326+0000] {processor.py:830} INFO - Processing file /opt/airflow/dags/bq_dbt.py for tasks to queue
[2024-04-27T07:11:24.327+0000] {logging_mixin.py:188} INFO - [2024-04-27T07:11:24.326+0000] {dagbag.py:540} INFO - Filling up the DagBag from /opt/airflow/dags/bq_dbt.py
[2024-04-27T07:11:24.328+0000] {processor.py:842} WARNING - No viable dags retrieved from /opt/airflow/dags/bq_dbt.py
[2024-04-27T07:11:24.339+0000] {processor.py:183} INFO - Processing /opt/airflow/dags/bq_dbt.py took 0.018 seconds
[2024-04-27T07:11:54.505+0000] {processor.py:161} INFO - Started process (PID=20171) to work on /opt/airflow/dags/bq_dbt.py
[2024-04-27T07:11:54.506+0000] {processor.py:830} INFO - Processing file /opt/airflow/dags/bq_dbt.py for tasks to queue
[2024-04-27T07:11:54.507+0000] {logging_mixin.py:188} INFO - [2024-04-27T07:11:54.507+0000] {dagbag.py:540} INFO - Filling up the DagBag from /opt/airflow/dags/bq_dbt.py
[2024-04-27T07:11:54.510+0000] {processor.py:842} WARNING - No viable dags retrieved from /opt/airflow/dags/bq_dbt.py
[2024-04-27T07:11:54.526+0000] {processor.py:183} INFO - Processing /opt/airflow/dags/bq_dbt.py took 0.029 seconds
[2024-04-27T07:12:25.129+0000] {processor.py:161} INFO - Started process (PID=20442) to work on /opt/airflow/dags/bq_dbt.py
[2024-04-27T07:12:25.130+0000] {processor.py:830} INFO - Processing file /opt/airflow/dags/bq_dbt.py for tasks to queue
[2024-04-27T07:12:25.131+0000] {logging_mixin.py:188} INFO - [2024-04-27T07:12:25.131+0000] {dagbag.py:540} INFO - Filling up the DagBag from /opt/airflow/dags/bq_dbt.py
[2024-04-27T07:12:25.133+0000] {processor.py:842} WARNING - No viable dags retrieved from /opt/airflow/dags/bq_dbt.py
[2024-04-27T07:12:25.146+0000] {processor.py:183} INFO - Processing /opt/airflow/dags/bq_dbt.py took 0.021 seconds
[2024-04-27T07:12:55.397+0000] {processor.py:161} INFO - Started process (PID=20713) to work on /opt/airflow/dags/bq_dbt.py
[2024-04-27T07:12:55.398+0000] {processor.py:830} INFO - Processing file /opt/airflow/dags/bq_dbt.py for tasks to queue
[2024-04-27T07:12:55.399+0000] {logging_mixin.py:188} INFO - [2024-04-27T07:12:55.398+0000] {dagbag.py:540} INFO - Filling up the DagBag from /opt/airflow/dags/bq_dbt.py
[2024-04-27T07:12:55.400+0000] {processor.py:842} WARNING - No viable dags retrieved from /opt/airflow/dags/bq_dbt.py
[2024-04-27T07:12:55.412+0000] {processor.py:183} INFO - Processing /opt/airflow/dags/bq_dbt.py took 0.021 seconds
[2024-04-27T07:13:26.185+0000] {processor.py:161} INFO - Started process (PID=20985) to work on /opt/airflow/dags/bq_dbt.py
[2024-04-27T07:13:26.186+0000] {processor.py:830} INFO - Processing file /opt/airflow/dags/bq_dbt.py for tasks to queue
[2024-04-27T07:13:26.187+0000] {logging_mixin.py:188} INFO - [2024-04-27T07:13:26.186+0000] {dagbag.py:540} INFO - Filling up the DagBag from /opt/airflow/dags/bq_dbt.py
[2024-04-27T07:13:26.188+0000] {processor.py:842} WARNING - No viable dags retrieved from /opt/airflow/dags/bq_dbt.py
[2024-04-27T07:13:26.199+0000] {processor.py:183} INFO - Processing /opt/airflow/dags/bq_dbt.py took 0.018 seconds
[2024-04-27T07:13:56.351+0000] {processor.py:161} INFO - Started process (PID=21255) to work on /opt/airflow/dags/bq_dbt.py
[2024-04-27T07:13:56.357+0000] {processor.py:830} INFO - Processing file /opt/airflow/dags/bq_dbt.py for tasks to queue
[2024-04-27T07:13:56.358+0000] {logging_mixin.py:188} INFO - [2024-04-27T07:13:56.358+0000] {dagbag.py:540} INFO - Filling up the DagBag from /opt/airflow/dags/bq_dbt.py
[2024-04-27T07:13:56.360+0000] {processor.py:842} WARNING - No viable dags retrieved from /opt/airflow/dags/bq_dbt.py
[2024-04-27T07:13:56.379+0000] {processor.py:183} INFO - Processing /opt/airflow/dags/bq_dbt.py took 0.035 seconds
[2024-04-27T07:14:26.665+0000] {processor.py:161} INFO - Started process (PID=21523) to work on /opt/airflow/dags/bq_dbt.py
[2024-04-27T07:14:26.666+0000] {processor.py:830} INFO - Processing file /opt/airflow/dags/bq_dbt.py for tasks to queue
[2024-04-27T07:14:26.668+0000] {logging_mixin.py:188} INFO - [2024-04-27T07:14:26.667+0000] {dagbag.py:540} INFO - Filling up the DagBag from /opt/airflow/dags/bq_dbt.py
[2024-04-27T07:14:26.670+0000] {processor.py:842} WARNING - No viable dags retrieved from /opt/airflow/dags/bq_dbt.py
[2024-04-27T07:14:26.718+0000] {processor.py:183} INFO - Processing /opt/airflow/dags/bq_dbt.py took 0.065 seconds
[2024-04-27T07:14:57.468+0000] {processor.py:161} INFO - Started process (PID=21793) to work on /opt/airflow/dags/bq_dbt.py
[2024-04-27T07:14:57.471+0000] {processor.py:830} INFO - Processing file /opt/airflow/dags/bq_dbt.py for tasks to queue
[2024-04-27T07:14:57.473+0000] {logging_mixin.py:188} INFO - [2024-04-27T07:14:57.472+0000] {dagbag.py:540} INFO - Filling up the DagBag from /opt/airflow/dags/bq_dbt.py
[2024-04-27T07:14:57.476+0000] {processor.py:842} WARNING - No viable dags retrieved from /opt/airflow/dags/bq_dbt.py
[2024-04-27T07:14:57.503+0000] {processor.py:183} INFO - Processing /opt/airflow/dags/bq_dbt.py took 0.049 seconds
[2024-04-27T07:15:27.882+0000] {processor.py:161} INFO - Started process (PID=22064) to work on /opt/airflow/dags/bq_dbt.py
[2024-04-27T07:15:27.882+0000] {processor.py:830} INFO - Processing file /opt/airflow/dags/bq_dbt.py for tasks to queue
[2024-04-27T07:15:27.883+0000] {logging_mixin.py:188} INFO - [2024-04-27T07:15:27.883+0000] {dagbag.py:540} INFO - Filling up the DagBag from /opt/airflow/dags/bq_dbt.py
[2024-04-27T07:15:27.885+0000] {processor.py:842} WARNING - No viable dags retrieved from /opt/airflow/dags/bq_dbt.py
[2024-04-27T07:15:27.896+0000] {processor.py:183} INFO - Processing /opt/airflow/dags/bq_dbt.py took 0.020 seconds
[2024-04-27T07:15:58.119+0000] {processor.py:161} INFO - Started process (PID=22335) to work on /opt/airflow/dags/bq_dbt.py
[2024-04-27T07:15:58.122+0000] {processor.py:830} INFO - Processing file /opt/airflow/dags/bq_dbt.py for tasks to queue
[2024-04-27T07:15:58.124+0000] {logging_mixin.py:188} INFO - [2024-04-27T07:15:58.123+0000] {dagbag.py:540} INFO - Filling up the DagBag from /opt/airflow/dags/bq_dbt.py
[2024-04-27T07:15:58.131+0000] {processor.py:842} WARNING - No viable dags retrieved from /opt/airflow/dags/bq_dbt.py
[2024-04-27T07:15:58.156+0000] {processor.py:183} INFO - Processing /opt/airflow/dags/bq_dbt.py took 0.054 seconds
[2024-04-27T07:16:28.730+0000] {processor.py:161} INFO - Started process (PID=22606) to work on /opt/airflow/dags/bq_dbt.py
[2024-04-27T07:16:28.731+0000] {processor.py:830} INFO - Processing file /opt/airflow/dags/bq_dbt.py for tasks to queue
[2024-04-27T07:16:28.732+0000] {logging_mixin.py:188} INFO - [2024-04-27T07:16:28.731+0000] {dagbag.py:540} INFO - Filling up the DagBag from /opt/airflow/dags/bq_dbt.py
[2024-04-27T07:16:28.734+0000] {processor.py:842} WARNING - No viable dags retrieved from /opt/airflow/dags/bq_dbt.py
[2024-04-27T07:16:28.749+0000] {processor.py:183} INFO - Processing /opt/airflow/dags/bq_dbt.py took 0.025 seconds
[2024-04-27T07:16:59.536+0000] {processor.py:161} INFO - Started process (PID=22877) to work on /opt/airflow/dags/bq_dbt.py
[2024-04-27T07:16:59.537+0000] {processor.py:830} INFO - Processing file /opt/airflow/dags/bq_dbt.py for tasks to queue
[2024-04-27T07:16:59.538+0000] {logging_mixin.py:188} INFO - [2024-04-27T07:16:59.537+0000] {dagbag.py:540} INFO - Filling up the DagBag from /opt/airflow/dags/bq_dbt.py
[2024-04-27T07:16:59.540+0000] {processor.py:842} WARNING - No viable dags retrieved from /opt/airflow/dags/bq_dbt.py
[2024-04-27T07:16:59.554+0000] {processor.py:183} INFO - Processing /opt/airflow/dags/bq_dbt.py took 0.025 seconds
[2024-04-27T07:17:30.138+0000] {processor.py:161} INFO - Started process (PID=23148) to work on /opt/airflow/dags/bq_dbt.py
[2024-04-27T07:17:30.149+0000] {processor.py:830} INFO - Processing file /opt/airflow/dags/bq_dbt.py for tasks to queue
[2024-04-27T07:17:30.153+0000] {logging_mixin.py:188} INFO - [2024-04-27T07:17:30.153+0000] {dagbag.py:540} INFO - Filling up the DagBag from /opt/airflow/dags/bq_dbt.py
[2024-04-27T07:17:30.162+0000] {processor.py:842} WARNING - No viable dags retrieved from /opt/airflow/dags/bq_dbt.py
[2024-04-27T07:17:30.209+0000] {processor.py:183} INFO - Processing /opt/airflow/dags/bq_dbt.py took 0.097 seconds
[2024-04-27T07:18:00.537+0000] {processor.py:161} INFO - Started process (PID=23419) to work on /opt/airflow/dags/bq_dbt.py
[2024-04-27T07:18:00.538+0000] {processor.py:830} INFO - Processing file /opt/airflow/dags/bq_dbt.py for tasks to queue
[2024-04-27T07:18:00.539+0000] {logging_mixin.py:188} INFO - [2024-04-27T07:18:00.539+0000] {dagbag.py:540} INFO - Filling up the DagBag from /opt/airflow/dags/bq_dbt.py
[2024-04-27T07:18:00.542+0000] {processor.py:842} WARNING - No viable dags retrieved from /opt/airflow/dags/bq_dbt.py
[2024-04-27T07:18:00.565+0000] {processor.py:183} INFO - Processing /opt/airflow/dags/bq_dbt.py took 0.035 seconds
[2024-04-27T07:18:31.359+0000] {processor.py:161} INFO - Started process (PID=23690) to work on /opt/airflow/dags/bq_dbt.py
[2024-04-27T07:18:31.375+0000] {processor.py:830} INFO - Processing file /opt/airflow/dags/bq_dbt.py for tasks to queue
[2024-04-27T07:18:31.378+0000] {logging_mixin.py:188} INFO - [2024-04-27T07:18:31.378+0000] {dagbag.py:540} INFO - Filling up the DagBag from /opt/airflow/dags/bq_dbt.py
[2024-04-27T07:18:31.383+0000] {processor.py:842} WARNING - No viable dags retrieved from /opt/airflow/dags/bq_dbt.py
[2024-04-27T07:18:31.420+0000] {processor.py:183} INFO - Processing /opt/airflow/dags/bq_dbt.py took 0.077 seconds
[2024-04-27T07:19:02.038+0000] {processor.py:161} INFO - Started process (PID=23961) to work on /opt/airflow/dags/bq_dbt.py
[2024-04-27T07:19:02.040+0000] {processor.py:830} INFO - Processing file /opt/airflow/dags/bq_dbt.py for tasks to queue
[2024-04-27T07:19:02.041+0000] {logging_mixin.py:188} INFO - [2024-04-27T07:19:02.041+0000] {dagbag.py:540} INFO - Filling up the DagBag from /opt/airflow/dags/bq_dbt.py
[2024-04-27T07:19:02.043+0000] {processor.py:842} WARNING - No viable dags retrieved from /opt/airflow/dags/bq_dbt.py
[2024-04-27T07:19:02.058+0000] {processor.py:183} INFO - Processing /opt/airflow/dags/bq_dbt.py took 0.027 seconds
[2024-04-27T07:19:32.791+0000] {processor.py:161} INFO - Started process (PID=24233) to work on /opt/airflow/dags/bq_dbt.py
[2024-04-27T07:19:32.792+0000] {processor.py:830} INFO - Processing file /opt/airflow/dags/bq_dbt.py for tasks to queue
[2024-04-27T07:19:32.794+0000] {logging_mixin.py:188} INFO - [2024-04-27T07:19:32.793+0000] {dagbag.py:540} INFO - Filling up the DagBag from /opt/airflow/dags/bq_dbt.py
[2024-04-27T07:19:32.796+0000] {processor.py:842} WARNING - No viable dags retrieved from /opt/airflow/dags/bq_dbt.py
[2024-04-27T07:19:32.811+0000] {processor.py:183} INFO - Processing /opt/airflow/dags/bq_dbt.py took 0.026 seconds
[2024-04-27T07:20:02.874+0000] {processor.py:161} INFO - Started process (PID=24504) to work on /opt/airflow/dags/bq_dbt.py
[2024-04-27T07:20:02.875+0000] {processor.py:830} INFO - Processing file /opt/airflow/dags/bq_dbt.py for tasks to queue
[2024-04-27T07:20:02.875+0000] {logging_mixin.py:188} INFO - [2024-04-27T07:20:02.875+0000] {dagbag.py:540} INFO - Filling up the DagBag from /opt/airflow/dags/bq_dbt.py
[2024-04-27T07:20:02.877+0000] {processor.py:842} WARNING - No viable dags retrieved from /opt/airflow/dags/bq_dbt.py
[2024-04-27T07:20:02.888+0000] {processor.py:183} INFO - Processing /opt/airflow/dags/bq_dbt.py took 0.020 seconds
[2024-04-27T07:20:33.064+0000] {processor.py:161} INFO - Started process (PID=24768) to work on /opt/airflow/dags/bq_dbt.py
[2024-04-27T07:20:33.071+0000] {processor.py:830} INFO - Processing file /opt/airflow/dags/bq_dbt.py for tasks to queue
[2024-04-27T07:20:33.072+0000] {logging_mixin.py:188} INFO - [2024-04-27T07:20:33.071+0000] {dagbag.py:540} INFO - Filling up the DagBag from /opt/airflow/dags/bq_dbt.py
[2024-04-27T07:20:33.075+0000] {processor.py:842} WARNING - No viable dags retrieved from /opt/airflow/dags/bq_dbt.py
[2024-04-27T07:20:33.117+0000] {processor.py:183} INFO - Processing /opt/airflow/dags/bq_dbt.py took 0.067 seconds
[2024-04-27T07:21:03.386+0000] {processor.py:161} INFO - Started process (PID=25027) to work on /opt/airflow/dags/bq_dbt.py
[2024-04-27T07:21:03.387+0000] {processor.py:830} INFO - Processing file /opt/airflow/dags/bq_dbt.py for tasks to queue
[2024-04-27T07:21:03.394+0000] {logging_mixin.py:188} INFO - [2024-04-27T07:21:03.393+0000] {dagbag.py:540} INFO - Filling up the DagBag from /opt/airflow/dags/bq_dbt.py
[2024-04-27T07:21:03.396+0000] {processor.py:842} WARNING - No viable dags retrieved from /opt/airflow/dags/bq_dbt.py
[2024-04-27T07:21:03.417+0000] {processor.py:183} INFO - Processing /opt/airflow/dags/bq_dbt.py took 0.047 seconds
[2024-04-27T07:21:33.971+0000] {processor.py:161} INFO - Started process (PID=25298) to work on /opt/airflow/dags/bq_dbt.py
[2024-04-27T07:21:33.972+0000] {processor.py:830} INFO - Processing file /opt/airflow/dags/bq_dbt.py for tasks to queue
[2024-04-27T07:21:33.973+0000] {logging_mixin.py:188} INFO - [2024-04-27T07:21:33.972+0000] {dagbag.py:540} INFO - Filling up the DagBag from /opt/airflow/dags/bq_dbt.py
[2024-04-27T07:21:33.975+0000] {processor.py:842} WARNING - No viable dags retrieved from /opt/airflow/dags/bq_dbt.py
[2024-04-27T07:21:33.993+0000] {processor.py:183} INFO - Processing /opt/airflow/dags/bq_dbt.py took 0.028 seconds
[2024-04-27T07:22:04.750+0000] {processor.py:161} INFO - Started process (PID=25569) to work on /opt/airflow/dags/bq_dbt.py
[2024-04-27T07:22:04.751+0000] {processor.py:830} INFO - Processing file /opt/airflow/dags/bq_dbt.py for tasks to queue
[2024-04-27T07:22:04.752+0000] {logging_mixin.py:188} INFO - [2024-04-27T07:22:04.752+0000] {dagbag.py:540} INFO - Filling up the DagBag from /opt/airflow/dags/bq_dbt.py
[2024-04-27T07:22:04.754+0000] {processor.py:842} WARNING - No viable dags retrieved from /opt/airflow/dags/bq_dbt.py
[2024-04-27T07:22:04.771+0000] {processor.py:183} INFO - Processing /opt/airflow/dags/bq_dbt.py took 0.027 seconds
[2024-04-27T07:22:34.894+0000] {processor.py:161} INFO - Started process (PID=25841) to work on /opt/airflow/dags/bq_dbt.py
[2024-04-27T07:22:34.895+0000] {processor.py:830} INFO - Processing file /opt/airflow/dags/bq_dbt.py for tasks to queue
[2024-04-27T07:22:34.896+0000] {logging_mixin.py:188} INFO - [2024-04-27T07:22:34.896+0000] {dagbag.py:540} INFO - Filling up the DagBag from /opt/airflow/dags/bq_dbt.py
[2024-04-27T07:22:34.898+0000] {processor.py:842} WARNING - No viable dags retrieved from /opt/airflow/dags/bq_dbt.py
[2024-04-27T07:22:34.910+0000] {processor.py:183} INFO - Processing /opt/airflow/dags/bq_dbt.py took 0.020 seconds
[2024-04-27T07:23:05.170+0000] {processor.py:161} INFO - Started process (PID=26113) to work on /opt/airflow/dags/bq_dbt.py
[2024-04-27T07:23:05.175+0000] {processor.py:830} INFO - Processing file /opt/airflow/dags/bq_dbt.py for tasks to queue
[2024-04-27T07:23:05.177+0000] {logging_mixin.py:188} INFO - [2024-04-27T07:23:05.176+0000] {dagbag.py:540} INFO - Filling up the DagBag from /opt/airflow/dags/bq_dbt.py
[2024-04-27T07:23:05.179+0000] {processor.py:842} WARNING - No viable dags retrieved from /opt/airflow/dags/bq_dbt.py
[2024-04-27T07:23:05.210+0000] {processor.py:183} INFO - Processing /opt/airflow/dags/bq_dbt.py took 0.058 seconds
[2024-04-27T07:23:35.515+0000] {processor.py:161} INFO - Started process (PID=26384) to work on /opt/airflow/dags/bq_dbt.py
[2024-04-27T07:23:35.516+0000] {processor.py:830} INFO - Processing file /opt/airflow/dags/bq_dbt.py for tasks to queue
[2024-04-27T07:23:35.517+0000] {logging_mixin.py:188} INFO - [2024-04-27T07:23:35.517+0000] {dagbag.py:540} INFO - Filling up the DagBag from /opt/airflow/dags/bq_dbt.py
[2024-04-27T07:23:35.519+0000] {processor.py:842} WARNING - No viable dags retrieved from /opt/airflow/dags/bq_dbt.py
[2024-04-27T07:23:35.540+0000] {processor.py:183} INFO - Processing /opt/airflow/dags/bq_dbt.py took 0.033 seconds
[2024-04-27T07:24:05.935+0000] {processor.py:161} INFO - Started process (PID=26655) to work on /opt/airflow/dags/bq_dbt.py
[2024-04-27T07:24:05.941+0000] {processor.py:830} INFO - Processing file /opt/airflow/dags/bq_dbt.py for tasks to queue
[2024-04-27T07:24:05.944+0000] {logging_mixin.py:188} INFO - [2024-04-27T07:24:05.944+0000] {dagbag.py:540} INFO - Filling up the DagBag from /opt/airflow/dags/bq_dbt.py
[2024-04-27T07:24:05.963+0000] {processor.py:842} WARNING - No viable dags retrieved from /opt/airflow/dags/bq_dbt.py
[2024-04-27T07:24:05.991+0000] {processor.py:183} INFO - Processing /opt/airflow/dags/bq_dbt.py took 0.063 seconds
[2024-04-27T07:24:36.198+0000] {processor.py:161} INFO - Started process (PID=26926) to work on /opt/airflow/dags/bq_dbt.py
[2024-04-27T07:24:36.199+0000] {processor.py:830} INFO - Processing file /opt/airflow/dags/bq_dbt.py for tasks to queue
[2024-04-27T07:24:36.201+0000] {logging_mixin.py:188} INFO - [2024-04-27T07:24:36.200+0000] {dagbag.py:540} INFO - Filling up the DagBag from /opt/airflow/dags/bq_dbt.py
[2024-04-27T07:24:36.202+0000] {processor.py:842} WARNING - No viable dags retrieved from /opt/airflow/dags/bq_dbt.py
[2024-04-27T07:24:36.219+0000] {processor.py:183} INFO - Processing /opt/airflow/dags/bq_dbt.py took 0.026 seconds
[2024-04-27T07:25:07.127+0000] {processor.py:161} INFO - Started process (PID=27198) to work on /opt/airflow/dags/bq_dbt.py
[2024-04-27T07:25:07.128+0000] {processor.py:830} INFO - Processing file /opt/airflow/dags/bq_dbt.py for tasks to queue
[2024-04-27T07:25:07.129+0000] {logging_mixin.py:188} INFO - [2024-04-27T07:25:07.128+0000] {dagbag.py:540} INFO - Filling up the DagBag from /opt/airflow/dags/bq_dbt.py
[2024-04-27T07:25:07.131+0000] {processor.py:842} WARNING - No viable dags retrieved from /opt/airflow/dags/bq_dbt.py
[2024-04-27T07:25:07.146+0000] {processor.py:183} INFO - Processing /opt/airflow/dags/bq_dbt.py took 0.025 seconds
[2024-04-27T07:25:37.190+0000] {processor.py:161} INFO - Started process (PID=27469) to work on /opt/airflow/dags/bq_dbt.py
[2024-04-27T07:25:37.191+0000] {processor.py:830} INFO - Processing file /opt/airflow/dags/bq_dbt.py for tasks to queue
[2024-04-27T07:25:37.192+0000] {logging_mixin.py:188} INFO - [2024-04-27T07:25:37.191+0000] {dagbag.py:540} INFO - Filling up the DagBag from /opt/airflow/dags/bq_dbt.py
[2024-04-27T07:25:37.193+0000] {processor.py:842} WARNING - No viable dags retrieved from /opt/airflow/dags/bq_dbt.py
[2024-04-27T07:25:37.204+0000] {processor.py:183} INFO - Processing /opt/airflow/dags/bq_dbt.py took 0.019 seconds
[2024-04-27T07:26:07.686+0000] {processor.py:161} INFO - Started process (PID=27741) to work on /opt/airflow/dags/bq_dbt.py
[2024-04-27T07:26:07.687+0000] {processor.py:830} INFO - Processing file /opt/airflow/dags/bq_dbt.py for tasks to queue
[2024-04-27T07:26:07.688+0000] {logging_mixin.py:188} INFO - [2024-04-27T07:26:07.688+0000] {dagbag.py:540} INFO - Filling up the DagBag from /opt/airflow/dags/bq_dbt.py
[2024-04-27T07:26:07.690+0000] {processor.py:842} WARNING - No viable dags retrieved from /opt/airflow/dags/bq_dbt.py
[2024-04-27T07:26:07.705+0000] {processor.py:183} INFO - Processing /opt/airflow/dags/bq_dbt.py took 0.029 seconds
[2024-04-27T07:26:38.571+0000] {processor.py:161} INFO - Started process (PID=28012) to work on /opt/airflow/dags/bq_dbt.py
[2024-04-27T07:26:38.572+0000] {processor.py:830} INFO - Processing file /opt/airflow/dags/bq_dbt.py for tasks to queue
[2024-04-27T07:26:38.574+0000] {logging_mixin.py:188} INFO - [2024-04-27T07:26:38.573+0000] {dagbag.py:540} INFO - Filling up the DagBag from /opt/airflow/dags/bq_dbt.py
[2024-04-27T07:26:38.576+0000] {processor.py:842} WARNING - No viable dags retrieved from /opt/airflow/dags/bq_dbt.py
[2024-04-27T07:26:38.593+0000] {processor.py:183} INFO - Processing /opt/airflow/dags/bq_dbt.py took 0.035 seconds
[2024-04-27T07:27:08.962+0000] {processor.py:161} INFO - Started process (PID=28283) to work on /opt/airflow/dags/bq_dbt.py
[2024-04-27T07:27:08.963+0000] {processor.py:830} INFO - Processing file /opt/airflow/dags/bq_dbt.py for tasks to queue
[2024-04-27T07:27:08.965+0000] {logging_mixin.py:188} INFO - [2024-04-27T07:27:08.964+0000] {dagbag.py:540} INFO - Filling up the DagBag from /opt/airflow/dags/bq_dbt.py
[2024-04-27T07:27:08.967+0000] {processor.py:842} WARNING - No viable dags retrieved from /opt/airflow/dags/bq_dbt.py
[2024-04-27T07:27:08.986+0000] {processor.py:183} INFO - Processing /opt/airflow/dags/bq_dbt.py took 0.030 seconds
[2024-04-27T07:27:39.670+0000] {processor.py:161} INFO - Started process (PID=28555) to work on /opt/airflow/dags/bq_dbt.py
[2024-04-27T07:27:39.671+0000] {processor.py:830} INFO - Processing file /opt/airflow/dags/bq_dbt.py for tasks to queue
[2024-04-27T07:27:39.672+0000] {logging_mixin.py:188} INFO - [2024-04-27T07:27:39.672+0000] {dagbag.py:540} INFO - Filling up the DagBag from /opt/airflow/dags/bq_dbt.py
[2024-04-27T07:27:39.674+0000] {processor.py:842} WARNING - No viable dags retrieved from /opt/airflow/dags/bq_dbt.py
[2024-04-27T07:27:39.687+0000] {processor.py:183} INFO - Processing /opt/airflow/dags/bq_dbt.py took 0.021 seconds
[2024-04-27T07:28:09.996+0000] {processor.py:161} INFO - Started process (PID=28827) to work on /opt/airflow/dags/bq_dbt.py
[2024-04-27T07:28:09.997+0000] {processor.py:830} INFO - Processing file /opt/airflow/dags/bq_dbt.py for tasks to queue
[2024-04-27T07:28:10.000+0000] {logging_mixin.py:188} INFO - [2024-04-27T07:28:09.999+0000] {dagbag.py:540} INFO - Filling up the DagBag from /opt/airflow/dags/bq_dbt.py
[2024-04-27T07:28:10.002+0000] {processor.py:842} WARNING - No viable dags retrieved from /opt/airflow/dags/bq_dbt.py
[2024-04-27T07:28:10.021+0000] {processor.py:183} INFO - Processing /opt/airflow/dags/bq_dbt.py took 0.032 seconds
[2024-04-27T07:28:40.335+0000] {processor.py:161} INFO - Started process (PID=29098) to work on /opt/airflow/dags/bq_dbt.py
[2024-04-27T07:28:40.336+0000] {processor.py:830} INFO - Processing file /opt/airflow/dags/bq_dbt.py for tasks to queue
[2024-04-27T07:28:40.337+0000] {logging_mixin.py:188} INFO - [2024-04-27T07:28:40.337+0000] {dagbag.py:540} INFO - Filling up the DagBag from /opt/airflow/dags/bq_dbt.py
[2024-04-27T07:28:40.339+0000] {processor.py:842} WARNING - No viable dags retrieved from /opt/airflow/dags/bq_dbt.py
[2024-04-27T07:28:40.350+0000] {processor.py:183} INFO - Processing /opt/airflow/dags/bq_dbt.py took 0.020 seconds
[2024-04-27T07:29:10.829+0000] {processor.py:161} INFO - Started process (PID=29369) to work on /opt/airflow/dags/bq_dbt.py
[2024-04-27T07:29:10.831+0000] {processor.py:830} INFO - Processing file /opt/airflow/dags/bq_dbt.py for tasks to queue
[2024-04-27T07:29:10.832+0000] {logging_mixin.py:188} INFO - [2024-04-27T07:29:10.831+0000] {dagbag.py:540} INFO - Filling up the DagBag from /opt/airflow/dags/bq_dbt.py
[2024-04-27T07:29:10.834+0000] {processor.py:842} WARNING - No viable dags retrieved from /opt/airflow/dags/bq_dbt.py
[2024-04-27T07:29:10.849+0000] {processor.py:183} INFO - Processing /opt/airflow/dags/bq_dbt.py took 0.026 seconds
[2024-04-27T07:29:41.627+0000] {processor.py:161} INFO - Started process (PID=29641) to work on /opt/airflow/dags/bq_dbt.py
[2024-04-27T07:29:41.628+0000] {processor.py:830} INFO - Processing file /opt/airflow/dags/bq_dbt.py for tasks to queue
[2024-04-27T07:29:41.629+0000] {logging_mixin.py:188} INFO - [2024-04-27T07:29:41.629+0000] {dagbag.py:540} INFO - Filling up the DagBag from /opt/airflow/dags/bq_dbt.py
[2024-04-27T07:29:41.631+0000] {processor.py:842} WARNING - No viable dags retrieved from /opt/airflow/dags/bq_dbt.py
[2024-04-27T07:29:41.641+0000] {processor.py:183} INFO - Processing /opt/airflow/dags/bq_dbt.py took 0.018 seconds
[2024-04-27T07:30:11.969+0000] {processor.py:161} INFO - Started process (PID=29912) to work on /opt/airflow/dags/bq_dbt.py
[2024-04-27T07:30:11.970+0000] {processor.py:830} INFO - Processing file /opt/airflow/dags/bq_dbt.py for tasks to queue
[2024-04-27T07:30:11.971+0000] {logging_mixin.py:188} INFO - [2024-04-27T07:30:11.970+0000] {dagbag.py:540} INFO - Filling up the DagBag from /opt/airflow/dags/bq_dbt.py
[2024-04-27T07:30:11.973+0000] {processor.py:842} WARNING - No viable dags retrieved from /opt/airflow/dags/bq_dbt.py
[2024-04-27T07:30:11.986+0000] {processor.py:183} INFO - Processing /opt/airflow/dags/bq_dbt.py took 0.023 seconds
[2024-04-27T07:30:42.707+0000] {processor.py:161} INFO - Started process (PID=30183) to work on /opt/airflow/dags/bq_dbt.py
[2024-04-27T07:30:42.707+0000] {processor.py:830} INFO - Processing file /opt/airflow/dags/bq_dbt.py for tasks to queue
[2024-04-27T07:30:42.708+0000] {logging_mixin.py:188} INFO - [2024-04-27T07:30:42.708+0000] {dagbag.py:540} INFO - Filling up the DagBag from /opt/airflow/dags/bq_dbt.py
[2024-04-27T07:30:42.710+0000] {processor.py:842} WARNING - No viable dags retrieved from /opt/airflow/dags/bq_dbt.py
[2024-04-27T07:30:42.721+0000] {processor.py:183} INFO - Processing /opt/airflow/dags/bq_dbt.py took 0.020 seconds
[2024-04-27T07:31:13.295+0000] {processor.py:161} INFO - Started process (PID=30455) to work on /opt/airflow/dags/bq_dbt.py
[2024-04-27T07:31:13.296+0000] {processor.py:830} INFO - Processing file /opt/airflow/dags/bq_dbt.py for tasks to queue
[2024-04-27T07:31:13.297+0000] {logging_mixin.py:188} INFO - [2024-04-27T07:31:13.297+0000] {dagbag.py:540} INFO - Filling up the DagBag from /opt/airflow/dags/bq_dbt.py
[2024-04-27T07:31:13.299+0000] {processor.py:842} WARNING - No viable dags retrieved from /opt/airflow/dags/bq_dbt.py
[2024-04-27T07:31:13.310+0000] {processor.py:183} INFO - Processing /opt/airflow/dags/bq_dbt.py took 0.019 seconds
[2024-04-27T07:31:43.581+0000] {processor.py:161} INFO - Started process (PID=30726) to work on /opt/airflow/dags/bq_dbt.py
[2024-04-27T07:31:43.582+0000] {processor.py:830} INFO - Processing file /opt/airflow/dags/bq_dbt.py for tasks to queue
[2024-04-27T07:31:43.583+0000] {logging_mixin.py:188} INFO - [2024-04-27T07:31:43.583+0000] {dagbag.py:540} INFO - Filling up the DagBag from /opt/airflow/dags/bq_dbt.py
[2024-04-27T07:31:43.585+0000] {processor.py:842} WARNING - No viable dags retrieved from /opt/airflow/dags/bq_dbt.py
[2024-04-27T07:31:43.595+0000] {processor.py:183} INFO - Processing /opt/airflow/dags/bq_dbt.py took 0.019 seconds
[2024-04-27T07:32:13.668+0000] {processor.py:161} INFO - Started process (PID=30997) to work on /opt/airflow/dags/bq_dbt.py
[2024-04-27T07:32:13.669+0000] {processor.py:830} INFO - Processing file /opt/airflow/dags/bq_dbt.py for tasks to queue
[2024-04-27T07:32:13.670+0000] {logging_mixin.py:188} INFO - [2024-04-27T07:32:13.670+0000] {dagbag.py:540} INFO - Filling up the DagBag from /opt/airflow/dags/bq_dbt.py
[2024-04-27T07:32:13.672+0000] {processor.py:842} WARNING - No viable dags retrieved from /opt/airflow/dags/bq_dbt.py
[2024-04-27T07:32:13.688+0000] {processor.py:183} INFO - Processing /opt/airflow/dags/bq_dbt.py took 0.028 seconds
[2024-04-27T07:32:43.728+0000] {processor.py:161} INFO - Started process (PID=31269) to work on /opt/airflow/dags/bq_dbt.py
[2024-04-27T07:32:43.728+0000] {processor.py:830} INFO - Processing file /opt/airflow/dags/bq_dbt.py for tasks to queue
[2024-04-27T07:32:43.729+0000] {logging_mixin.py:188} INFO - [2024-04-27T07:32:43.729+0000] {dagbag.py:540} INFO - Filling up the DagBag from /opt/airflow/dags/bq_dbt.py
[2024-04-27T07:32:43.731+0000] {processor.py:842} WARNING - No viable dags retrieved from /opt/airflow/dags/bq_dbt.py
[2024-04-27T07:32:43.741+0000] {processor.py:183} INFO - Processing /opt/airflow/dags/bq_dbt.py took 0.018 seconds
[2024-04-27T07:33:14.129+0000] {processor.py:161} INFO - Started process (PID=31540) to work on /opt/airflow/dags/bq_dbt.py
[2024-04-27T07:33:14.130+0000] {processor.py:830} INFO - Processing file /opt/airflow/dags/bq_dbt.py for tasks to queue
[2024-04-27T07:33:14.131+0000] {logging_mixin.py:188} INFO - [2024-04-27T07:33:14.130+0000] {dagbag.py:540} INFO - Filling up the DagBag from /opt/airflow/dags/bq_dbt.py
[2024-04-27T07:33:14.132+0000] {processor.py:842} WARNING - No viable dags retrieved from /opt/airflow/dags/bq_dbt.py
[2024-04-27T07:33:14.143+0000] {processor.py:183} INFO - Processing /opt/airflow/dags/bq_dbt.py took 0.019 seconds
[2024-04-27T07:33:44.842+0000] {processor.py:161} INFO - Started process (PID=31810) to work on /opt/airflow/dags/bq_dbt.py
[2024-04-27T07:33:44.844+0000] {processor.py:830} INFO - Processing file /opt/airflow/dags/bq_dbt.py for tasks to queue
[2024-04-27T07:33:44.845+0000] {logging_mixin.py:188} INFO - [2024-04-27T07:33:44.844+0000] {dagbag.py:540} INFO - Filling up the DagBag from /opt/airflow/dags/bq_dbt.py
[2024-04-27T07:33:44.847+0000] {processor.py:842} WARNING - No viable dags retrieved from /opt/airflow/dags/bq_dbt.py
[2024-04-27T07:33:44.863+0000] {processor.py:183} INFO - Processing /opt/airflow/dags/bq_dbt.py took 0.027 seconds
[2024-04-27T07:34:15.070+0000] {processor.py:161} INFO - Started process (PID=32081) to work on /opt/airflow/dags/bq_dbt.py
[2024-04-27T07:34:15.071+0000] {processor.py:830} INFO - Processing file /opt/airflow/dags/bq_dbt.py for tasks to queue
[2024-04-27T07:34:15.071+0000] {logging_mixin.py:188} INFO - [2024-04-27T07:34:15.071+0000] {dagbag.py:540} INFO - Filling up the DagBag from /opt/airflow/dags/bq_dbt.py
[2024-04-27T07:34:15.073+0000] {processor.py:842} WARNING - No viable dags retrieved from /opt/airflow/dags/bq_dbt.py
[2024-04-27T07:34:15.083+0000] {processor.py:183} INFO - Processing /opt/airflow/dags/bq_dbt.py took 0.018 seconds
[2024-04-27T07:34:45.127+0000] {processor.py:161} INFO - Started process (PID=32353) to work on /opt/airflow/dags/bq_dbt.py
[2024-04-27T07:34:45.129+0000] {processor.py:830} INFO - Processing file /opt/airflow/dags/bq_dbt.py for tasks to queue
[2024-04-27T07:34:45.130+0000] {logging_mixin.py:188} INFO - [2024-04-27T07:34:45.129+0000] {dagbag.py:540} INFO - Filling up the DagBag from /opt/airflow/dags/bq_dbt.py
[2024-04-27T07:34:45.132+0000] {processor.py:842} WARNING - No viable dags retrieved from /opt/airflow/dags/bq_dbt.py
[2024-04-27T07:34:45.145+0000] {processor.py:183} INFO - Processing /opt/airflow/dags/bq_dbt.py took 0.024 seconds
[2024-04-27T07:35:15.313+0000] {processor.py:161} INFO - Started process (PID=32589) to work on /opt/airflow/dags/bq_dbt.py
[2024-04-27T07:35:15.317+0000] {processor.py:830} INFO - Processing file /opt/airflow/dags/bq_dbt.py for tasks to queue
[2024-04-27T07:35:15.318+0000] {logging_mixin.py:188} INFO - [2024-04-27T07:35:15.318+0000] {dagbag.py:540} INFO - Filling up the DagBag from /opt/airflow/dags/bq_dbt.py
[2024-04-27T07:35:15.322+0000] {processor.py:842} WARNING - No viable dags retrieved from /opt/airflow/dags/bq_dbt.py
[2024-04-27T07:35:15.344+0000] {processor.py:183} INFO - Processing /opt/airflow/dags/bq_dbt.py took 0.042 seconds
[2024-04-27T07:35:46.240+0000] {processor.py:161} INFO - Started process (PID=32860) to work on /opt/airflow/dags/bq_dbt.py
[2024-04-27T07:35:46.241+0000] {processor.py:830} INFO - Processing file /opt/airflow/dags/bq_dbt.py for tasks to queue
[2024-04-27T07:35:46.242+0000] {logging_mixin.py:188} INFO - [2024-04-27T07:35:46.242+0000] {dagbag.py:540} INFO - Filling up the DagBag from /opt/airflow/dags/bq_dbt.py
[2024-04-27T07:35:46.244+0000] {processor.py:842} WARNING - No viable dags retrieved from /opt/airflow/dags/bq_dbt.py
[2024-04-27T07:35:46.264+0000] {processor.py:183} INFO - Processing /opt/airflow/dags/bq_dbt.py took 0.030 seconds
[2024-04-27T07:36:16.652+0000] {processor.py:161} INFO - Started process (PID=33131) to work on /opt/airflow/dags/bq_dbt.py
[2024-04-27T07:36:16.653+0000] {processor.py:830} INFO - Processing file /opt/airflow/dags/bq_dbt.py for tasks to queue
[2024-04-27T07:36:16.654+0000] {logging_mixin.py:188} INFO - [2024-04-27T07:36:16.653+0000] {dagbag.py:540} INFO - Filling up the DagBag from /opt/airflow/dags/bq_dbt.py
[2024-04-27T07:36:16.656+0000] {processor.py:842} WARNING - No viable dags retrieved from /opt/airflow/dags/bq_dbt.py
[2024-04-27T07:36:16.672+0000] {processor.py:183} INFO - Processing /opt/airflow/dags/bq_dbt.py took 0.026 seconds
[2024-04-27T07:36:47.015+0000] {processor.py:161} INFO - Started process (PID=33403) to work on /opt/airflow/dags/bq_dbt.py
[2024-04-27T07:36:47.016+0000] {processor.py:830} INFO - Processing file /opt/airflow/dags/bq_dbt.py for tasks to queue
[2024-04-27T07:36:47.017+0000] {logging_mixin.py:188} INFO - [2024-04-27T07:36:47.017+0000] {dagbag.py:540} INFO - Filling up the DagBag from /opt/airflow/dags/bq_dbt.py
[2024-04-27T07:36:47.019+0000] {processor.py:842} WARNING - No viable dags retrieved from /opt/airflow/dags/bq_dbt.py
[2024-04-27T07:36:47.034+0000] {processor.py:183} INFO - Processing /opt/airflow/dags/bq_dbt.py took 0.025 seconds
[2024-04-27T07:37:17.843+0000] {processor.py:161} INFO - Started process (PID=33674) to work on /opt/airflow/dags/bq_dbt.py
[2024-04-27T07:37:17.844+0000] {processor.py:830} INFO - Processing file /opt/airflow/dags/bq_dbt.py for tasks to queue
[2024-04-27T07:37:17.845+0000] {logging_mixin.py:188} INFO - [2024-04-27T07:37:17.844+0000] {dagbag.py:540} INFO - Filling up the DagBag from /opt/airflow/dags/bq_dbt.py
[2024-04-27T07:37:17.848+0000] {processor.py:842} WARNING - No viable dags retrieved from /opt/airflow/dags/bq_dbt.py
[2024-04-27T07:37:17.870+0000] {processor.py:183} INFO - Processing /opt/airflow/dags/bq_dbt.py took 0.034 seconds
[2024-04-27T07:37:48.913+0000] {processor.py:161} INFO - Started process (PID=33946) to work on /opt/airflow/dags/bq_dbt.py
[2024-04-27T07:37:48.921+0000] {processor.py:830} INFO - Processing file /opt/airflow/dags/bq_dbt.py for tasks to queue
[2024-04-27T07:37:48.925+0000] {logging_mixin.py:188} INFO - [2024-04-27T07:37:48.925+0000] {dagbag.py:540} INFO - Filling up the DagBag from /opt/airflow/dags/bq_dbt.py
[2024-04-27T07:37:48.930+0000] {processor.py:842} WARNING - No viable dags retrieved from /opt/airflow/dags/bq_dbt.py
[2024-04-27T07:37:48.978+0000] {processor.py:183} INFO - Processing /opt/airflow/dags/bq_dbt.py took 0.106 seconds
[2024-04-27T07:38:19.795+0000] {processor.py:161} INFO - Started process (PID=34218) to work on /opt/airflow/dags/bq_dbt.py
[2024-04-27T07:38:19.802+0000] {processor.py:830} INFO - Processing file /opt/airflow/dags/bq_dbt.py for tasks to queue
[2024-04-27T07:38:19.811+0000] {logging_mixin.py:188} INFO - [2024-04-27T07:38:19.804+0000] {dagbag.py:540} INFO - Filling up the DagBag from /opt/airflow/dags/bq_dbt.py
[2024-04-27T07:38:19.820+0000] {processor.py:842} WARNING - No viable dags retrieved from /opt/airflow/dags/bq_dbt.py
[2024-04-27T07:38:19.962+0000] {processor.py:183} INFO - Processing /opt/airflow/dags/bq_dbt.py took 0.215 seconds
[2024-04-27T07:38:50.107+0000] {processor.py:161} INFO - Started process (PID=34489) to work on /opt/airflow/dags/bq_dbt.py
[2024-04-27T07:38:50.108+0000] {processor.py:830} INFO - Processing file /opt/airflow/dags/bq_dbt.py for tasks to queue
[2024-04-27T07:38:50.109+0000] {logging_mixin.py:188} INFO - [2024-04-27T07:38:50.108+0000] {dagbag.py:540} INFO - Filling up the DagBag from /opt/airflow/dags/bq_dbt.py
[2024-04-27T07:38:50.111+0000] {processor.py:842} WARNING - No viable dags retrieved from /opt/airflow/dags/bq_dbt.py
[2024-04-27T07:38:50.123+0000] {processor.py:183} INFO - Processing /opt/airflow/dags/bq_dbt.py took 0.022 seconds
[2024-04-27T07:39:20.943+0000] {processor.py:161} INFO - Started process (PID=34760) to work on /opt/airflow/dags/bq_dbt.py
[2024-04-27T07:39:20.944+0000] {processor.py:830} INFO - Processing file /opt/airflow/dags/bq_dbt.py for tasks to queue
[2024-04-27T07:39:20.945+0000] {logging_mixin.py:188} INFO - [2024-04-27T07:39:20.945+0000] {dagbag.py:540} INFO - Filling up the DagBag from /opt/airflow/dags/bq_dbt.py
[2024-04-27T07:39:20.947+0000] {processor.py:842} WARNING - No viable dags retrieved from /opt/airflow/dags/bq_dbt.py
[2024-04-27T07:39:20.958+0000] {processor.py:183} INFO - Processing /opt/airflow/dags/bq_dbt.py took 0.021 seconds
[2024-04-27T07:39:51.708+0000] {processor.py:161} INFO - Started process (PID=35031) to work on /opt/airflow/dags/bq_dbt.py
[2024-04-27T07:39:51.709+0000] {processor.py:830} INFO - Processing file /opt/airflow/dags/bq_dbt.py for tasks to queue
[2024-04-27T07:39:51.711+0000] {logging_mixin.py:188} INFO - [2024-04-27T07:39:51.710+0000] {dagbag.py:540} INFO - Filling up the DagBag from /opt/airflow/dags/bq_dbt.py
[2024-04-27T07:39:51.712+0000] {processor.py:842} WARNING - No viable dags retrieved from /opt/airflow/dags/bq_dbt.py
[2024-04-27T07:39:51.724+0000] {processor.py:183} INFO - Processing /opt/airflow/dags/bq_dbt.py took 0.023 seconds
[2024-04-27T07:40:21.977+0000] {processor.py:161} INFO - Started process (PID=35303) to work on /opt/airflow/dags/bq_dbt.py
[2024-04-27T07:40:21.978+0000] {processor.py:830} INFO - Processing file /opt/airflow/dags/bq_dbt.py for tasks to queue
[2024-04-27T07:40:21.979+0000] {logging_mixin.py:188} INFO - [2024-04-27T07:40:21.978+0000] {dagbag.py:540} INFO - Filling up the DagBag from /opt/airflow/dags/bq_dbt.py
[2024-04-27T07:40:21.981+0000] {processor.py:842} WARNING - No viable dags retrieved from /opt/airflow/dags/bq_dbt.py
[2024-04-27T07:40:21.996+0000] {processor.py:183} INFO - Processing /opt/airflow/dags/bq_dbt.py took 0.026 seconds
[2024-04-27T07:40:52.839+0000] {processor.py:161} INFO - Started process (PID=35574) to work on /opt/airflow/dags/bq_dbt.py
[2024-04-27T07:40:52.840+0000] {processor.py:830} INFO - Processing file /opt/airflow/dags/bq_dbt.py for tasks to queue
[2024-04-27T07:40:52.841+0000] {logging_mixin.py:188} INFO - [2024-04-27T07:40:52.841+0000] {dagbag.py:540} INFO - Filling up the DagBag from /opt/airflow/dags/bq_dbt.py
[2024-04-27T07:40:52.843+0000] {processor.py:842} WARNING - No viable dags retrieved from /opt/airflow/dags/bq_dbt.py
[2024-04-27T07:40:52.855+0000] {processor.py:183} INFO - Processing /opt/airflow/dags/bq_dbt.py took 0.021 seconds
[2024-04-27T07:41:23.215+0000] {processor.py:161} INFO - Started process (PID=35846) to work on /opt/airflow/dags/bq_dbt.py
[2024-04-27T07:41:23.216+0000] {processor.py:830} INFO - Processing file /opt/airflow/dags/bq_dbt.py for tasks to queue
[2024-04-27T07:41:23.218+0000] {logging_mixin.py:188} INFO - [2024-04-27T07:41:23.217+0000] {dagbag.py:540} INFO - Filling up the DagBag from /opt/airflow/dags/bq_dbt.py
[2024-04-27T07:41:23.219+0000] {processor.py:842} WARNING - No viable dags retrieved from /opt/airflow/dags/bq_dbt.py
[2024-04-27T07:41:23.231+0000] {processor.py:183} INFO - Processing /opt/airflow/dags/bq_dbt.py took 0.022 seconds
[2024-04-27T07:41:53.346+0000] {processor.py:161} INFO - Started process (PID=36118) to work on /opt/airflow/dags/bq_dbt.py
[2024-04-27T07:41:53.353+0000] {processor.py:830} INFO - Processing file /opt/airflow/dags/bq_dbt.py for tasks to queue
[2024-04-27T07:41:53.354+0000] {logging_mixin.py:188} INFO - [2024-04-27T07:41:53.353+0000] {dagbag.py:540} INFO - Filling up the DagBag from /opt/airflow/dags/bq_dbt.py
[2024-04-27T07:41:53.356+0000] {processor.py:842} WARNING - No viable dags retrieved from /opt/airflow/dags/bq_dbt.py
[2024-04-27T07:41:53.369+0000] {processor.py:183} INFO - Processing /opt/airflow/dags/bq_dbt.py took 0.030 seconds
[2024-04-27T07:42:23.602+0000] {processor.py:161} INFO - Started process (PID=36389) to work on /opt/airflow/dags/bq_dbt.py
[2024-04-27T07:42:23.603+0000] {processor.py:830} INFO - Processing file /opt/airflow/dags/bq_dbt.py for tasks to queue
[2024-04-27T07:42:23.604+0000] {logging_mixin.py:188} INFO - [2024-04-27T07:42:23.604+0000] {dagbag.py:540} INFO - Filling up the DagBag from /opt/airflow/dags/bq_dbt.py
[2024-04-27T07:42:23.605+0000] {processor.py:842} WARNING - No viable dags retrieved from /opt/airflow/dags/bq_dbt.py
[2024-04-27T07:42:23.615+0000] {processor.py:183} INFO - Processing /opt/airflow/dags/bq_dbt.py took 0.020 seconds
[2024-04-27T07:42:54.258+0000] {processor.py:161} INFO - Started process (PID=36635) to work on /opt/airflow/dags/bq_dbt.py
[2024-04-27T07:42:54.259+0000] {processor.py:830} INFO - Processing file /opt/airflow/dags/bq_dbt.py for tasks to queue
[2024-04-27T07:42:54.261+0000] {logging_mixin.py:188} INFO - [2024-04-27T07:42:54.260+0000] {dagbag.py:540} INFO - Filling up the DagBag from /opt/airflow/dags/bq_dbt.py
[2024-04-27T07:42:54.263+0000] {processor.py:842} WARNING - No viable dags retrieved from /opt/airflow/dags/bq_dbt.py
[2024-04-27T07:42:54.277+0000] {processor.py:183} INFO - Processing /opt/airflow/dags/bq_dbt.py took 0.025 seconds
[2024-04-27T07:43:25.235+0000] {processor.py:161} INFO - Started process (PID=36907) to work on /opt/airflow/dags/bq_dbt.py
[2024-04-27T07:43:25.236+0000] {processor.py:830} INFO - Processing file /opt/airflow/dags/bq_dbt.py for tasks to queue
[2024-04-27T07:43:25.237+0000] {logging_mixin.py:188} INFO - [2024-04-27T07:43:25.237+0000] {dagbag.py:540} INFO - Filling up the DagBag from /opt/airflow/dags/bq_dbt.py
[2024-04-27T07:43:25.239+0000] {processor.py:842} WARNING - No viable dags retrieved from /opt/airflow/dags/bq_dbt.py
[2024-04-27T07:43:25.254+0000] {processor.py:183} INFO - Processing /opt/airflow/dags/bq_dbt.py took 0.025 seconds
[2024-04-27T07:43:55.547+0000] {processor.py:161} INFO - Started process (PID=37179) to work on /opt/airflow/dags/bq_dbt.py
[2024-04-27T07:43:55.549+0000] {processor.py:830} INFO - Processing file /opt/airflow/dags/bq_dbt.py for tasks to queue
[2024-04-27T07:43:55.559+0000] {logging_mixin.py:188} INFO - [2024-04-27T07:43:55.558+0000] {dagbag.py:540} INFO - Filling up the DagBag from /opt/airflow/dags/bq_dbt.py
[2024-04-27T07:43:55.565+0000] {processor.py:842} WARNING - No viable dags retrieved from /opt/airflow/dags/bq_dbt.py
[2024-04-27T07:43:55.587+0000] {processor.py:183} INFO - Processing /opt/airflow/dags/bq_dbt.py took 0.047 seconds
