[2024-04-27T06:52:53.442+0000] {local_task_job_runner.py:120} INFO - ::group::Pre task execution logs
[2024-04-27T06:52:53.845+0000] {taskinstance.py:2073} INFO - Dependencies all met for dep_context=non-requeueable deps ti=<TaskInstance: etl.upload_file_name scheduled__2024-04-26T00:00:00+00:00 [queued]>
[2024-04-27T06:52:54.040+0000] {taskinstance.py:2073} INFO - Dependencies all met for dep_context=requeueable deps ti=<TaskInstance: etl.upload_file_name scheduled__2024-04-26T00:00:00+00:00 [queued]>
[2024-04-27T06:52:54.054+0000] {taskinstance.py:2303} INFO - Starting attempt 2 of 2
[2024-04-27T06:52:54.253+0000] {taskinstance.py:2327} INFO - Executing <Task(LocalFilesystemToGCSOperator): upload_file_name> on 2024-04-26 00:00:00+00:00
[2024-04-27T06:52:54.314+0000] {standard_task_runner.py:90} INFO - Running: ['***', 'tasks', 'run', 'etl', 'upload_file_name', 'scheduled__2024-04-26T00:00:00+00:00', '--job-id', '404', '--raw', '--subdir', 'DAGS_FOLDER/etl.py', '--cfg-path', '/tmp/tmpe2nkd4at']
[2024-04-27T06:52:54.334+0000] {standard_task_runner.py:91} INFO - Job 404: Subtask upload_file_name
[2024-04-27T06:52:54.337+0000] {logging_mixin.py:188} WARNING - /home/***/.local/lib/python3.12/site-packages/***/task/task_runner/standard_task_runner.py:61 DeprecationWarning: This process (pid=9944) is multi-threaded, use of fork() may lead to deadlocks in the child.
[2024-04-27T06:52:54.351+0000] {standard_task_runner.py:63} INFO - Started process 10084 to run task
[2024-04-27T06:52:54.698+0000] {task_command.py:426} INFO - Running <TaskInstance: etl.upload_file_name scheduled__2024-04-26T00:00:00+00:00 [running]> on host b619dce40a27
[2024-04-27T06:52:55.997+0000] {taskinstance.py:2644} INFO - Exporting env vars: AIRFLOW_CTX_DAG_OWNER='***' AIRFLOW_CTX_DAG_ID='etl' AIRFLOW_CTX_TASK_ID='upload_file_name' AIRFLOW_CTX_EXECUTION_DATE='2024-04-26T00:00:00+00:00' AIRFLOW_CTX_TRY_NUMBER='2' AIRFLOW_CTX_DAG_RUN_ID='scheduled__2024-04-26T00:00:00+00:00'
[2024-04-27T06:52:56.025+0000] {taskinstance.py:430} INFO - ::endgroup::
[2024-04-27T06:52:56.129+0000] {connection.py:274} WARNING - Connection schemes (type: google_cloud_platform) shall not contain '_' according to RFC3986.
[2024-04-27T06:52:56.209+0000] {base.py:84} INFO - Using connection ID 'my_gcp_conn' for task execution.
[2024-04-27T06:52:58.674+0000] {gcs.py:557} INFO - File /opt/***/dags/data/product_category_name_translation.csv uploaded to product_category_name_translation.csv in swu-ds-525-112233 bucket
[2024-04-27T06:52:58.675+0000] {taskinstance.py:441} INFO - ::group::Post task execution logs
[2024-04-27T06:52:58.951+0000] {taskinstance.py:1205} INFO - Marking task as SUCCESS. dag_id=etl, task_id=upload_file_name, execution_date=20240426T000000, start_date=20240427T065253, end_date=20240427T065258
[2024-04-27T06:52:59.316+0000] {local_task_job_runner.py:240} INFO - Task exited with return code 0
[2024-04-27T06:52:59.711+0000] {taskinstance.py:3482} INFO - 0 downstream tasks scheduled from follow-on schedule check
[2024-04-27T06:52:59.729+0000] {local_task_job_runner.py:222} INFO - ::endgroup::
